Copyright 1986-2021 Xilinx, Inc. All Rights Reserved.
--------------------------------------------------------------------------------------------------------------------------------------------------------------------------------------------
| Tool Version : Vivado v.2021.1 (win64) Build 3247384 Thu Jun 10 19:36:33 MDT 2021
| Date         : Wed Nov 20 15:21:14 2024
| Host         : P1-03 running 64-bit major release  (build 9200)
| Command      : report_timing_summary -max_paths 10 -file stepper_timing_summary_routed.rpt -pb stepper_timing_summary_routed.pb -rpx stepper_timing_summary_routed.rpx -warn_on_violation
| Design       : stepper
| Device       : 7a100t-csg324
| Speed File   : -1  PRODUCTION 1.23 2018-06-13
--------------------------------------------------------------------------------------------------------------------------------------------------------------------------------------------

Timing Summary Report

------------------------------------------------------------------------------------------------
| Timer Settings
| --------------
------------------------------------------------------------------------------------------------

  Enable Multi Corner Analysis               :  Yes
  Enable Pessimism Removal                   :  Yes
  Pessimism Removal Resolution               :  Nearest Common Node
  Enable Input Delay Default Clock           :  No
  Enable Preset / Clear Arcs                 :  No
  Disable Flight Delays                      :  No
  Ignore I/O Paths                           :  No
  Timing Early Launch at Borrowing Latches   :  No
  Borrow Time for Max Delay Exceptions       :  Yes
  Merge Timing Exceptions                    :  Yes

  Corner  Analyze    Analyze    
  Name    Max Paths  Min Paths  
  ------  ---------  ---------  
  Slow    Yes        Yes        
  Fast    Yes        Yes        


------------------------------------------------------------------------------------------------
| Report Methodology
| ------------------
------------------------------------------------------------------------------------------------

Rule       Severity  Description                    Violations  
---------  --------  -----------------------------  ----------  
TIMING-18  Warning   Missing input or output delay  25          

Note: This report is based on the most recent report_methodology run and may not be up-to-date. Run report_methodology on the current design for the latest report.



check_timing report

Table of Contents
-----------------
1. checking no_clock (0)
2. checking constant_clock (0)
3. checking pulse_width_clock (0)
4. checking unconstrained_internal_endpoints (0)
5. checking no_input_delay (4)
6. checking no_output_delay (21)
7. checking multiple_clock (0)
8. checking generated_clocks (0)
9. checking loops (0)
10. checking partial_input_delay (0)
11. checking partial_output_delay (0)
12. checking latch_loops (0)

1. checking no_clock (0)
------------------------
 There are 0 register/latch pins with no clock.


2. checking constant_clock (0)
------------------------------
 There are 0 register/latch pins with constant_clock.


3. checking pulse_width_clock (0)
---------------------------------
 There are 0 register/latch pins which need pulse_width check


4. checking unconstrained_internal_endpoints (0)
------------------------------------------------
 There are 0 pins that are not constrained for maximum delay.

 There are 0 pins that are not constrained for maximum delay due to constant clock.


5. checking no_input_delay (4)
------------------------------
 There are 4 input ports with no input delay specified. (HIGH)

 There are 0 input ports with no input delay but user has a false path constraint.


6. checking no_output_delay (21)
--------------------------------
 There are 21 ports with no output delay specified. (HIGH)

 There are 0 ports with no output delay but user has a false path constraint

 There are 0 ports with no output delay but with a timing clock defined on it or propagating through it


7. checking multiple_clock (0)
------------------------------
 There are 0 register/latch pins with multiple clocks.


8. checking generated_clocks (0)
--------------------------------
 There are 0 generated clocks that are not connected to a clock source.


9. checking loops (0)
---------------------
 There are 0 combinational loops in the design.


10. checking partial_input_delay (0)
------------------------------------
 There are 0 input ports with partial input delay specified.


11. checking partial_output_delay (0)
-------------------------------------
 There are 0 ports with partial output delay specified.


12. checking latch_loops (0)
----------------------------
 There are 0 combinational latch loops in the design through latch input



------------------------------------------------------------------------------------------------
| Design Timing Summary
| ---------------------
------------------------------------------------------------------------------------------------

    WNS(ns)      TNS(ns)  TNS Failing Endpoints  TNS Total Endpoints      WHS(ns)      THS(ns)  THS Failing Endpoints  THS Total Endpoints     WPWS(ns)     TPWS(ns)  TPWS Failing Endpoints  TPWS Total Endpoints  
    -------      -------  ---------------------  -------------------      -------      -------  ---------------------  -------------------     --------     --------  ----------------------  --------------------  
      4.599        0.000                      0                  241        0.109        0.000                      0                  241        3.750        0.000                       0                   120  


All user specified timing constraints are met.


------------------------------------------------------------------------------------------------
| Clock Summary
| -------------
------------------------------------------------------------------------------------------------

Clock        Waveform(ns)       Period(ns)      Frequency(MHz)
-----        ------------       ----------      --------------
sys_clk_pin  {0.000 5.000}      10.000          100.000         


------------------------------------------------------------------------------------------------
| Intra Clock Table
| -----------------
------------------------------------------------------------------------------------------------

Clock             WNS(ns)      TNS(ns)  TNS Failing Endpoints  TNS Total Endpoints      WHS(ns)      THS(ns)  THS Failing Endpoints  THS Total Endpoints     WPWS(ns)     TPWS(ns)  TPWS Failing Endpoints  TPWS Total Endpoints  
-----             -------      -------  ---------------------  -------------------      -------      -------  ---------------------  -------------------     --------     --------  ----------------------  --------------------  
sys_clk_pin         4.599        0.000                      0                  241        0.109        0.000                      0                  241        3.750        0.000                       0                   120  


------------------------------------------------------------------------------------------------
| Inter Clock Table
| -----------------
------------------------------------------------------------------------------------------------

From Clock    To Clock          WNS(ns)      TNS(ns)  TNS Failing Endpoints  TNS Total Endpoints      WHS(ns)      THS(ns)  THS Failing Endpoints  THS Total Endpoints  
----------    --------          -------      -------  ---------------------  -------------------      -------      -------  ---------------------  -------------------  


------------------------------------------------------------------------------------------------
| Other Path Groups Table
| -----------------------
------------------------------------------------------------------------------------------------

Path Group    From Clock    To Clock          WNS(ns)      TNS(ns)  TNS Failing Endpoints  TNS Total Endpoints      WHS(ns)      THS(ns)  THS Failing Endpoints  THS Total Endpoints  
----------    ----------    --------          -------      -------  ---------------------  -------------------      -------      -------  ---------------------  -------------------  


------------------------------------------------------------------------------------------------
| Timing Details
| --------------
------------------------------------------------------------------------------------------------


---------------------------------------------------------------------------------------------------
From Clock:  sys_clk_pin
  To Clock:  sys_clk_pin

Setup :            0  Failing Endpoints,  Worst Slack        4.599ns,  Total Violation        0.000ns
Hold  :            0  Failing Endpoints,  Worst Slack        0.109ns,  Total Violation        0.000ns
PW    :            0  Failing Endpoints,  Worst Slack        3.750ns,  Total Violation        0.000ns
---------------------------------------------------------------------------------------------------


Max Delay Paths
--------------------------------------------------------------------------------------
Slack (MET) :             4.599ns  (required time - arrival time)
  Source:                 count_reg[5]/C
                            (rising edge-triggered cell FDRE clocked by sys_clk_pin  {rise@0.000ns fall@5.000ns period=10.000ns})
  Destination:            current_reg[5]/R
                            (rising edge-triggered cell FDRE clocked by sys_clk_pin  {rise@0.000ns fall@5.000ns period=10.000ns})
  Path Group:             sys_clk_pin
  Path Type:              Setup (Max at Slow Process Corner)
  Requirement:            10.000ns  (sys_clk_pin rise@10.000ns - sys_clk_pin rise@0.000ns)
  Data Path Delay:        4.917ns  (logic 0.952ns (19.362%)  route 3.965ns (80.638%))
  Logic Levels:           4  (LUT4=1 LUT5=1 LUT6=2)
  Clock Path Skew:        -0.020ns (DCD - SCD + CPR)
    Destination Clock Delay (DCD):    5.026ns = ( 15.026 - 10.000 ) 
    Source Clock Delay      (SCD):    5.321ns
    Clock Pessimism Removal (CPR):    0.275ns
  Clock Uncertainty:      0.035ns  ((TSJ^2 + TIJ^2)^1/2 + DJ) / 2 + PE
    Total System Jitter     (TSJ):    0.071ns
    Total Input Jitter      (TIJ):    0.000ns
    Discrete Jitter          (DJ):    0.000ns
    Phase Error              (PE):    0.000ns

    Location             Delay type                Incr(ns)  Path(ns)    Netlist Resource(s)
  -------------------------------------------------------------------    -------------------
                         (clock sys_clk_pin rise edge)
                                                      0.000     0.000 r  
    E3                                                0.000     0.000 r  CLK100MHZ (IN)
                         net (fo=0)                   0.000     0.000    CLK100MHZ
    E3                   IBUF (Prop_ibuf_I_O)         1.482     1.482 r  CLK100MHZ_IBUF_inst/O
                         net (fo=1, routed)           2.025     3.506    CLK100MHZ_IBUF
    BUFGCTRL_X0Y16       BUFG (Prop_bufg_I_O)         0.096     3.602 r  CLK100MHZ_IBUF_BUFG_inst/O
                         net (fo=119, routed)         1.718     5.321    CLK100MHZ_IBUF_BUFG
    SLICE_X3Y84          FDRE                                         r  count_reg[5]/C
  -------------------------------------------------------------------    -------------------
    SLICE_X3Y84          FDRE (Prop_fdre_C_Q)         0.456     5.777 r  count_reg[5]/Q
                         net (fo=2, routed)           1.045     6.822    count_reg[5]
    SLICE_X2Y84          LUT6 (Prop_lut6_I2_O)        0.124     6.946 r  current[7]_i_10/O
                         net (fo=1, routed)           0.306     7.252    current[7]_i_10_n_0
    SLICE_X2Y83          LUT4 (Prop_lut4_I0_O)        0.124     7.376 r  current[7]_i_5/O
                         net (fo=2, routed)           1.153     8.529    current[7]_i_5_n_0
    SLICE_X1Y88          LUT6 (Prop_lut6_I0_O)        0.124     8.653 r  current[7]_i_2/O
                         net (fo=9, routed)           0.827     9.480    current[7]_i_2_n_0
    SLICE_X1Y89          LUT5 (Prop_lut5_I0_O)        0.124     9.604 r  current[7]_i_1/O
                         net (fo=7, routed)           0.634    10.238    current[7]_i_1_n_0
    SLICE_X0Y89          FDRE                                         r  current_reg[5]/R
  -------------------------------------------------------------------    -------------------

                         (clock sys_clk_pin rise edge)
                                                     10.000    10.000 r  
    E3                                                0.000    10.000 r  CLK100MHZ (IN)
                         net (fo=0)                   0.000    10.000    CLK100MHZ
    E3                   IBUF (Prop_ibuf_I_O)         1.411    11.411 r  CLK100MHZ_IBUF_inst/O
                         net (fo=1, routed)           1.920    13.331    CLK100MHZ_IBUF
    BUFGCTRL_X0Y16       BUFG (Prop_bufg_I_O)         0.091    13.422 r  CLK100MHZ_IBUF_BUFG_inst/O
                         net (fo=119, routed)         1.603    15.026    CLK100MHZ_IBUF_BUFG
    SLICE_X0Y89          FDRE                                         r  current_reg[5]/C
                         clock pessimism              0.275    15.301    
                         clock uncertainty           -0.035    15.265    
    SLICE_X0Y89          FDRE (Setup_fdre_C_R)       -0.429    14.836    current_reg[5]
  -------------------------------------------------------------------
                         required time                         14.836    
                         arrival time                         -10.238    
  -------------------------------------------------------------------
                         slack                                  4.599    

Slack (MET) :             4.599ns  (required time - arrival time)
  Source:                 count_reg[5]/C
                            (rising edge-triggered cell FDRE clocked by sys_clk_pin  {rise@0.000ns fall@5.000ns period=10.000ns})
  Destination:            current_reg[6]/R
                            (rising edge-triggered cell FDRE clocked by sys_clk_pin  {rise@0.000ns fall@5.000ns period=10.000ns})
  Path Group:             sys_clk_pin
  Path Type:              Setup (Max at Slow Process Corner)
  Requirement:            10.000ns  (sys_clk_pin rise@10.000ns - sys_clk_pin rise@0.000ns)
  Data Path Delay:        4.917ns  (logic 0.952ns (19.362%)  route 3.965ns (80.638%))
  Logic Levels:           4  (LUT4=1 LUT5=1 LUT6=2)
  Clock Path Skew:        -0.020ns (DCD - SCD + CPR)
    Destination Clock Delay (DCD):    5.026ns = ( 15.026 - 10.000 ) 
    Source Clock Delay      (SCD):    5.321ns
    Clock Pessimism Removal (CPR):    0.275ns
  Clock Uncertainty:      0.035ns  ((TSJ^2 + TIJ^2)^1/2 + DJ) / 2 + PE
    Total System Jitter     (TSJ):    0.071ns
    Total Input Jitter      (TIJ):    0.000ns
    Discrete Jitter          (DJ):    0.000ns
    Phase Error              (PE):    0.000ns

    Location             Delay type                Incr(ns)  Path(ns)    Netlist Resource(s)
  -------------------------------------------------------------------    -------------------
                         (clock sys_clk_pin rise edge)
                                                      0.000     0.000 r  
    E3                                                0.000     0.000 r  CLK100MHZ (IN)
                         net (fo=0)                   0.000     0.000    CLK100MHZ
    E3                   IBUF (Prop_ibuf_I_O)         1.482     1.482 r  CLK100MHZ_IBUF_inst/O
                         net (fo=1, routed)           2.025     3.506    CLK100MHZ_IBUF
    BUFGCTRL_X0Y16       BUFG (Prop_bufg_I_O)         0.096     3.602 r  CLK100MHZ_IBUF_BUFG_inst/O
                         net (fo=119, routed)         1.718     5.321    CLK100MHZ_IBUF_BUFG
    SLICE_X3Y84          FDRE                                         r  count_reg[5]/C
  -------------------------------------------------------------------    -------------------
    SLICE_X3Y84          FDRE (Prop_fdre_C_Q)         0.456     5.777 r  count_reg[5]/Q
                         net (fo=2, routed)           1.045     6.822    count_reg[5]
    SLICE_X2Y84          LUT6 (Prop_lut6_I2_O)        0.124     6.946 r  current[7]_i_10/O
                         net (fo=1, routed)           0.306     7.252    current[7]_i_10_n_0
    SLICE_X2Y83          LUT4 (Prop_lut4_I0_O)        0.124     7.376 r  current[7]_i_5/O
                         net (fo=2, routed)           1.153     8.529    current[7]_i_5_n_0
    SLICE_X1Y88          LUT6 (Prop_lut6_I0_O)        0.124     8.653 r  current[7]_i_2/O
                         net (fo=9, routed)           0.827     9.480    current[7]_i_2_n_0
    SLICE_X1Y89          LUT5 (Prop_lut5_I0_O)        0.124     9.604 r  current[7]_i_1/O
                         net (fo=7, routed)           0.634    10.238    current[7]_i_1_n_0
    SLICE_X0Y89          FDRE                                         r  current_reg[6]/R
  -------------------------------------------------------------------    -------------------

                         (clock sys_clk_pin rise edge)
                                                     10.000    10.000 r  
    E3                                                0.000    10.000 r  CLK100MHZ (IN)
                         net (fo=0)                   0.000    10.000    CLK100MHZ
    E3                   IBUF (Prop_ibuf_I_O)         1.411    11.411 r  CLK100MHZ_IBUF_inst/O
                         net (fo=1, routed)           1.920    13.331    CLK100MHZ_IBUF
    BUFGCTRL_X0Y16       BUFG (Prop_bufg_I_O)         0.091    13.422 r  CLK100MHZ_IBUF_BUFG_inst/O
                         net (fo=119, routed)         1.603    15.026    CLK100MHZ_IBUF_BUFG
    SLICE_X0Y89          FDRE                                         r  current_reg[6]/C
                         clock pessimism              0.275    15.301    
                         clock uncertainty           -0.035    15.265    
    SLICE_X0Y89          FDRE (Setup_fdre_C_R)       -0.429    14.836    current_reg[6]
  -------------------------------------------------------------------
                         required time                         14.836    
                         arrival time                         -10.238    
  -------------------------------------------------------------------
                         slack                                  4.599    

Slack (MET) :             4.599ns  (required time - arrival time)
  Source:                 count_reg[5]/C
                            (rising edge-triggered cell FDRE clocked by sys_clk_pin  {rise@0.000ns fall@5.000ns period=10.000ns})
  Destination:            current_reg[7]/R
                            (rising edge-triggered cell FDRE clocked by sys_clk_pin  {rise@0.000ns fall@5.000ns period=10.000ns})
  Path Group:             sys_clk_pin
  Path Type:              Setup (Max at Slow Process Corner)
  Requirement:            10.000ns  (sys_clk_pin rise@10.000ns - sys_clk_pin rise@0.000ns)
  Data Path Delay:        4.917ns  (logic 0.952ns (19.362%)  route 3.965ns (80.638%))
  Logic Levels:           4  (LUT4=1 LUT5=1 LUT6=2)
  Clock Path Skew:        -0.020ns (DCD - SCD + CPR)
    Destination Clock Delay (DCD):    5.026ns = ( 15.026 - 10.000 ) 
    Source Clock Delay      (SCD):    5.321ns
    Clock Pessimism Removal (CPR):    0.275ns
  Clock Uncertainty:      0.035ns  ((TSJ^2 + TIJ^2)^1/2 + DJ) / 2 + PE
    Total System Jitter     (TSJ):    0.071ns
    Total Input Jitter      (TIJ):    0.000ns
    Discrete Jitter          (DJ):    0.000ns
    Phase Error              (PE):    0.000ns

    Location             Delay type                Incr(ns)  Path(ns)    Netlist Resource(s)
  -------------------------------------------------------------------    -------------------
                         (clock sys_clk_pin rise edge)
                                                      0.000     0.000 r  
    E3                                                0.000     0.000 r  CLK100MHZ (IN)
                         net (fo=0)                   0.000     0.000    CLK100MHZ
    E3                   IBUF (Prop_ibuf_I_O)         1.482     1.482 r  CLK100MHZ_IBUF_inst/O
                         net (fo=1, routed)           2.025     3.506    CLK100MHZ_IBUF
    BUFGCTRL_X0Y16       BUFG (Prop_bufg_I_O)         0.096     3.602 r  CLK100MHZ_IBUF_BUFG_inst/O
                         net (fo=119, routed)         1.718     5.321    CLK100MHZ_IBUF_BUFG
    SLICE_X3Y84          FDRE                                         r  count_reg[5]/C
  -------------------------------------------------------------------    -------------------
    SLICE_X3Y84          FDRE (Prop_fdre_C_Q)         0.456     5.777 r  count_reg[5]/Q
                         net (fo=2, routed)           1.045     6.822    count_reg[5]
    SLICE_X2Y84          LUT6 (Prop_lut6_I2_O)        0.124     6.946 r  current[7]_i_10/O
                         net (fo=1, routed)           0.306     7.252    current[7]_i_10_n_0
    SLICE_X2Y83          LUT4 (Prop_lut4_I0_O)        0.124     7.376 r  current[7]_i_5/O
                         net (fo=2, routed)           1.153     8.529    current[7]_i_5_n_0
    SLICE_X1Y88          LUT6 (Prop_lut6_I0_O)        0.124     8.653 r  current[7]_i_2/O
                         net (fo=9, routed)           0.827     9.480    current[7]_i_2_n_0
    SLICE_X1Y89          LUT5 (Prop_lut5_I0_O)        0.124     9.604 r  current[7]_i_1/O
                         net (fo=7, routed)           0.634    10.238    current[7]_i_1_n_0
    SLICE_X0Y89          FDRE                                         r  current_reg[7]/R
  -------------------------------------------------------------------    -------------------

                         (clock sys_clk_pin rise edge)
                                                     10.000    10.000 r  
    E3                                                0.000    10.000 r  CLK100MHZ (IN)
                         net (fo=0)                   0.000    10.000    CLK100MHZ
    E3                   IBUF (Prop_ibuf_I_O)         1.411    11.411 r  CLK100MHZ_IBUF_inst/O
                         net (fo=1, routed)           1.920    13.331    CLK100MHZ_IBUF
    BUFGCTRL_X0Y16       BUFG (Prop_bufg_I_O)         0.091    13.422 r  CLK100MHZ_IBUF_BUFG_inst/O
                         net (fo=119, routed)         1.603    15.026    CLK100MHZ_IBUF_BUFG
    SLICE_X0Y89          FDRE                                         r  current_reg[7]/C
                         clock pessimism              0.275    15.301    
                         clock uncertainty           -0.035    15.265    
    SLICE_X0Y89          FDRE (Setup_fdre_C_R)       -0.429    14.836    current_reg[7]
  -------------------------------------------------------------------
                         required time                         14.836    
                         arrival time                         -10.238    
  -------------------------------------------------------------------
                         slack                                  4.599    

Slack (MET) :             4.736ns  (required time - arrival time)
  Source:                 count_reg[5]/C
                            (rising edge-triggered cell FDRE clocked by sys_clk_pin  {rise@0.000ns fall@5.000ns period=10.000ns})
  Destination:            current_reg[1]/R
                            (rising edge-triggered cell FDRE clocked by sys_clk_pin  {rise@0.000ns fall@5.000ns period=10.000ns})
  Path Group:             sys_clk_pin
  Path Type:              Setup (Max at Slow Process Corner)
  Requirement:            10.000ns  (sys_clk_pin rise@10.000ns - sys_clk_pin rise@0.000ns)
  Data Path Delay:        4.779ns  (logic 0.952ns (19.923%)  route 3.827ns (80.077%))
  Logic Levels:           4  (LUT4=1 LUT5=1 LUT6=2)
  Clock Path Skew:        -0.021ns (DCD - SCD + CPR)
    Destination Clock Delay (DCD):    5.025ns = ( 15.025 - 10.000 ) 
    Source Clock Delay      (SCD):    5.321ns
    Clock Pessimism Removal (CPR):    0.275ns
  Clock Uncertainty:      0.035ns  ((TSJ^2 + TIJ^2)^1/2 + DJ) / 2 + PE
    Total System Jitter     (TSJ):    0.071ns
    Total Input Jitter      (TIJ):    0.000ns
    Discrete Jitter          (DJ):    0.000ns
    Phase Error              (PE):    0.000ns

    Location             Delay type                Incr(ns)  Path(ns)    Netlist Resource(s)
  -------------------------------------------------------------------    -------------------
                         (clock sys_clk_pin rise edge)
                                                      0.000     0.000 r  
    E3                                                0.000     0.000 r  CLK100MHZ (IN)
                         net (fo=0)                   0.000     0.000    CLK100MHZ
    E3                   IBUF (Prop_ibuf_I_O)         1.482     1.482 r  CLK100MHZ_IBUF_inst/O
                         net (fo=1, routed)           2.025     3.506    CLK100MHZ_IBUF
    BUFGCTRL_X0Y16       BUFG (Prop_bufg_I_O)         0.096     3.602 r  CLK100MHZ_IBUF_BUFG_inst/O
                         net (fo=119, routed)         1.718     5.321    CLK100MHZ_IBUF_BUFG
    SLICE_X3Y84          FDRE                                         r  count_reg[5]/C
  -------------------------------------------------------------------    -------------------
    SLICE_X3Y84          FDRE (Prop_fdre_C_Q)         0.456     5.777 r  count_reg[5]/Q
                         net (fo=2, routed)           1.045     6.822    count_reg[5]
    SLICE_X2Y84          LUT6 (Prop_lut6_I2_O)        0.124     6.946 r  current[7]_i_10/O
                         net (fo=1, routed)           0.306     7.252    current[7]_i_10_n_0
    SLICE_X2Y83          LUT4 (Prop_lut4_I0_O)        0.124     7.376 r  current[7]_i_5/O
                         net (fo=2, routed)           1.153     8.529    current[7]_i_5_n_0
    SLICE_X1Y88          LUT6 (Prop_lut6_I0_O)        0.124     8.653 r  current[7]_i_2/O
                         net (fo=9, routed)           0.827     9.480    current[7]_i_2_n_0
    SLICE_X1Y89          LUT5 (Prop_lut5_I0_O)        0.124     9.604 r  current[7]_i_1/O
                         net (fo=7, routed)           0.495    10.099    current[7]_i_1_n_0
    SLICE_X0Y88          FDRE                                         r  current_reg[1]/R
  -------------------------------------------------------------------    -------------------

                         (clock sys_clk_pin rise edge)
                                                     10.000    10.000 r  
    E3                                                0.000    10.000 r  CLK100MHZ (IN)
                         net (fo=0)                   0.000    10.000    CLK100MHZ
    E3                   IBUF (Prop_ibuf_I_O)         1.411    11.411 r  CLK100MHZ_IBUF_inst/O
                         net (fo=1, routed)           1.920    13.331    CLK100MHZ_IBUF
    BUFGCTRL_X0Y16       BUFG (Prop_bufg_I_O)         0.091    13.422 r  CLK100MHZ_IBUF_BUFG_inst/O
                         net (fo=119, routed)         1.602    15.025    CLK100MHZ_IBUF_BUFG
    SLICE_X0Y88          FDRE                                         r  current_reg[1]/C
                         clock pessimism              0.275    15.300    
                         clock uncertainty           -0.035    15.264    
    SLICE_X0Y88          FDRE (Setup_fdre_C_R)       -0.429    14.835    current_reg[1]
  -------------------------------------------------------------------
                         required time                         14.835    
                         arrival time                         -10.099    
  -------------------------------------------------------------------
                         slack                                  4.736    

Slack (MET) :             4.736ns  (required time - arrival time)
  Source:                 count_reg[5]/C
                            (rising edge-triggered cell FDRE clocked by sys_clk_pin  {rise@0.000ns fall@5.000ns period=10.000ns})
  Destination:            current_reg[2]/R
                            (rising edge-triggered cell FDRE clocked by sys_clk_pin  {rise@0.000ns fall@5.000ns period=10.000ns})
  Path Group:             sys_clk_pin
  Path Type:              Setup (Max at Slow Process Corner)
  Requirement:            10.000ns  (sys_clk_pin rise@10.000ns - sys_clk_pin rise@0.000ns)
  Data Path Delay:        4.779ns  (logic 0.952ns (19.923%)  route 3.827ns (80.077%))
  Logic Levels:           4  (LUT4=1 LUT5=1 LUT6=2)
  Clock Path Skew:        -0.021ns (DCD - SCD + CPR)
    Destination Clock Delay (DCD):    5.025ns = ( 15.025 - 10.000 ) 
    Source Clock Delay      (SCD):    5.321ns
    Clock Pessimism Removal (CPR):    0.275ns
  Clock Uncertainty:      0.035ns  ((TSJ^2 + TIJ^2)^1/2 + DJ) / 2 + PE
    Total System Jitter     (TSJ):    0.071ns
    Total Input Jitter      (TIJ):    0.000ns
    Discrete Jitter          (DJ):    0.000ns
    Phase Error              (PE):    0.000ns

    Location             Delay type                Incr(ns)  Path(ns)    Netlist Resource(s)
  -------------------------------------------------------------------    -------------------
                         (clock sys_clk_pin rise edge)
                                                      0.000     0.000 r  
    E3                                                0.000     0.000 r  CLK100MHZ (IN)
                         net (fo=0)                   0.000     0.000    CLK100MHZ
    E3                   IBUF (Prop_ibuf_I_O)         1.482     1.482 r  CLK100MHZ_IBUF_inst/O
                         net (fo=1, routed)           2.025     3.506    CLK100MHZ_IBUF
    BUFGCTRL_X0Y16       BUFG (Prop_bufg_I_O)         0.096     3.602 r  CLK100MHZ_IBUF_BUFG_inst/O
                         net (fo=119, routed)         1.718     5.321    CLK100MHZ_IBUF_BUFG
    SLICE_X3Y84          FDRE                                         r  count_reg[5]/C
  -------------------------------------------------------------------    -------------------
    SLICE_X3Y84          FDRE (Prop_fdre_C_Q)         0.456     5.777 r  count_reg[5]/Q
                         net (fo=2, routed)           1.045     6.822    count_reg[5]
    SLICE_X2Y84          LUT6 (Prop_lut6_I2_O)        0.124     6.946 r  current[7]_i_10/O
                         net (fo=1, routed)           0.306     7.252    current[7]_i_10_n_0
    SLICE_X2Y83          LUT4 (Prop_lut4_I0_O)        0.124     7.376 r  current[7]_i_5/O
                         net (fo=2, routed)           1.153     8.529    current[7]_i_5_n_0
    SLICE_X1Y88          LUT6 (Prop_lut6_I0_O)        0.124     8.653 r  current[7]_i_2/O
                         net (fo=9, routed)           0.827     9.480    current[7]_i_2_n_0
    SLICE_X1Y89          LUT5 (Prop_lut5_I0_O)        0.124     9.604 r  current[7]_i_1/O
                         net (fo=7, routed)           0.495    10.099    current[7]_i_1_n_0
    SLICE_X0Y88          FDRE                                         r  current_reg[2]/R
  -------------------------------------------------------------------    -------------------

                         (clock sys_clk_pin rise edge)
                                                     10.000    10.000 r  
    E3                                                0.000    10.000 r  CLK100MHZ (IN)
                         net (fo=0)                   0.000    10.000    CLK100MHZ
    E3                   IBUF (Prop_ibuf_I_O)         1.411    11.411 r  CLK100MHZ_IBUF_inst/O
                         net (fo=1, routed)           1.920    13.331    CLK100MHZ_IBUF
    BUFGCTRL_X0Y16       BUFG (Prop_bufg_I_O)         0.091    13.422 r  CLK100MHZ_IBUF_BUFG_inst/O
                         net (fo=119, routed)         1.602    15.025    CLK100MHZ_IBUF_BUFG
    SLICE_X0Y88          FDRE                                         r  current_reg[2]/C
                         clock pessimism              0.275    15.300    
                         clock uncertainty           -0.035    15.264    
    SLICE_X0Y88          FDRE (Setup_fdre_C_R)       -0.429    14.835    current_reg[2]
  -------------------------------------------------------------------
                         required time                         14.835    
                         arrival time                         -10.099    
  -------------------------------------------------------------------
                         slack                                  4.736    

Slack (MET) :             4.736ns  (required time - arrival time)
  Source:                 count_reg[5]/C
                            (rising edge-triggered cell FDRE clocked by sys_clk_pin  {rise@0.000ns fall@5.000ns period=10.000ns})
  Destination:            current_reg[3]/R
                            (rising edge-triggered cell FDRE clocked by sys_clk_pin  {rise@0.000ns fall@5.000ns period=10.000ns})
  Path Group:             sys_clk_pin
  Path Type:              Setup (Max at Slow Process Corner)
  Requirement:            10.000ns  (sys_clk_pin rise@10.000ns - sys_clk_pin rise@0.000ns)
  Data Path Delay:        4.779ns  (logic 0.952ns (19.923%)  route 3.827ns (80.077%))
  Logic Levels:           4  (LUT4=1 LUT5=1 LUT6=2)
  Clock Path Skew:        -0.021ns (DCD - SCD + CPR)
    Destination Clock Delay (DCD):    5.025ns = ( 15.025 - 10.000 ) 
    Source Clock Delay      (SCD):    5.321ns
    Clock Pessimism Removal (CPR):    0.275ns
  Clock Uncertainty:      0.035ns  ((TSJ^2 + TIJ^2)^1/2 + DJ) / 2 + PE
    Total System Jitter     (TSJ):    0.071ns
    Total Input Jitter      (TIJ):    0.000ns
    Discrete Jitter          (DJ):    0.000ns
    Phase Error              (PE):    0.000ns

    Location             Delay type                Incr(ns)  Path(ns)    Netlist Resource(s)
  -------------------------------------------------------------------    -------------------
                         (clock sys_clk_pin rise edge)
                                                      0.000     0.000 r  
    E3                                                0.000     0.000 r  CLK100MHZ (IN)
                         net (fo=0)                   0.000     0.000    CLK100MHZ
    E3                   IBUF (Prop_ibuf_I_O)         1.482     1.482 r  CLK100MHZ_IBUF_inst/O
                         net (fo=1, routed)           2.025     3.506    CLK100MHZ_IBUF
    BUFGCTRL_X0Y16       BUFG (Prop_bufg_I_O)         0.096     3.602 r  CLK100MHZ_IBUF_BUFG_inst/O
                         net (fo=119, routed)         1.718     5.321    CLK100MHZ_IBUF_BUFG
    SLICE_X3Y84          FDRE                                         r  count_reg[5]/C
  -------------------------------------------------------------------    -------------------
    SLICE_X3Y84          FDRE (Prop_fdre_C_Q)         0.456     5.777 r  count_reg[5]/Q
                         net (fo=2, routed)           1.045     6.822    count_reg[5]
    SLICE_X2Y84          LUT6 (Prop_lut6_I2_O)        0.124     6.946 r  current[7]_i_10/O
                         net (fo=1, routed)           0.306     7.252    current[7]_i_10_n_0
    SLICE_X2Y83          LUT4 (Prop_lut4_I0_O)        0.124     7.376 r  current[7]_i_5/O
                         net (fo=2, routed)           1.153     8.529    current[7]_i_5_n_0
    SLICE_X1Y88          LUT6 (Prop_lut6_I0_O)        0.124     8.653 r  current[7]_i_2/O
                         net (fo=9, routed)           0.827     9.480    current[7]_i_2_n_0
    SLICE_X1Y89          LUT5 (Prop_lut5_I0_O)        0.124     9.604 r  current[7]_i_1/O
                         net (fo=7, routed)           0.495    10.099    current[7]_i_1_n_0
    SLICE_X0Y88          FDRE                                         r  current_reg[3]/R
  -------------------------------------------------------------------    -------------------

                         (clock sys_clk_pin rise edge)
                                                     10.000    10.000 r  
    E3                                                0.000    10.000 r  CLK100MHZ (IN)
                         net (fo=0)                   0.000    10.000    CLK100MHZ
    E3                   IBUF (Prop_ibuf_I_O)         1.411    11.411 r  CLK100MHZ_IBUF_inst/O
                         net (fo=1, routed)           1.920    13.331    CLK100MHZ_IBUF
    BUFGCTRL_X0Y16       BUFG (Prop_bufg_I_O)         0.091    13.422 r  CLK100MHZ_IBUF_BUFG_inst/O
                         net (fo=119, routed)         1.602    15.025    CLK100MHZ_IBUF_BUFG
    SLICE_X0Y88          FDRE                                         r  current_reg[3]/C
                         clock pessimism              0.275    15.300    
                         clock uncertainty           -0.035    15.264    
    SLICE_X0Y88          FDRE (Setup_fdre_C_R)       -0.429    14.835    current_reg[3]
  -------------------------------------------------------------------
                         required time                         14.835    
                         arrival time                         -10.099    
  -------------------------------------------------------------------
                         slack                                  4.736    

Slack (MET) :             4.736ns  (required time - arrival time)
  Source:                 count_reg[5]/C
                            (rising edge-triggered cell FDRE clocked by sys_clk_pin  {rise@0.000ns fall@5.000ns period=10.000ns})
  Destination:            current_reg[4]/R
                            (rising edge-triggered cell FDRE clocked by sys_clk_pin  {rise@0.000ns fall@5.000ns period=10.000ns})
  Path Group:             sys_clk_pin
  Path Type:              Setup (Max at Slow Process Corner)
  Requirement:            10.000ns  (sys_clk_pin rise@10.000ns - sys_clk_pin rise@0.000ns)
  Data Path Delay:        4.779ns  (logic 0.952ns (19.923%)  route 3.827ns (80.077%))
  Logic Levels:           4  (LUT4=1 LUT5=1 LUT6=2)
  Clock Path Skew:        -0.021ns (DCD - SCD + CPR)
    Destination Clock Delay (DCD):    5.025ns = ( 15.025 - 10.000 ) 
    Source Clock Delay      (SCD):    5.321ns
    Clock Pessimism Removal (CPR):    0.275ns
  Clock Uncertainty:      0.035ns  ((TSJ^2 + TIJ^2)^1/2 + DJ) / 2 + PE
    Total System Jitter     (TSJ):    0.071ns
    Total Input Jitter      (TIJ):    0.000ns
    Discrete Jitter          (DJ):    0.000ns
    Phase Error              (PE):    0.000ns

    Location             Delay type                Incr(ns)  Path(ns)    Netlist Resource(s)
  -------------------------------------------------------------------    -------------------
                         (clock sys_clk_pin rise edge)
                                                      0.000     0.000 r  
    E3                                                0.000     0.000 r  CLK100MHZ (IN)
                         net (fo=0)                   0.000     0.000    CLK100MHZ
    E3                   IBUF (Prop_ibuf_I_O)         1.482     1.482 r  CLK100MHZ_IBUF_inst/O
                         net (fo=1, routed)           2.025     3.506    CLK100MHZ_IBUF
    BUFGCTRL_X0Y16       BUFG (Prop_bufg_I_O)         0.096     3.602 r  CLK100MHZ_IBUF_BUFG_inst/O
                         net (fo=119, routed)         1.718     5.321    CLK100MHZ_IBUF_BUFG
    SLICE_X3Y84          FDRE                                         r  count_reg[5]/C
  -------------------------------------------------------------------    -------------------
    SLICE_X3Y84          FDRE (Prop_fdre_C_Q)         0.456     5.777 r  count_reg[5]/Q
                         net (fo=2, routed)           1.045     6.822    count_reg[5]
    SLICE_X2Y84          LUT6 (Prop_lut6_I2_O)        0.124     6.946 r  current[7]_i_10/O
                         net (fo=1, routed)           0.306     7.252    current[7]_i_10_n_0
    SLICE_X2Y83          LUT4 (Prop_lut4_I0_O)        0.124     7.376 r  current[7]_i_5/O
                         net (fo=2, routed)           1.153     8.529    current[7]_i_5_n_0
    SLICE_X1Y88          LUT6 (Prop_lut6_I0_O)        0.124     8.653 r  current[7]_i_2/O
                         net (fo=9, routed)           0.827     9.480    current[7]_i_2_n_0
    SLICE_X1Y89          LUT5 (Prop_lut5_I0_O)        0.124     9.604 r  current[7]_i_1/O
                         net (fo=7, routed)           0.495    10.099    current[7]_i_1_n_0
    SLICE_X0Y88          FDRE                                         r  current_reg[4]/R
  -------------------------------------------------------------------    -------------------

                         (clock sys_clk_pin rise edge)
                                                     10.000    10.000 r  
    E3                                                0.000    10.000 r  CLK100MHZ (IN)
                         net (fo=0)                   0.000    10.000    CLK100MHZ
    E3                   IBUF (Prop_ibuf_I_O)         1.411    11.411 r  CLK100MHZ_IBUF_inst/O
                         net (fo=1, routed)           1.920    13.331    CLK100MHZ_IBUF
    BUFGCTRL_X0Y16       BUFG (Prop_bufg_I_O)         0.091    13.422 r  CLK100MHZ_IBUF_BUFG_inst/O
                         net (fo=119, routed)         1.602    15.025    CLK100MHZ_IBUF_BUFG
    SLICE_X0Y88          FDRE                                         r  current_reg[4]/C
                         clock pessimism              0.275    15.300    
                         clock uncertainty           -0.035    15.264    
    SLICE_X0Y88          FDRE (Setup_fdre_C_R)       -0.429    14.835    current_reg[4]
  -------------------------------------------------------------------
                         required time                         14.835    
                         arrival time                         -10.099    
  -------------------------------------------------------------------
                         slack                                  4.736    

Slack (MET) :             5.508ns  (required time - arrival time)
  Source:                 current_reg[3]/C
                            (rising edge-triggered cell FDRE clocked by sys_clk_pin  {rise@0.000ns fall@5.000ns period=10.000ns})
  Destination:            FSM_sequential_control_reg[0]/D
                            (rising edge-triggered cell FDRE clocked by sys_clk_pin  {rise@0.000ns fall@5.000ns period=10.000ns})
  Path Group:             sys_clk_pin
  Path Type:              Setup (Max at Slow Process Corner)
  Requirement:            10.000ns  (sys_clk_pin rise@10.000ns - sys_clk_pin rise@0.000ns)
  Data Path Delay:        4.353ns  (logic 1.587ns (36.458%)  route 2.766ns (63.542%))
  Logic Levels:           4  (CARRY4=1 LUT2=1 LUT6=2)
  Clock Path Skew:        -0.133ns (DCD - SCD + CPR)
    Destination Clock Delay (DCD):    5.012ns = ( 15.012 - 10.000 ) 
    Source Clock Delay      (SCD):    5.325ns
    Clock Pessimism Removal (CPR):    0.180ns
  Clock Uncertainty:      0.035ns  ((TSJ^2 + TIJ^2)^1/2 + DJ) / 2 + PE
    Total System Jitter     (TSJ):    0.071ns
    Total Input Jitter      (TIJ):    0.000ns
    Discrete Jitter          (DJ):    0.000ns
    Phase Error              (PE):    0.000ns

    Location             Delay type                Incr(ns)  Path(ns)    Netlist Resource(s)
  -------------------------------------------------------------------    -------------------
                         (clock sys_clk_pin rise edge)
                                                      0.000     0.000 r  
    E3                                                0.000     0.000 r  CLK100MHZ (IN)
                         net (fo=0)                   0.000     0.000    CLK100MHZ
    E3                   IBUF (Prop_ibuf_I_O)         1.482     1.482 r  CLK100MHZ_IBUF_inst/O
                         net (fo=1, routed)           2.025     3.506    CLK100MHZ_IBUF
    BUFGCTRL_X0Y16       BUFG (Prop_bufg_I_O)         0.096     3.602 r  CLK100MHZ_IBUF_BUFG_inst/O
                         net (fo=119, routed)         1.722     5.325    CLK100MHZ_IBUF_BUFG
    SLICE_X0Y88          FDRE                                         r  current_reg[3]/C
  -------------------------------------------------------------------    -------------------
    SLICE_X0Y88          FDRE (Prop_fdre_C_Q)         0.456     5.781 r  current_reg[3]/Q
                         net (fo=3, routed)           1.229     7.010    LED_OBUF[3]
    SLICE_X0Y87          LUT6 (Prop_lut6_I0_O)        0.124     7.134 r  current[7]_i_13/O
                         net (fo=1, routed)           0.000     7.134    current[7]_i_13_n_0
    SLICE_X0Y87          CARRY4 (Prop_carry4_S[1]_CO[2])
                                                      0.570     7.704 r  current_reg[7]_i_7/CO[2]
                         net (fo=2, routed)           0.728     8.432    current_reg[7]_i_7_n_1
    SLICE_X1Y88          LUT6 (Prop_lut6_I3_O)        0.313     8.745 r  FSM_sequential_control[1]_i_2/O
                         net (fo=2, routed)           0.809     9.554    FSM_sequential_control[1]_i_2_n_0
    SLICE_X0Y101         LUT2 (Prop_lut2_I0_O)        0.124     9.678 r  FSM_sequential_control[0]_i_1/O
                         net (fo=1, routed)           0.000     9.678    FSM_sequential_control[0]_i_1_n_0
    SLICE_X0Y101         FDRE                                         r  FSM_sequential_control_reg[0]/D
  -------------------------------------------------------------------    -------------------

                         (clock sys_clk_pin rise edge)
                                                     10.000    10.000 r  
    E3                                                0.000    10.000 r  CLK100MHZ (IN)
                         net (fo=0)                   0.000    10.000    CLK100MHZ
    E3                   IBUF (Prop_ibuf_I_O)         1.411    11.411 r  CLK100MHZ_IBUF_inst/O
                         net (fo=1, routed)           1.920    13.331    CLK100MHZ_IBUF
    BUFGCTRL_X0Y16       BUFG (Prop_bufg_I_O)         0.091    13.422 r  CLK100MHZ_IBUF_BUFG_inst/O
                         net (fo=119, routed)         1.590    15.012    CLK100MHZ_IBUF_BUFG
    SLICE_X0Y101         FDRE                                         r  FSM_sequential_control_reg[0]/C
                         clock pessimism              0.180    15.192    
                         clock uncertainty           -0.035    15.157    
    SLICE_X0Y101         FDRE (Setup_fdre_C_D)        0.029    15.186    FSM_sequential_control_reg[0]
  -------------------------------------------------------------------
                         required time                         15.186    
                         arrival time                          -9.678    
  -------------------------------------------------------------------
                         slack                                  5.508    

Slack (MET) :             5.539ns  (required time - arrival time)
  Source:                 count_reg[5]/C
                            (rising edge-triggered cell FDRE clocked by sys_clk_pin  {rise@0.000ns fall@5.000ns period=10.000ns})
  Destination:            current_reg[0]/CE
                            (rising edge-triggered cell FDRE clocked by sys_clk_pin  {rise@0.000ns fall@5.000ns period=10.000ns})
  Path Group:             sys_clk_pin
  Path Type:              Setup (Max at Slow Process Corner)
  Requirement:            10.000ns  (sys_clk_pin rise@10.000ns - sys_clk_pin rise@0.000ns)
  Data Path Delay:        4.201ns  (logic 0.828ns (19.711%)  route 3.373ns (80.289%))
  Logic Levels:           3  (LUT4=1 LUT6=2)
  Clock Path Skew:        -0.020ns (DCD - SCD + CPR)
    Destination Clock Delay (DCD):    5.026ns = ( 15.026 - 10.000 ) 
    Source Clock Delay      (SCD):    5.321ns
    Clock Pessimism Removal (CPR):    0.275ns
  Clock Uncertainty:      0.035ns  ((TSJ^2 + TIJ^2)^1/2 + DJ) / 2 + PE
    Total System Jitter     (TSJ):    0.071ns
    Total Input Jitter      (TIJ):    0.000ns
    Discrete Jitter          (DJ):    0.000ns
    Phase Error              (PE):    0.000ns

    Location             Delay type                Incr(ns)  Path(ns)    Netlist Resource(s)
  -------------------------------------------------------------------    -------------------
                         (clock sys_clk_pin rise edge)
                                                      0.000     0.000 r  
    E3                                                0.000     0.000 r  CLK100MHZ (IN)
                         net (fo=0)                   0.000     0.000    CLK100MHZ
    E3                   IBUF (Prop_ibuf_I_O)         1.482     1.482 r  CLK100MHZ_IBUF_inst/O
                         net (fo=1, routed)           2.025     3.506    CLK100MHZ_IBUF
    BUFGCTRL_X0Y16       BUFG (Prop_bufg_I_O)         0.096     3.602 r  CLK100MHZ_IBUF_BUFG_inst/O
                         net (fo=119, routed)         1.718     5.321    CLK100MHZ_IBUF_BUFG
    SLICE_X3Y84          FDRE                                         r  count_reg[5]/C
  -------------------------------------------------------------------    -------------------
    SLICE_X3Y84          FDRE (Prop_fdre_C_Q)         0.456     5.777 r  count_reg[5]/Q
                         net (fo=2, routed)           1.045     6.822    count_reg[5]
    SLICE_X2Y84          LUT6 (Prop_lut6_I2_O)        0.124     6.946 r  current[7]_i_10/O
                         net (fo=1, routed)           0.306     7.252    current[7]_i_10_n_0
    SLICE_X2Y83          LUT4 (Prop_lut4_I0_O)        0.124     7.376 r  current[7]_i_5/O
                         net (fo=2, routed)           1.153     8.529    current[7]_i_5_n_0
    SLICE_X1Y88          LUT6 (Prop_lut6_I0_O)        0.124     8.653 r  current[7]_i_2/O
                         net (fo=9, routed)           0.869     9.521    current[7]_i_2_n_0
    SLICE_X1Y89          FDRE                                         r  current_reg[0]/CE
  -------------------------------------------------------------------    -------------------

                         (clock sys_clk_pin rise edge)
                                                     10.000    10.000 r  
    E3                                                0.000    10.000 r  CLK100MHZ (IN)
                         net (fo=0)                   0.000    10.000    CLK100MHZ
    E3                   IBUF (Prop_ibuf_I_O)         1.411    11.411 r  CLK100MHZ_IBUF_inst/O
                         net (fo=1, routed)           1.920    13.331    CLK100MHZ_IBUF
    BUFGCTRL_X0Y16       BUFG (Prop_bufg_I_O)         0.091    13.422 r  CLK100MHZ_IBUF_BUFG_inst/O
                         net (fo=119, routed)         1.603    15.026    CLK100MHZ_IBUF_BUFG
    SLICE_X1Y89          FDRE                                         r  current_reg[0]/C
                         clock pessimism              0.275    15.301    
                         clock uncertainty           -0.035    15.265    
    SLICE_X1Y89          FDRE (Setup_fdre_C_CE)      -0.205    15.060    current_reg[0]
  -------------------------------------------------------------------
                         required time                         15.060    
                         arrival time                          -9.521    
  -------------------------------------------------------------------
                         slack                                  5.539    

Slack (MET) :             5.560ns  (required time - arrival time)
  Source:                 current_reg[3]/C
                            (rising edge-triggered cell FDRE clocked by sys_clk_pin  {rise@0.000ns fall@5.000ns period=10.000ns})
  Destination:            FSM_sequential_control_reg[1]/D
                            (rising edge-triggered cell FDRE clocked by sys_clk_pin  {rise@0.000ns fall@5.000ns period=10.000ns})
  Path Group:             sys_clk_pin
  Path Type:              Setup (Max at Slow Process Corner)
  Requirement:            10.000ns  (sys_clk_pin rise@10.000ns - sys_clk_pin rise@0.000ns)
  Data Path Delay:        4.347ns  (logic 1.581ns (36.370%)  route 2.766ns (63.630%))
  Logic Levels:           4  (CARRY4=1 LUT3=1 LUT6=2)
  Clock Path Skew:        -0.133ns (DCD - SCD + CPR)
    Destination Clock Delay (DCD):    5.012ns = ( 15.012 - 10.000 ) 
    Source Clock Delay      (SCD):    5.325ns
    Clock Pessimism Removal (CPR):    0.180ns
  Clock Uncertainty:      0.035ns  ((TSJ^2 + TIJ^2)^1/2 + DJ) / 2 + PE
    Total System Jitter     (TSJ):    0.071ns
    Total Input Jitter      (TIJ):    0.000ns
    Discrete Jitter          (DJ):    0.000ns
    Phase Error              (PE):    0.000ns

    Location             Delay type                Incr(ns)  Path(ns)    Netlist Resource(s)
  -------------------------------------------------------------------    -------------------
                         (clock sys_clk_pin rise edge)
                                                      0.000     0.000 r  
    E3                                                0.000     0.000 r  CLK100MHZ (IN)
                         net (fo=0)                   0.000     0.000    CLK100MHZ
    E3                   IBUF (Prop_ibuf_I_O)         1.482     1.482 r  CLK100MHZ_IBUF_inst/O
                         net (fo=1, routed)           2.025     3.506    CLK100MHZ_IBUF
    BUFGCTRL_X0Y16       BUFG (Prop_bufg_I_O)         0.096     3.602 r  CLK100MHZ_IBUF_BUFG_inst/O
                         net (fo=119, routed)         1.722     5.325    CLK100MHZ_IBUF_BUFG
    SLICE_X0Y88          FDRE                                         r  current_reg[3]/C
  -------------------------------------------------------------------    -------------------
    SLICE_X0Y88          FDRE (Prop_fdre_C_Q)         0.456     5.781 r  current_reg[3]/Q
                         net (fo=3, routed)           1.229     7.010    LED_OBUF[3]
    SLICE_X0Y87          LUT6 (Prop_lut6_I0_O)        0.124     7.134 r  current[7]_i_13/O
                         net (fo=1, routed)           0.000     7.134    current[7]_i_13_n_0
    SLICE_X0Y87          CARRY4 (Prop_carry4_S[1]_CO[2])
                                                      0.570     7.704 r  current_reg[7]_i_7/CO[2]
                         net (fo=2, routed)           0.728     8.432    current_reg[7]_i_7_n_1
    SLICE_X1Y88          LUT6 (Prop_lut6_I3_O)        0.313     8.745 r  FSM_sequential_control[1]_i_2/O
                         net (fo=2, routed)           0.809     9.554    FSM_sequential_control[1]_i_2_n_0
    SLICE_X0Y101         LUT3 (Prop_lut3_I1_O)        0.118     9.672 r  FSM_sequential_control[1]_i_1/O
                         net (fo=1, routed)           0.000     9.672    FSM_sequential_control[1]_i_1_n_0
    SLICE_X0Y101         FDRE                                         r  FSM_sequential_control_reg[1]/D
  -------------------------------------------------------------------    -------------------

                         (clock sys_clk_pin rise edge)
                                                     10.000    10.000 r  
    E3                                                0.000    10.000 r  CLK100MHZ (IN)
                         net (fo=0)                   0.000    10.000    CLK100MHZ
    E3                   IBUF (Prop_ibuf_I_O)         1.411    11.411 r  CLK100MHZ_IBUF_inst/O
                         net (fo=1, routed)           1.920    13.331    CLK100MHZ_IBUF
    BUFGCTRL_X0Y16       BUFG (Prop_bufg_I_O)         0.091    13.422 r  CLK100MHZ_IBUF_BUFG_inst/O
                         net (fo=119, routed)         1.590    15.012    CLK100MHZ_IBUF_BUFG
    SLICE_X0Y101         FDRE                                         r  FSM_sequential_control_reg[1]/C
                         clock pessimism              0.180    15.192    
                         clock uncertainty           -0.035    15.157    
    SLICE_X0Y101         FDRE (Setup_fdre_C_D)        0.075    15.232    FSM_sequential_control_reg[1]
  -------------------------------------------------------------------
                         required time                         15.232    
                         arrival time                          -9.672    
  -------------------------------------------------------------------
                         slack                                  5.560    





Min Delay Paths
--------------------------------------------------------------------------------------
Slack (MET) :             0.109ns  (arrival time - required time)
  Source:                 ps2/rx_data_reg[1]/C
                            (rising edge-triggered cell FDRE clocked by sys_clk_pin  {rise@0.000ns fall@5.000ns period=10.000ns})
  Destination:            ScanCode/MemoryArray_reg_0_15_0_0__8/SP/ADR1
                            (rising edge-triggered cell RAMS32 clocked by sys_clk_pin  {rise@0.000ns fall@5.000ns period=10.000ns})
  Path Group:             sys_clk_pin
  Path Type:              Hold (Min at Fast Process Corner)
  Requirement:            0.000ns  (sys_clk_pin rise@0.000ns - sys_clk_pin rise@0.000ns)
  Data Path Delay:        0.433ns  (logic 0.164ns (37.855%)  route 0.269ns (62.145%))
  Logic Levels:           0  
  Clock Path Skew:        0.015ns (DCD - SCD - CPR)
    Destination Clock Delay (DCD):    2.034ns
    Source Clock Delay      (SCD):    1.518ns
    Clock Pessimism Removal (CPR):    0.500ns

    Location             Delay type                Incr(ns)  Path(ns)    Netlist Resource(s)
  -------------------------------------------------------------------    -------------------
                         (clock sys_clk_pin rise edge)
                                                      0.000     0.000 r  
    E3                                                0.000     0.000 r  CLK100MHZ (IN)
                         net (fo=0)                   0.000     0.000    CLK100MHZ
    E3                   IBUF (Prop_ibuf_I_O)         0.250     0.250 r  CLK100MHZ_IBUF_inst/O
                         net (fo=1, routed)           0.644     0.894    CLK100MHZ_IBUF
    BUFGCTRL_X0Y16       BUFG (Prop_bufg_I_O)         0.026     0.920 r  CLK100MHZ_IBUF_BUFG_inst/O
                         net (fo=119, routed)         0.599     1.518    ps2/CLK100MHZ_IBUF_BUFG
    SLICE_X6Y86          FDRE                                         r  ps2/rx_data_reg[1]/C
  -------------------------------------------------------------------    -------------------
    SLICE_X6Y86          FDRE (Prop_fdre_C_Q)         0.164     1.682 r  ps2/rx_data_reg[1]/Q
                         net (fo=21, routed)          0.269     1.952    ScanCode/MemoryArray_reg_0_15_0_0__8/A1
    SLICE_X6Y85          RAMS32                                       r  ScanCode/MemoryArray_reg_0_15_0_0__8/SP/ADR1
  -------------------------------------------------------------------    -------------------

                         (clock sys_clk_pin rise edge)
                                                      0.000     0.000 r  
    E3                                                0.000     0.000 r  CLK100MHZ (IN)
                         net (fo=0)                   0.000     0.000    CLK100MHZ
    E3                   IBUF (Prop_ibuf_I_O)         0.438     0.438 r  CLK100MHZ_IBUF_inst/O
                         net (fo=1, routed)           0.699     1.136    CLK100MHZ_IBUF
    BUFGCTRL_X0Y16       BUFG (Prop_bufg_I_O)         0.029     1.165 r  CLK100MHZ_IBUF_BUFG_inst/O
                         net (fo=119, routed)         0.869     2.034    ScanCode/MemoryArray_reg_0_15_0_0__8/WCLK
    SLICE_X6Y85          RAMS32                                       r  ScanCode/MemoryArray_reg_0_15_0_0__8/SP/CLK
                         clock pessimism             -0.500     1.533    
    SLICE_X6Y85          RAMS32 (Hold_rams32_CLK_ADR1)
                                                      0.309     1.842    ScanCode/MemoryArray_reg_0_15_0_0__8/SP
  -------------------------------------------------------------------
                         required time                         -1.842    
                         arrival time                           1.952    
  -------------------------------------------------------------------
                         slack                                  0.109    

Slack (MET) :             0.109ns  (arrival time - required time)
  Source:                 ps2/rx_data_reg[1]/C
                            (rising edge-triggered cell FDRE clocked by sys_clk_pin  {rise@0.000ns fall@5.000ns period=10.000ns})
  Destination:            ScanCode/MemoryArray_reg_0_15_0_0__9/SP/ADR1
                            (rising edge-triggered cell RAMS32 clocked by sys_clk_pin  {rise@0.000ns fall@5.000ns period=10.000ns})
  Path Group:             sys_clk_pin
  Path Type:              Hold (Min at Fast Process Corner)
  Requirement:            0.000ns  (sys_clk_pin rise@0.000ns - sys_clk_pin rise@0.000ns)
  Data Path Delay:        0.433ns  (logic 0.164ns (37.855%)  route 0.269ns (62.145%))
  Logic Levels:           0  
  Clock Path Skew:        0.015ns (DCD - SCD - CPR)
    Destination Clock Delay (DCD):    2.034ns
    Source Clock Delay      (SCD):    1.518ns
    Clock Pessimism Removal (CPR):    0.500ns

    Location             Delay type                Incr(ns)  Path(ns)    Netlist Resource(s)
  -------------------------------------------------------------------    -------------------
                         (clock sys_clk_pin rise edge)
                                                      0.000     0.000 r  
    E3                                                0.000     0.000 r  CLK100MHZ (IN)
                         net (fo=0)                   0.000     0.000    CLK100MHZ
    E3                   IBUF (Prop_ibuf_I_O)         0.250     0.250 r  CLK100MHZ_IBUF_inst/O
                         net (fo=1, routed)           0.644     0.894    CLK100MHZ_IBUF
    BUFGCTRL_X0Y16       BUFG (Prop_bufg_I_O)         0.026     0.920 r  CLK100MHZ_IBUF_BUFG_inst/O
                         net (fo=119, routed)         0.599     1.518    ps2/CLK100MHZ_IBUF_BUFG
    SLICE_X6Y86          FDRE                                         r  ps2/rx_data_reg[1]/C
  -------------------------------------------------------------------    -------------------
    SLICE_X6Y86          FDRE (Prop_fdre_C_Q)         0.164     1.682 r  ps2/rx_data_reg[1]/Q
                         net (fo=21, routed)          0.269     1.952    ScanCode/MemoryArray_reg_0_15_0_0__9/A1
    SLICE_X6Y85          RAMS32                                       r  ScanCode/MemoryArray_reg_0_15_0_0__9/SP/ADR1
  -------------------------------------------------------------------    -------------------

                         (clock sys_clk_pin rise edge)
                                                      0.000     0.000 r  
    E3                                                0.000     0.000 r  CLK100MHZ (IN)
                         net (fo=0)                   0.000     0.000    CLK100MHZ
    E3                   IBUF (Prop_ibuf_I_O)         0.438     0.438 r  CLK100MHZ_IBUF_inst/O
                         net (fo=1, routed)           0.699     1.136    CLK100MHZ_IBUF
    BUFGCTRL_X0Y16       BUFG (Prop_bufg_I_O)         0.029     1.165 r  CLK100MHZ_IBUF_BUFG_inst/O
                         net (fo=119, routed)         0.869     2.034    ScanCode/MemoryArray_reg_0_15_0_0__9/WCLK
    SLICE_X6Y85          RAMS32                                       r  ScanCode/MemoryArray_reg_0_15_0_0__9/SP/CLK
                         clock pessimism             -0.500     1.533    
    SLICE_X6Y85          RAMS32 (Hold_rams32_CLK_ADR1)
                                                      0.309     1.842    ScanCode/MemoryArray_reg_0_15_0_0__9/SP
  -------------------------------------------------------------------
                         required time                         -1.842    
                         arrival time                           1.952    
  -------------------------------------------------------------------
                         slack                                  0.109    

Slack (MET) :             0.118ns  (arrival time - required time)
  Source:                 ps2/frame_reg[3]/C
                            (rising edge-triggered cell FDRE clocked by sys_clk_pin  {rise@0.000ns fall@5.000ns period=10.000ns})
  Destination:            ps2/rx_data_reg[2]/D
                            (rising edge-triggered cell FDRE clocked by sys_clk_pin  {rise@0.000ns fall@5.000ns period=10.000ns})
  Path Group:             sys_clk_pin
  Path Type:              Hold (Min at Fast Process Corner)
  Requirement:            0.000ns  (sys_clk_pin rise@0.000ns - sys_clk_pin rise@0.000ns)
  Data Path Delay:        0.207ns  (logic 0.141ns (68.037%)  route 0.066ns (31.963%))
  Logic Levels:           0  
  Clock Path Skew:        0.013ns (DCD - SCD - CPR)
    Destination Clock Delay (DCD):    2.034ns
    Source Clock Delay      (SCD):    1.518ns
    Clock Pessimism Removal (CPR):    0.502ns

    Location             Delay type                Incr(ns)  Path(ns)    Netlist Resource(s)
  -------------------------------------------------------------------    -------------------
                         (clock sys_clk_pin rise edge)
                                                      0.000     0.000 r  
    E3                                                0.000     0.000 r  CLK100MHZ (IN)
                         net (fo=0)                   0.000     0.000    CLK100MHZ
    E3                   IBUF (Prop_ibuf_I_O)         0.250     0.250 r  CLK100MHZ_IBUF_inst/O
                         net (fo=1, routed)           0.644     0.894    CLK100MHZ_IBUF
    BUFGCTRL_X0Y16       BUFG (Prop_bufg_I_O)         0.026     0.920 r  CLK100MHZ_IBUF_BUFG_inst/O
                         net (fo=119, routed)         0.599     1.518    ps2/CLK100MHZ_IBUF_BUFG
    SLICE_X7Y86          FDRE                                         r  ps2/frame_reg[3]/C
  -------------------------------------------------------------------    -------------------
    SLICE_X7Y86          FDRE (Prop_fdre_C_Q)         0.141     1.659 r  ps2/frame_reg[3]/Q
                         net (fo=3, routed)           0.066     1.726    ps2/CONV_INTEGER[2]
    SLICE_X6Y86          FDRE                                         r  ps2/rx_data_reg[2]/D
  -------------------------------------------------------------------    -------------------

                         (clock sys_clk_pin rise edge)
                                                      0.000     0.000 r  
    E3                                                0.000     0.000 r  CLK100MHZ (IN)
                         net (fo=0)                   0.000     0.000    CLK100MHZ
    E3                   IBUF (Prop_ibuf_I_O)         0.438     0.438 r  CLK100MHZ_IBUF_inst/O
                         net (fo=1, routed)           0.699     1.136    CLK100MHZ_IBUF
    BUFGCTRL_X0Y16       BUFG (Prop_bufg_I_O)         0.029     1.165 r  CLK100MHZ_IBUF_BUFG_inst/O
                         net (fo=119, routed)         0.869     2.034    ps2/CLK100MHZ_IBUF_BUFG
    SLICE_X6Y86          FDRE                                         r  ps2/rx_data_reg[2]/C
                         clock pessimism             -0.502     1.531    
    SLICE_X6Y86          FDRE (Hold_fdre_C_D)         0.076     1.607    ps2/rx_data_reg[2]
  -------------------------------------------------------------------
                         required time                         -1.607    
                         arrival time                           1.726    
  -------------------------------------------------------------------
                         slack                                  0.118    

Slack (MET) :             0.142ns  (arrival time - required time)
  Source:                 ps2/rx_data_reg[0]/C
                            (rising edge-triggered cell FDRE clocked by sys_clk_pin  {rise@0.000ns fall@5.000ns period=10.000ns})
  Destination:            ScanCode/MemoryArray_reg_0_15_0_0__8/SP/ADR0
                            (rising edge-triggered cell RAMS32 clocked by sys_clk_pin  {rise@0.000ns fall@5.000ns period=10.000ns})
  Path Group:             sys_clk_pin
  Path Type:              Hold (Min at Fast Process Corner)
  Requirement:            0.000ns  (sys_clk_pin rise@0.000ns - sys_clk_pin rise@0.000ns)
  Data Path Delay:        0.467ns  (logic 0.164ns (35.089%)  route 0.303ns (64.911%))
  Logic Levels:           0  
  Clock Path Skew:        0.015ns (DCD - SCD - CPR)
    Destination Clock Delay (DCD):    2.034ns
    Source Clock Delay      (SCD):    1.518ns
    Clock Pessimism Removal (CPR):    0.500ns

    Location             Delay type                Incr(ns)  Path(ns)    Netlist Resource(s)
  -------------------------------------------------------------------    -------------------
                         (clock sys_clk_pin rise edge)
                                                      0.000     0.000 r  
    E3                                                0.000     0.000 r  CLK100MHZ (IN)
                         net (fo=0)                   0.000     0.000    CLK100MHZ
    E3                   IBUF (Prop_ibuf_I_O)         0.250     0.250 r  CLK100MHZ_IBUF_inst/O
                         net (fo=1, routed)           0.644     0.894    CLK100MHZ_IBUF
    BUFGCTRL_X0Y16       BUFG (Prop_bufg_I_O)         0.026     0.920 r  CLK100MHZ_IBUF_BUFG_inst/O
                         net (fo=119, routed)         0.599     1.518    ps2/CLK100MHZ_IBUF_BUFG
    SLICE_X6Y86          FDRE                                         r  ps2/rx_data_reg[0]/C
  -------------------------------------------------------------------    -------------------
    SLICE_X6Y86          FDRE (Prop_fdre_C_Q)         0.164     1.682 r  ps2/rx_data_reg[0]/Q
                         net (fo=21, routed)          0.303     1.986    ScanCode/MemoryArray_reg_0_15_0_0__8/A0
    SLICE_X6Y85          RAMS32                                       r  ScanCode/MemoryArray_reg_0_15_0_0__8/SP/ADR0
  -------------------------------------------------------------------    -------------------

                         (clock sys_clk_pin rise edge)
                                                      0.000     0.000 r  
    E3                                                0.000     0.000 r  CLK100MHZ (IN)
                         net (fo=0)                   0.000     0.000    CLK100MHZ
    E3                   IBUF (Prop_ibuf_I_O)         0.438     0.438 r  CLK100MHZ_IBUF_inst/O
                         net (fo=1, routed)           0.699     1.136    CLK100MHZ_IBUF
    BUFGCTRL_X0Y16       BUFG (Prop_bufg_I_O)         0.029     1.165 r  CLK100MHZ_IBUF_BUFG_inst/O
                         net (fo=119, routed)         0.869     2.034    ScanCode/MemoryArray_reg_0_15_0_0__8/WCLK
    SLICE_X6Y85          RAMS32                                       r  ScanCode/MemoryArray_reg_0_15_0_0__8/SP/CLK
                         clock pessimism             -0.500     1.533    
    SLICE_X6Y85          RAMS32 (Hold_rams32_CLK_ADR0)
                                                      0.310     1.843    ScanCode/MemoryArray_reg_0_15_0_0__8/SP
  -------------------------------------------------------------------
                         required time                         -1.843    
                         arrival time                           1.986    
  -------------------------------------------------------------------
                         slack                                  0.142    

Slack (MET) :             0.142ns  (arrival time - required time)
  Source:                 ps2/rx_data_reg[0]/C
                            (rising edge-triggered cell FDRE clocked by sys_clk_pin  {rise@0.000ns fall@5.000ns period=10.000ns})
  Destination:            ScanCode/MemoryArray_reg_0_15_0_0__9/SP/ADR0
                            (rising edge-triggered cell RAMS32 clocked by sys_clk_pin  {rise@0.000ns fall@5.000ns period=10.000ns})
  Path Group:             sys_clk_pin
  Path Type:              Hold (Min at Fast Process Corner)
  Requirement:            0.000ns  (sys_clk_pin rise@0.000ns - sys_clk_pin rise@0.000ns)
  Data Path Delay:        0.467ns  (logic 0.164ns (35.089%)  route 0.303ns (64.911%))
  Logic Levels:           0  
  Clock Path Skew:        0.015ns (DCD - SCD - CPR)
    Destination Clock Delay (DCD):    2.034ns
    Source Clock Delay      (SCD):    1.518ns
    Clock Pessimism Removal (CPR):    0.500ns

    Location             Delay type                Incr(ns)  Path(ns)    Netlist Resource(s)
  -------------------------------------------------------------------    -------------------
                         (clock sys_clk_pin rise edge)
                                                      0.000     0.000 r  
    E3                                                0.000     0.000 r  CLK100MHZ (IN)
                         net (fo=0)                   0.000     0.000    CLK100MHZ
    E3                   IBUF (Prop_ibuf_I_O)         0.250     0.250 r  CLK100MHZ_IBUF_inst/O
                         net (fo=1, routed)           0.644     0.894    CLK100MHZ_IBUF
    BUFGCTRL_X0Y16       BUFG (Prop_bufg_I_O)         0.026     0.920 r  CLK100MHZ_IBUF_BUFG_inst/O
                         net (fo=119, routed)         0.599     1.518    ps2/CLK100MHZ_IBUF_BUFG
    SLICE_X6Y86          FDRE                                         r  ps2/rx_data_reg[0]/C
  -------------------------------------------------------------------    -------------------
    SLICE_X6Y86          FDRE (Prop_fdre_C_Q)         0.164     1.682 r  ps2/rx_data_reg[0]/Q
                         net (fo=21, routed)          0.303     1.986    ScanCode/MemoryArray_reg_0_15_0_0__9/A0
    SLICE_X6Y85          RAMS32                                       r  ScanCode/MemoryArray_reg_0_15_0_0__9/SP/ADR0
  -------------------------------------------------------------------    -------------------

                         (clock sys_clk_pin rise edge)
                                                      0.000     0.000 r  
    E3                                                0.000     0.000 r  CLK100MHZ (IN)
                         net (fo=0)                   0.000     0.000    CLK100MHZ
    E3                   IBUF (Prop_ibuf_I_O)         0.438     0.438 r  CLK100MHZ_IBUF_inst/O
                         net (fo=1, routed)           0.699     1.136    CLK100MHZ_IBUF
    BUFGCTRL_X0Y16       BUFG (Prop_bufg_I_O)         0.029     1.165 r  CLK100MHZ_IBUF_BUFG_inst/O
                         net (fo=119, routed)         0.869     2.034    ScanCode/MemoryArray_reg_0_15_0_0__9/WCLK
    SLICE_X6Y85          RAMS32                                       r  ScanCode/MemoryArray_reg_0_15_0_0__9/SP/CLK
                         clock pessimism             -0.500     1.533    
    SLICE_X6Y85          RAMS32 (Hold_rams32_CLK_ADR0)
                                                      0.310     1.843    ScanCode/MemoryArray_reg_0_15_0_0__9/SP
  -------------------------------------------------------------------
                         required time                         -1.843    
                         arrival time                           1.986    
  -------------------------------------------------------------------
                         slack                                  0.142    

Slack (MET) :             0.145ns  (arrival time - required time)
  Source:                 ps2/rx_data_reg[2]/C
                            (rising edge-triggered cell FDRE clocked by sys_clk_pin  {rise@0.000ns fall@5.000ns period=10.000ns})
  Destination:            ScanCode/MemoryArray_reg_0_15_0_0__4/SP/ADR2
                            (rising edge-triggered cell RAMS32 clocked by sys_clk_pin  {rise@0.000ns fall@5.000ns period=10.000ns})
  Path Group:             sys_clk_pin
  Path Type:              Hold (Min at Fast Process Corner)
  Requirement:            0.000ns  (sys_clk_pin rise@0.000ns - sys_clk_pin rise@0.000ns)
  Data Path Delay:        0.439ns  (logic 0.164ns (37.368%)  route 0.275ns (62.632%))
  Logic Levels:           0  
  Clock Path Skew:        0.040ns (DCD - SCD - CPR)
    Destination Clock Delay (DCD):    2.038ns
    Source Clock Delay      (SCD):    1.518ns
    Clock Pessimism Removal (CPR):    0.479ns

    Location             Delay type                Incr(ns)  Path(ns)    Netlist Resource(s)
  -------------------------------------------------------------------    -------------------
                         (clock sys_clk_pin rise edge)
                                                      0.000     0.000 r  
    E3                                                0.000     0.000 r  CLK100MHZ (IN)
                         net (fo=0)                   0.000     0.000    CLK100MHZ
    E3                   IBUF (Prop_ibuf_I_O)         0.250     0.250 r  CLK100MHZ_IBUF_inst/O
                         net (fo=1, routed)           0.644     0.894    CLK100MHZ_IBUF
    BUFGCTRL_X0Y16       BUFG (Prop_bufg_I_O)         0.026     0.920 r  CLK100MHZ_IBUF_BUFG_inst/O
                         net (fo=119, routed)         0.599     1.518    ps2/CLK100MHZ_IBUF_BUFG
    SLICE_X6Y86          FDRE                                         r  ps2/rx_data_reg[2]/C
  -------------------------------------------------------------------    -------------------
    SLICE_X6Y86          FDRE (Prop_fdre_C_Q)         0.164     1.682 r  ps2/rx_data_reg[2]/Q
                         net (fo=21, routed)          0.275     1.957    ScanCode/MemoryArray_reg_0_15_0_0__4/A2
    SLICE_X2Y87          RAMS32                                       r  ScanCode/MemoryArray_reg_0_15_0_0__4/SP/ADR2
  -------------------------------------------------------------------    -------------------

                         (clock sys_clk_pin rise edge)
                                                      0.000     0.000 r  
    E3                                                0.000     0.000 r  CLK100MHZ (IN)
                         net (fo=0)                   0.000     0.000    CLK100MHZ
    E3                   IBUF (Prop_ibuf_I_O)         0.438     0.438 r  CLK100MHZ_IBUF_inst/O
                         net (fo=1, routed)           0.699     1.136    CLK100MHZ_IBUF
    BUFGCTRL_X0Y16       BUFG (Prop_bufg_I_O)         0.029     1.165 r  CLK100MHZ_IBUF_BUFG_inst/O
                         net (fo=119, routed)         0.873     2.038    ScanCode/MemoryArray_reg_0_15_0_0__4/WCLK
    SLICE_X2Y87          RAMS32                                       r  ScanCode/MemoryArray_reg_0_15_0_0__4/SP/CLK
                         clock pessimism             -0.479     1.558    
    SLICE_X2Y87          RAMS32 (Hold_rams32_CLK_ADR2)
                                                      0.254     1.812    ScanCode/MemoryArray_reg_0_15_0_0__4/SP
  -------------------------------------------------------------------
                         required time                         -1.812    
                         arrival time                           1.957    
  -------------------------------------------------------------------
                         slack                                  0.145    

Slack (MET) :             0.145ns  (arrival time - required time)
  Source:                 ps2/rx_data_reg[2]/C
                            (rising edge-triggered cell FDRE clocked by sys_clk_pin  {rise@0.000ns fall@5.000ns period=10.000ns})
  Destination:            ScanCode/MemoryArray_reg_0_15_0_0__5/SP/ADR2
                            (rising edge-triggered cell RAMS32 clocked by sys_clk_pin  {rise@0.000ns fall@5.000ns period=10.000ns})
  Path Group:             sys_clk_pin
  Path Type:              Hold (Min at Fast Process Corner)
  Requirement:            0.000ns  (sys_clk_pin rise@0.000ns - sys_clk_pin rise@0.000ns)
  Data Path Delay:        0.439ns  (logic 0.164ns (37.368%)  route 0.275ns (62.632%))
  Logic Levels:           0  
  Clock Path Skew:        0.040ns (DCD - SCD - CPR)
    Destination Clock Delay (DCD):    2.038ns
    Source Clock Delay      (SCD):    1.518ns
    Clock Pessimism Removal (CPR):    0.479ns

    Location             Delay type                Incr(ns)  Path(ns)    Netlist Resource(s)
  -------------------------------------------------------------------    -------------------
                         (clock sys_clk_pin rise edge)
                                                      0.000     0.000 r  
    E3                                                0.000     0.000 r  CLK100MHZ (IN)
                         net (fo=0)                   0.000     0.000    CLK100MHZ
    E3                   IBUF (Prop_ibuf_I_O)         0.250     0.250 r  CLK100MHZ_IBUF_inst/O
                         net (fo=1, routed)           0.644     0.894    CLK100MHZ_IBUF
    BUFGCTRL_X0Y16       BUFG (Prop_bufg_I_O)         0.026     0.920 r  CLK100MHZ_IBUF_BUFG_inst/O
                         net (fo=119, routed)         0.599     1.518    ps2/CLK100MHZ_IBUF_BUFG
    SLICE_X6Y86          FDRE                                         r  ps2/rx_data_reg[2]/C
  -------------------------------------------------------------------    -------------------
    SLICE_X6Y86          FDRE (Prop_fdre_C_Q)         0.164     1.682 r  ps2/rx_data_reg[2]/Q
                         net (fo=21, routed)          0.275     1.957    ScanCode/MemoryArray_reg_0_15_0_0__5/A2
    SLICE_X2Y87          RAMS32                                       r  ScanCode/MemoryArray_reg_0_15_0_0__5/SP/ADR2
  -------------------------------------------------------------------    -------------------

                         (clock sys_clk_pin rise edge)
                                                      0.000     0.000 r  
    E3                                                0.000     0.000 r  CLK100MHZ (IN)
                         net (fo=0)                   0.000     0.000    CLK100MHZ
    E3                   IBUF (Prop_ibuf_I_O)         0.438     0.438 r  CLK100MHZ_IBUF_inst/O
                         net (fo=1, routed)           0.699     1.136    CLK100MHZ_IBUF
    BUFGCTRL_X0Y16       BUFG (Prop_bufg_I_O)         0.029     1.165 r  CLK100MHZ_IBUF_BUFG_inst/O
                         net (fo=119, routed)         0.873     2.038    ScanCode/MemoryArray_reg_0_15_0_0__5/WCLK
    SLICE_X2Y87          RAMS32                                       r  ScanCode/MemoryArray_reg_0_15_0_0__5/SP/CLK
                         clock pessimism             -0.479     1.558    
    SLICE_X2Y87          RAMS32 (Hold_rams32_CLK_ADR2)
                                                      0.254     1.812    ScanCode/MemoryArray_reg_0_15_0_0__5/SP
  -------------------------------------------------------------------
                         required time                         -1.812    
                         arrival time                           1.957    
  -------------------------------------------------------------------
                         slack                                  0.145    

Slack (MET) :             0.145ns  (arrival time - required time)
  Source:                 ps2/rx_data_reg[2]/C
                            (rising edge-triggered cell FDRE clocked by sys_clk_pin  {rise@0.000ns fall@5.000ns period=10.000ns})
  Destination:            ScanCode/MemoryArray_reg_0_15_0_0__6/SP/ADR2
                            (rising edge-triggered cell RAMS32 clocked by sys_clk_pin  {rise@0.000ns fall@5.000ns period=10.000ns})
  Path Group:             sys_clk_pin
  Path Type:              Hold (Min at Fast Process Corner)
  Requirement:            0.000ns  (sys_clk_pin rise@0.000ns - sys_clk_pin rise@0.000ns)
  Data Path Delay:        0.439ns  (logic 0.164ns (37.368%)  route 0.275ns (62.632%))
  Logic Levels:           0  
  Clock Path Skew:        0.040ns (DCD - SCD - CPR)
    Destination Clock Delay (DCD):    2.038ns
    Source Clock Delay      (SCD):    1.518ns
    Clock Pessimism Removal (CPR):    0.479ns

    Location             Delay type                Incr(ns)  Path(ns)    Netlist Resource(s)
  -------------------------------------------------------------------    -------------------
                         (clock sys_clk_pin rise edge)
                                                      0.000     0.000 r  
    E3                                                0.000     0.000 r  CLK100MHZ (IN)
                         net (fo=0)                   0.000     0.000    CLK100MHZ
    E3                   IBUF (Prop_ibuf_I_O)         0.250     0.250 r  CLK100MHZ_IBUF_inst/O
                         net (fo=1, routed)           0.644     0.894    CLK100MHZ_IBUF
    BUFGCTRL_X0Y16       BUFG (Prop_bufg_I_O)         0.026     0.920 r  CLK100MHZ_IBUF_BUFG_inst/O
                         net (fo=119, routed)         0.599     1.518    ps2/CLK100MHZ_IBUF_BUFG
    SLICE_X6Y86          FDRE                                         r  ps2/rx_data_reg[2]/C
  -------------------------------------------------------------------    -------------------
    SLICE_X6Y86          FDRE (Prop_fdre_C_Q)         0.164     1.682 r  ps2/rx_data_reg[2]/Q
                         net (fo=21, routed)          0.275     1.957    ScanCode/MemoryArray_reg_0_15_0_0__6/A2
    SLICE_X2Y87          RAMS32                                       r  ScanCode/MemoryArray_reg_0_15_0_0__6/SP/ADR2
  -------------------------------------------------------------------    -------------------

                         (clock sys_clk_pin rise edge)
                                                      0.000     0.000 r  
    E3                                                0.000     0.000 r  CLK100MHZ (IN)
                         net (fo=0)                   0.000     0.000    CLK100MHZ
    E3                   IBUF (Prop_ibuf_I_O)         0.438     0.438 r  CLK100MHZ_IBUF_inst/O
                         net (fo=1, routed)           0.699     1.136    CLK100MHZ_IBUF
    BUFGCTRL_X0Y16       BUFG (Prop_bufg_I_O)         0.029     1.165 r  CLK100MHZ_IBUF_BUFG_inst/O
                         net (fo=119, routed)         0.873     2.038    ScanCode/MemoryArray_reg_0_15_0_0__6/WCLK
    SLICE_X2Y87          RAMS32                                       r  ScanCode/MemoryArray_reg_0_15_0_0__6/SP/CLK
                         clock pessimism             -0.479     1.558    
    SLICE_X2Y87          RAMS32 (Hold_rams32_CLK_ADR2)
                                                      0.254     1.812    ScanCode/MemoryArray_reg_0_15_0_0__6/SP
  -------------------------------------------------------------------
                         required time                         -1.812    
                         arrival time                           1.957    
  -------------------------------------------------------------------
                         slack                                  0.145    

Slack (MET) :             0.145ns  (arrival time - required time)
  Source:                 ps2/rx_data_reg[2]/C
                            (rising edge-triggered cell FDRE clocked by sys_clk_pin  {rise@0.000ns fall@5.000ns period=10.000ns})
  Destination:            ScanCode/MemoryArray_reg_0_15_0_0__7/SP/ADR2
                            (rising edge-triggered cell RAMS32 clocked by sys_clk_pin  {rise@0.000ns fall@5.000ns period=10.000ns})
  Path Group:             sys_clk_pin
  Path Type:              Hold (Min at Fast Process Corner)
  Requirement:            0.000ns  (sys_clk_pin rise@0.000ns - sys_clk_pin rise@0.000ns)
  Data Path Delay:        0.439ns  (logic 0.164ns (37.368%)  route 0.275ns (62.632%))
  Logic Levels:           0  
  Clock Path Skew:        0.040ns (DCD - SCD - CPR)
    Destination Clock Delay (DCD):    2.038ns
    Source Clock Delay      (SCD):    1.518ns
    Clock Pessimism Removal (CPR):    0.479ns

    Location             Delay type                Incr(ns)  Path(ns)    Netlist Resource(s)
  -------------------------------------------------------------------    -------------------
                         (clock sys_clk_pin rise edge)
                                                      0.000     0.000 r  
    E3                                                0.000     0.000 r  CLK100MHZ (IN)
                         net (fo=0)                   0.000     0.000    CLK100MHZ
    E3                   IBUF (Prop_ibuf_I_O)         0.250     0.250 r  CLK100MHZ_IBUF_inst/O
                         net (fo=1, routed)           0.644     0.894    CLK100MHZ_IBUF
    BUFGCTRL_X0Y16       BUFG (Prop_bufg_I_O)         0.026     0.920 r  CLK100MHZ_IBUF_BUFG_inst/O
                         net (fo=119, routed)         0.599     1.518    ps2/CLK100MHZ_IBUF_BUFG
    SLICE_X6Y86          FDRE                                         r  ps2/rx_data_reg[2]/C
  -------------------------------------------------------------------    -------------------
    SLICE_X6Y86          FDRE (Prop_fdre_C_Q)         0.164     1.682 r  ps2/rx_data_reg[2]/Q
                         net (fo=21, routed)          0.275     1.957    ScanCode/MemoryArray_reg_0_15_0_0__7/A2
    SLICE_X2Y87          RAMS32                                       r  ScanCode/MemoryArray_reg_0_15_0_0__7/SP/ADR2
  -------------------------------------------------------------------    -------------------

                         (clock sys_clk_pin rise edge)
                                                      0.000     0.000 r  
    E3                                                0.000     0.000 r  CLK100MHZ (IN)
                         net (fo=0)                   0.000     0.000    CLK100MHZ
    E3                   IBUF (Prop_ibuf_I_O)         0.438     0.438 r  CLK100MHZ_IBUF_inst/O
                         net (fo=1, routed)           0.699     1.136    CLK100MHZ_IBUF
    BUFGCTRL_X0Y16       BUFG (Prop_bufg_I_O)         0.029     1.165 r  CLK100MHZ_IBUF_BUFG_inst/O
                         net (fo=119, routed)         0.873     2.038    ScanCode/MemoryArray_reg_0_15_0_0__7/WCLK
    SLICE_X2Y87          RAMS32                                       r  ScanCode/MemoryArray_reg_0_15_0_0__7/SP/CLK
                         clock pessimism             -0.479     1.558    
    SLICE_X2Y87          RAMS32 (Hold_rams32_CLK_ADR2)
                                                      0.254     1.812    ScanCode/MemoryArray_reg_0_15_0_0__7/SP
  -------------------------------------------------------------------
                         required time                         -1.812    
                         arrival time                           1.957    
  -------------------------------------------------------------------
                         slack                                  0.145    

Slack (MET) :             0.154ns  (arrival time - required time)
  Source:                 ps2/rx_data_reg[3]/C
                            (rising edge-triggered cell FDRE clocked by sys_clk_pin  {rise@0.000ns fall@5.000ns period=10.000ns})
  Destination:            ScanCode/MemoryArray_reg_0_63_0_0/SP/ADR3
                            (rising edge-triggered cell RAMS64E clocked by sys_clk_pin  {rise@0.000ns fall@5.000ns period=10.000ns})
  Path Group:             sys_clk_pin
  Path Type:              Hold (Min at Fast Process Corner)
  Requirement:            0.000ns  (sys_clk_pin rise@0.000ns - sys_clk_pin rise@0.000ns)
  Data Path Delay:        0.433ns  (logic 0.164ns (37.900%)  route 0.269ns (62.100%))
  Logic Levels:           0  
  Clock Path Skew:        0.039ns (DCD - SCD - CPR)
    Destination Clock Delay (DCD):    2.037ns
    Source Clock Delay      (SCD):    1.518ns
    Clock Pessimism Removal (CPR):    0.479ns

    Location             Delay type                Incr(ns)  Path(ns)    Netlist Resource(s)
  -------------------------------------------------------------------    -------------------
                         (clock sys_clk_pin rise edge)
                                                      0.000     0.000 r  
    E3                                                0.000     0.000 r  CLK100MHZ (IN)
                         net (fo=0)                   0.000     0.000    CLK100MHZ
    E3                   IBUF (Prop_ibuf_I_O)         0.250     0.250 r  CLK100MHZ_IBUF_inst/O
                         net (fo=1, routed)           0.644     0.894    CLK100MHZ_IBUF
    BUFGCTRL_X0Y16       BUFG (Prop_bufg_I_O)         0.026     0.920 r  CLK100MHZ_IBUF_BUFG_inst/O
                         net (fo=119, routed)         0.599     1.518    ps2/CLK100MHZ_IBUF_BUFG
    SLICE_X6Y86          FDRE                                         r  ps2/rx_data_reg[3]/C
  -------------------------------------------------------------------    -------------------
    SLICE_X6Y86          FDRE (Prop_fdre_C_Q)         0.164     1.682 r  ps2/rx_data_reg[3]/Q
                         net (fo=21, routed)          0.269     1.951    ScanCode/MemoryArray_reg_0_63_0_0/A3
    SLICE_X2Y86          RAMS64E                                      r  ScanCode/MemoryArray_reg_0_63_0_0/SP/ADR3
  -------------------------------------------------------------------    -------------------

                         (clock sys_clk_pin rise edge)
                                                      0.000     0.000 r  
    E3                                                0.000     0.000 r  CLK100MHZ (IN)
                         net (fo=0)                   0.000     0.000    CLK100MHZ
    E3                   IBUF (Prop_ibuf_I_O)         0.438     0.438 r  CLK100MHZ_IBUF_inst/O
                         net (fo=1, routed)           0.699     1.136    CLK100MHZ_IBUF
    BUFGCTRL_X0Y16       BUFG (Prop_bufg_I_O)         0.029     1.165 r  CLK100MHZ_IBUF_BUFG_inst/O
                         net (fo=119, routed)         0.872     2.037    ScanCode/MemoryArray_reg_0_63_0_0/WCLK
    SLICE_X2Y86          RAMS64E                                      r  ScanCode/MemoryArray_reg_0_63_0_0/SP/CLK
                         clock pessimism             -0.479     1.557    
    SLICE_X2Y86          RAMS64E (Hold_rams64e_CLK_ADR3)
                                                      0.240     1.797    ScanCode/MemoryArray_reg_0_63_0_0/SP
  -------------------------------------------------------------------
                         required time                         -1.797    
                         arrival time                           1.951    
  -------------------------------------------------------------------
                         slack                                  0.154    





Pulse Width Checks
--------------------------------------------------------------------------------------
Clock Name:         sys_clk_pin
Waveform(ns):       { 0.000 5.000 }
Period(ns):         10.000
Sources:            { CLK100MHZ }

Check Type        Corner  Lib Pin     Reference Pin  Required(ns)  Actual(ns)  Slack(ns)  Location        Pin
Min Period        n/a     BUFG/I      n/a            2.155         10.000      7.845      BUFGCTRL_X0Y16  CLK100MHZ_IBUF_BUFG_inst/I
Min Period        n/a     FDRE/C      n/a            1.000         10.000      9.000      SLICE_X0Y101    FSM_sequential_control_reg[0]/C
Min Period        n/a     FDRE/C      n/a            1.000         10.000      9.000      SLICE_X0Y101    FSM_sequential_control_reg[1]/C
Min Period        n/a     FDRE/C      n/a            1.000         10.000      9.000      SLICE_X5Y86     accept_new_key_reg/C
Min Period        n/a     FDRE/C      n/a            1.000         10.000      9.000      SLICE_X3Y83     count_reg[0]/C
Min Period        n/a     FDRE/C      n/a            1.000         10.000      9.000      SLICE_X3Y85     count_reg[10]/C
Min Period        n/a     FDRE/C      n/a            1.000         10.000      9.000      SLICE_X3Y85     count_reg[11]/C
Min Period        n/a     FDRE/C      n/a            1.000         10.000      9.000      SLICE_X3Y86     count_reg[12]/C
Min Period        n/a     FDRE/C      n/a            1.000         10.000      9.000      SLICE_X3Y86     count_reg[13]/C
Min Period        n/a     FDRE/C      n/a            1.000         10.000      9.000      SLICE_X3Y86     count_reg[14]/C
Low Pulse Width   Slow    RAMS32/CLK  n/a            1.250         5.000       3.750      SLICE_X2Y85     ScanCode/MemoryArray_reg_0_15_0_0/SP/CLK
Low Pulse Width   Fast    RAMS32/CLK  n/a            1.250         5.000       3.750      SLICE_X2Y85     ScanCode/MemoryArray_reg_0_15_0_0/SP/CLK
Low Pulse Width   Slow    RAMS32/CLK  n/a            1.250         5.000       3.750      SLICE_X2Y85     ScanCode/MemoryArray_reg_0_15_0_0__0/SP/CLK
Low Pulse Width   Fast    RAMS32/CLK  n/a            1.250         5.000       3.750      SLICE_X2Y85     ScanCode/MemoryArray_reg_0_15_0_0__0/SP/CLK
Low Pulse Width   Slow    RAMS32/CLK  n/a            1.250         5.000       3.750      SLICE_X2Y85     ScanCode/MemoryArray_reg_0_15_0_0__1/SP/CLK
Low Pulse Width   Fast    RAMS32/CLK  n/a            1.250         5.000       3.750      SLICE_X2Y85     ScanCode/MemoryArray_reg_0_15_0_0__1/SP/CLK
Low Pulse Width   Slow    RAMS32/CLK  n/a            1.250         5.000       3.750      SLICE_X2Y85     ScanCode/MemoryArray_reg_0_15_0_0__10/SP/CLK
Low Pulse Width   Fast    RAMS32/CLK  n/a            1.250         5.000       3.750      SLICE_X2Y85     ScanCode/MemoryArray_reg_0_15_0_0__10/SP/CLK
Low Pulse Width   Slow    RAMS32/CLK  n/a            1.250         5.000       3.750      SLICE_X6Y84     ScanCode/MemoryArray_reg_0_15_0_0__11/SP/CLK
Low Pulse Width   Fast    RAMS32/CLK  n/a            1.250         5.000       3.750      SLICE_X6Y84     ScanCode/MemoryArray_reg_0_15_0_0__11/SP/CLK
High Pulse Width  Slow    RAMS32/CLK  n/a            1.250         5.000       3.750      SLICE_X2Y85     ScanCode/MemoryArray_reg_0_15_0_0/SP/CLK
High Pulse Width  Fast    RAMS32/CLK  n/a            1.250         5.000       3.750      SLICE_X2Y85     ScanCode/MemoryArray_reg_0_15_0_0/SP/CLK
High Pulse Width  Slow    RAMS32/CLK  n/a            1.250         5.000       3.750      SLICE_X2Y85     ScanCode/MemoryArray_reg_0_15_0_0__0/SP/CLK
High Pulse Width  Fast    RAMS32/CLK  n/a            1.250         5.000       3.750      SLICE_X2Y85     ScanCode/MemoryArray_reg_0_15_0_0__0/SP/CLK
High Pulse Width  Slow    RAMS32/CLK  n/a            1.250         5.000       3.750      SLICE_X2Y85     ScanCode/MemoryArray_reg_0_15_0_0__1/SP/CLK
High Pulse Width  Fast    RAMS32/CLK  n/a            1.250         5.000       3.750      SLICE_X2Y85     ScanCode/MemoryArray_reg_0_15_0_0__1/SP/CLK
High Pulse Width  Slow    RAMS32/CLK  n/a            1.250         5.000       3.750      SLICE_X2Y85     ScanCode/MemoryArray_reg_0_15_0_0__10/SP/CLK
High Pulse Width  Fast    RAMS32/CLK  n/a            1.250         5.000       3.750      SLICE_X2Y85     ScanCode/MemoryArray_reg_0_15_0_0__10/SP/CLK
High Pulse Width  Slow    RAMS32/CLK  n/a            1.250         5.000       3.750      SLICE_X6Y84     ScanCode/MemoryArray_reg_0_15_0_0__11/SP/CLK
High Pulse Width  Fast    RAMS32/CLK  n/a            1.250         5.000       3.750      SLICE_X6Y84     ScanCode/MemoryArray_reg_0_15_0_0__11/SP/CLK



