Copyright 1986-2021 Xilinx, Inc. All Rights Reserved.
-----------------------------------------------------------------------------------------------------------------------------------------------------------
| Tool Version : Vivado v.2021.1 (win64) Build 3247384 Thu Jun 10 19:36:33 MDT 2021
| Date         : Fri Dec  6 22:39:17 2024
| Host         : P1-04 running 64-bit major release  (build 9200)
| Command      : report_methodology -file Wrapper_methodology_drc_routed.rpt -pb Wrapper_methodology_drc_routed.pb -rpx Wrapper_methodology_drc_routed.rpx
| Design       : Wrapper
| Device       : xc7a100tcsg324-1
| Speed File   : -1
| Design State : Fully Routed
-----------------------------------------------------------------------------------------------------------------------------------------------------------

Report Methodology

Table of Contents
-----------------
1. REPORT SUMMARY
2. REPORT DETAILS

1. REPORT SUMMARY
-----------------
            Netlist: netlist
          Floorplan: design_1
      Design limits: <entire design considered>
             Max violations: <unlimited>
             Violations found: 562
+-----------+------------------+-------------------------------+------------+
| Rule      | Severity         | Description                   | Violations |
+-----------+------------------+-------------------------------+------------+
| TIMING-17 | Critical Warning | Non-clocked sequential cell   | 528        |
| LUTAR-1   | Warning          | LUT drives async reset alert  | 1          |
| TIMING-18 | Warning          | Missing input or output delay | 33         |
+-----------+------------------+-------------------------------+------------+

2. REPORT DETAILS
-----------------
TIMING-17#1 Critical Warning
Non-clocked sequential cell  
The clock pin CPU/am_md/dff_loop[0].dff/q_reg/C is not reached by a timing clock
Related violations: <none>

TIMING-17#2 Critical Warning
Non-clocked sequential cell  
The clock pin CPU/dx/dff_loop[0].dff/q_reg/C is not reached by a timing clock
Related violations: <none>

TIMING-17#3 Critical Warning
Non-clocked sequential cell  
The clock pin CPU/dx/dff_loop[100].dff/q_reg/C is not reached by a timing clock
Related violations: <none>

TIMING-17#4 Critical Warning
Non-clocked sequential cell  
The clock pin CPU/dx/dff_loop[101].dff/q_reg/C is not reached by a timing clock
Related violations: <none>

TIMING-17#5 Critical Warning
Non-clocked sequential cell  
The clock pin CPU/dx/dff_loop[102].dff/q_reg/C is not reached by a timing clock
Related violations: <none>

TIMING-17#6 Critical Warning
Non-clocked sequential cell  
The clock pin CPU/dx/dff_loop[103].dff/q_reg/C is not reached by a timing clock
Related violations: <none>

TIMING-17#7 Critical Warning
Non-clocked sequential cell  
The clock pin CPU/dx/dff_loop[104].dff/q_reg/C is not reached by a timing clock
Related violations: <none>

TIMING-17#8 Critical Warning
Non-clocked sequential cell  
The clock pin CPU/dx/dff_loop[105].dff/q_reg/C is not reached by a timing clock
Related violations: <none>

TIMING-17#9 Critical Warning
Non-clocked sequential cell  
The clock pin CPU/dx/dff_loop[106].dff/q_reg/C is not reached by a timing clock
Related violations: <none>

TIMING-17#10 Critical Warning
Non-clocked sequential cell  
The clock pin CPU/dx/dff_loop[107].dff/q_reg/C is not reached by a timing clock
Related violations: <none>

TIMING-17#11 Critical Warning
Non-clocked sequential cell  
The clock pin CPU/dx/dff_loop[13].dff/q_reg/C is not reached by a timing clock
Related violations: <none>

TIMING-17#12 Critical Warning
Non-clocked sequential cell  
The clock pin CPU/dx/dff_loop[14].dff/q_reg/C is not reached by a timing clock
Related violations: <none>

TIMING-17#13 Critical Warning
Non-clocked sequential cell  
The clock pin CPU/dx/dff_loop[16].dff/q_reg/C is not reached by a timing clock
Related violations: <none>

TIMING-17#14 Critical Warning
Non-clocked sequential cell  
The clock pin CPU/dx/dff_loop[18].dff/q_reg/C is not reached by a timing clock
Related violations: <none>

TIMING-17#15 Critical Warning
Non-clocked sequential cell  
The clock pin CPU/dx/dff_loop[19].dff/q_reg/C is not reached by a timing clock
Related violations: <none>

TIMING-17#16 Critical Warning
Non-clocked sequential cell  
The clock pin CPU/dx/dff_loop[1].dff/q_reg/C is not reached by a timing clock
Related violations: <none>

TIMING-17#17 Critical Warning
Non-clocked sequential cell  
The clock pin CPU/dx/dff_loop[20].dff/q_reg/C is not reached by a timing clock
Related violations: <none>

TIMING-17#18 Critical Warning
Non-clocked sequential cell  
The clock pin CPU/dx/dff_loop[21].dff/q_reg/C is not reached by a timing clock
Related violations: <none>

TIMING-17#19 Critical Warning
Non-clocked sequential cell  
The clock pin CPU/dx/dff_loop[22].dff/q_reg/C is not reached by a timing clock
Related violations: <none>

TIMING-17#20 Critical Warning
Non-clocked sequential cell  
The clock pin CPU/dx/dff_loop[23].dff/q_reg/C is not reached by a timing clock
Related violations: <none>

TIMING-17#21 Critical Warning
Non-clocked sequential cell  
The clock pin CPU/dx/dff_loop[24].dff/q_reg/C is not reached by a timing clock
Related violations: <none>

TIMING-17#22 Critical Warning
Non-clocked sequential cell  
The clock pin CPU/dx/dff_loop[25].dff/q_reg/C is not reached by a timing clock
Related violations: <none>

TIMING-17#23 Critical Warning
Non-clocked sequential cell  
The clock pin CPU/dx/dff_loop[26].dff/q_reg/C is not reached by a timing clock
Related violations: <none>

TIMING-17#24 Critical Warning
Non-clocked sequential cell  
The clock pin CPU/dx/dff_loop[27].dff/q_reg/C is not reached by a timing clock
Related violations: <none>

TIMING-17#25 Critical Warning
Non-clocked sequential cell  
The clock pin CPU/dx/dff_loop[28].dff/q_reg/C is not reached by a timing clock
Related violations: <none>

TIMING-17#26 Critical Warning
Non-clocked sequential cell  
The clock pin CPU/dx/dff_loop[2].dff/q_reg/C is not reached by a timing clock
Related violations: <none>

TIMING-17#27 Critical Warning
Non-clocked sequential cell  
The clock pin CPU/dx/dff_loop[30].dff/q_reg/C is not reached by a timing clock
Related violations: <none>

TIMING-17#28 Critical Warning
Non-clocked sequential cell  
The clock pin CPU/dx/dff_loop[32].dff/q_reg/C is not reached by a timing clock
Related violations: <none>

TIMING-17#29 Critical Warning
Non-clocked sequential cell  
The clock pin CPU/dx/dff_loop[33].dff/q_reg/C is not reached by a timing clock
Related violations: <none>

TIMING-17#30 Critical Warning
Non-clocked sequential cell  
The clock pin CPU/dx/dff_loop[34].dff/q_reg/C is not reached by a timing clock
Related violations: <none>

TIMING-17#31 Critical Warning
Non-clocked sequential cell  
The clock pin CPU/dx/dff_loop[35].dff/q_reg/C is not reached by a timing clock
Related violations: <none>

TIMING-17#32 Critical Warning
Non-clocked sequential cell  
The clock pin CPU/dx/dff_loop[36].dff/q_reg/C is not reached by a timing clock
Related violations: <none>

TIMING-17#33 Critical Warning
Non-clocked sequential cell  
The clock pin CPU/dx/dff_loop[37].dff/q_reg/C is not reached by a timing clock
Related violations: <none>

TIMING-17#34 Critical Warning
Non-clocked sequential cell  
The clock pin CPU/dx/dff_loop[38].dff/q_reg/C is not reached by a timing clock
Related violations: <none>

TIMING-17#35 Critical Warning
Non-clocked sequential cell  
The clock pin CPU/dx/dff_loop[39].dff/q_reg/C is not reached by a timing clock
Related violations: <none>

TIMING-17#36 Critical Warning
Non-clocked sequential cell  
The clock pin CPU/dx/dff_loop[3].dff/q_reg/C is not reached by a timing clock
Related violations: <none>

TIMING-17#37 Critical Warning
Non-clocked sequential cell  
The clock pin CPU/dx/dff_loop[40].dff/q_reg/C is not reached by a timing clock
Related violations: <none>

TIMING-17#38 Critical Warning
Non-clocked sequential cell  
The clock pin CPU/dx/dff_loop[41].dff/q_reg/C is not reached by a timing clock
Related violations: <none>

TIMING-17#39 Critical Warning
Non-clocked sequential cell  
The clock pin CPU/dx/dff_loop[42].dff/q_reg/C is not reached by a timing clock
Related violations: <none>

TIMING-17#40 Critical Warning
Non-clocked sequential cell  
The clock pin CPU/dx/dff_loop[43].dff/q_reg/C is not reached by a timing clock
Related violations: <none>

TIMING-17#41 Critical Warning
Non-clocked sequential cell  
The clock pin CPU/dx/dff_loop[44].dff/q_reg/C is not reached by a timing clock
Related violations: <none>

TIMING-17#42 Critical Warning
Non-clocked sequential cell  
The clock pin CPU/dx/dff_loop[45].dff/q_reg/C is not reached by a timing clock
Related violations: <none>

TIMING-17#43 Critical Warning
Non-clocked sequential cell  
The clock pin CPU/dx/dff_loop[46].dff/q_reg/C is not reached by a timing clock
Related violations: <none>

TIMING-17#44 Critical Warning
Non-clocked sequential cell  
The clock pin CPU/dx/dff_loop[47].dff/q_reg/C is not reached by a timing clock
Related violations: <none>

TIMING-17#45 Critical Warning
Non-clocked sequential cell  
The clock pin CPU/dx/dff_loop[48].dff/q_reg/C is not reached by a timing clock
Related violations: <none>

TIMING-17#46 Critical Warning
Non-clocked sequential cell  
The clock pin CPU/dx/dff_loop[49].dff/q_reg/C is not reached by a timing clock
Related violations: <none>

TIMING-17#47 Critical Warning
Non-clocked sequential cell  
The clock pin CPU/dx/dff_loop[4].dff/q_reg/C is not reached by a timing clock
Related violations: <none>

TIMING-17#48 Critical Warning
Non-clocked sequential cell  
The clock pin CPU/dx/dff_loop[50].dff/q_reg/C is not reached by a timing clock
Related violations: <none>

TIMING-17#49 Critical Warning
Non-clocked sequential cell  
The clock pin CPU/dx/dff_loop[51].dff/q_reg/C is not reached by a timing clock
Related violations: <none>

TIMING-17#50 Critical Warning
Non-clocked sequential cell  
The clock pin CPU/dx/dff_loop[52].dff/q_reg/C is not reached by a timing clock
Related violations: <none>

TIMING-17#51 Critical Warning
Non-clocked sequential cell  
The clock pin CPU/dx/dff_loop[53].dff/q_reg/C is not reached by a timing clock
Related violations: <none>

TIMING-17#52 Critical Warning
Non-clocked sequential cell  
The clock pin CPU/dx/dff_loop[54].dff/q_reg/C is not reached by a timing clock
Related violations: <none>

TIMING-17#53 Critical Warning
Non-clocked sequential cell  
The clock pin CPU/dx/dff_loop[55].dff/q_reg/C is not reached by a timing clock
Related violations: <none>

TIMING-17#54 Critical Warning
Non-clocked sequential cell  
The clock pin CPU/dx/dff_loop[56].dff/q_reg/C is not reached by a timing clock
Related violations: <none>

TIMING-17#55 Critical Warning
Non-clocked sequential cell  
The clock pin CPU/dx/dff_loop[57].dff/q_reg/C is not reached by a timing clock
Related violations: <none>

TIMING-17#56 Critical Warning
Non-clocked sequential cell  
The clock pin CPU/dx/dff_loop[58].dff/q_reg/C is not reached by a timing clock
Related violations: <none>

TIMING-17#57 Critical Warning
Non-clocked sequential cell  
The clock pin CPU/dx/dff_loop[59].dff/q_reg/C is not reached by a timing clock
Related violations: <none>

TIMING-17#58 Critical Warning
Non-clocked sequential cell  
The clock pin CPU/dx/dff_loop[60].dff/q_reg/C is not reached by a timing clock
Related violations: <none>

TIMING-17#59 Critical Warning
Non-clocked sequential cell  
The clock pin CPU/dx/dff_loop[61].dff/q_reg/C is not reached by a timing clock
Related violations: <none>

TIMING-17#60 Critical Warning
Non-clocked sequential cell  
The clock pin CPU/dx/dff_loop[62].dff/q_reg/C is not reached by a timing clock
Related violations: <none>

TIMING-17#61 Critical Warning
Non-clocked sequential cell  
The clock pin CPU/dx/dff_loop[63].dff/q_reg/C is not reached by a timing clock
Related violations: <none>

TIMING-17#62 Critical Warning
Non-clocked sequential cell  
The clock pin CPU/dx/dff_loop[64].dff/q_reg/C is not reached by a timing clock
Related violations: <none>

TIMING-17#63 Critical Warning
Non-clocked sequential cell  
The clock pin CPU/dx/dff_loop[65].dff/q_reg/C is not reached by a timing clock
Related violations: <none>

TIMING-17#64 Critical Warning
Non-clocked sequential cell  
The clock pin CPU/dx/dff_loop[66].dff/q_reg/C is not reached by a timing clock
Related violations: <none>

TIMING-17#65 Critical Warning
Non-clocked sequential cell  
The clock pin CPU/dx/dff_loop[67].dff/q_reg/C is not reached by a timing clock
Related violations: <none>

TIMING-17#66 Critical Warning
Non-clocked sequential cell  
The clock pin CPU/dx/dff_loop[68].dff/q_reg/C is not reached by a timing clock
Related violations: <none>

TIMING-17#67 Critical Warning
Non-clocked sequential cell  
The clock pin CPU/dx/dff_loop[69].dff/q_reg/C is not reached by a timing clock
Related violations: <none>

TIMING-17#68 Critical Warning
Non-clocked sequential cell  
The clock pin CPU/dx/dff_loop[70].dff/q_reg/C is not reached by a timing clock
Related violations: <none>

TIMING-17#69 Critical Warning
Non-clocked sequential cell  
The clock pin CPU/dx/dff_loop[71].dff/q_reg/C is not reached by a timing clock
Related violations: <none>

TIMING-17#70 Critical Warning
Non-clocked sequential cell  
The clock pin CPU/dx/dff_loop[72].dff/q_reg/C is not reached by a timing clock
Related violations: <none>

TIMING-17#71 Critical Warning
Non-clocked sequential cell  
The clock pin CPU/dx/dff_loop[73].dff/q_reg/C is not reached by a timing clock
Related violations: <none>

TIMING-17#72 Critical Warning
Non-clocked sequential cell  
The clock pin CPU/dx/dff_loop[74].dff/q_reg/C is not reached by a timing clock
Related violations: <none>

TIMING-17#73 Critical Warning
Non-clocked sequential cell  
The clock pin CPU/dx/dff_loop[75].dff/q_reg/C is not reached by a timing clock
Related violations: <none>

TIMING-17#74 Critical Warning
Non-clocked sequential cell  
The clock pin CPU/dx/dff_loop[76].dff/q_reg/C is not reached by a timing clock
Related violations: <none>

TIMING-17#75 Critical Warning
Non-clocked sequential cell  
The clock pin CPU/dx/dff_loop[77].dff/q_reg/C is not reached by a timing clock
Related violations: <none>

TIMING-17#76 Critical Warning
Non-clocked sequential cell  
The clock pin CPU/dx/dff_loop[78].dff/q_reg/C is not reached by a timing clock
Related violations: <none>

TIMING-17#77 Critical Warning
Non-clocked sequential cell  
The clock pin CPU/dx/dff_loop[79].dff/q_reg/C is not reached by a timing clock
Related violations: <none>

TIMING-17#78 Critical Warning
Non-clocked sequential cell  
The clock pin CPU/dx/dff_loop[80].dff/q_reg/C is not reached by a timing clock
Related violations: <none>

TIMING-17#79 Critical Warning
Non-clocked sequential cell  
The clock pin CPU/dx/dff_loop[81].dff/q_reg/C is not reached by a timing clock
Related violations: <none>

TIMING-17#80 Critical Warning
Non-clocked sequential cell  
The clock pin CPU/dx/dff_loop[82].dff/q_reg/C is not reached by a timing clock
Related violations: <none>

TIMING-17#81 Critical Warning
Non-clocked sequential cell  
The clock pin CPU/dx/dff_loop[83].dff/q_reg/C is not reached by a timing clock
Related violations: <none>

TIMING-17#82 Critical Warning
Non-clocked sequential cell  
The clock pin CPU/dx/dff_loop[84].dff/q_reg/C is not reached by a timing clock
Related violations: <none>

TIMING-17#83 Critical Warning
Non-clocked sequential cell  
The clock pin CPU/dx/dff_loop[85].dff/q_reg/C is not reached by a timing clock
Related violations: <none>

TIMING-17#84 Critical Warning
Non-clocked sequential cell  
The clock pin CPU/dx/dff_loop[86].dff/q_reg/C is not reached by a timing clock
Related violations: <none>

TIMING-17#85 Critical Warning
Non-clocked sequential cell  
The clock pin CPU/dx/dff_loop[87].dff/q_reg/C is not reached by a timing clock
Related violations: <none>

TIMING-17#86 Critical Warning
Non-clocked sequential cell  
The clock pin CPU/dx/dff_loop[88].dff/q_reg/C is not reached by a timing clock
Related violations: <none>

TIMING-17#87 Critical Warning
Non-clocked sequential cell  
The clock pin CPU/dx/dff_loop[89].dff/q_reg/C is not reached by a timing clock
Related violations: <none>

TIMING-17#88 Critical Warning
Non-clocked sequential cell  
The clock pin CPU/dx/dff_loop[90].dff/q_reg/C is not reached by a timing clock
Related violations: <none>

TIMING-17#89 Critical Warning
Non-clocked sequential cell  
The clock pin CPU/dx/dff_loop[91].dff/q_reg/C is not reached by a timing clock
Related violations: <none>

TIMING-17#90 Critical Warning
Non-clocked sequential cell  
The clock pin CPU/dx/dff_loop[92].dff/q_reg/C is not reached by a timing clock
Related violations: <none>

TIMING-17#91 Critical Warning
Non-clocked sequential cell  
The clock pin CPU/dx/dff_loop[93].dff/q_reg/C is not reached by a timing clock
Related violations: <none>

TIMING-17#92 Critical Warning
Non-clocked sequential cell  
The clock pin CPU/dx/dff_loop[94].dff/q_reg/C is not reached by a timing clock
Related violations: <none>

TIMING-17#93 Critical Warning
Non-clocked sequential cell  
The clock pin CPU/dx/dff_loop[95].dff/q_reg/C is not reached by a timing clock
Related violations: <none>

TIMING-17#94 Critical Warning
Non-clocked sequential cell  
The clock pin CPU/dx/dff_loop[96].dff/q_reg/C is not reached by a timing clock
Related violations: <none>

TIMING-17#95 Critical Warning
Non-clocked sequential cell  
The clock pin CPU/dx/dff_loop[97].dff/q_reg/C is not reached by a timing clock
Related violations: <none>

TIMING-17#96 Critical Warning
Non-clocked sequential cell  
The clock pin CPU/dx/dff_loop[98].dff/q_reg/C is not reached by a timing clock
Related violations: <none>

TIMING-17#97 Critical Warning
Non-clocked sequential cell  
The clock pin CPU/dx/dff_loop[99].dff/q_reg/C is not reached by a timing clock
Related violations: <none>

TIMING-17#98 Critical Warning
Non-clocked sequential cell  
The clock pin CPU/fd/dff_loop[0].dff/q_reg/C is not reached by a timing clock
Related violations: <none>

TIMING-17#99 Critical Warning
Non-clocked sequential cell  
The clock pin CPU/fd/dff_loop[13].dff/q_reg/C is not reached by a timing clock
Related violations: <none>

TIMING-17#100 Critical Warning
Non-clocked sequential cell  
The clock pin CPU/fd/dff_loop[14].dff/q_reg/C is not reached by a timing clock
Related violations: <none>

TIMING-17#101 Critical Warning
Non-clocked sequential cell  
The clock pin CPU/fd/dff_loop[18].dff/q_reg/C is not reached by a timing clock
Related violations: <none>

TIMING-17#102 Critical Warning
Non-clocked sequential cell  
The clock pin CPU/fd/dff_loop[19].dff/q_reg/C is not reached by a timing clock
Related violations: <none>

TIMING-17#103 Critical Warning
Non-clocked sequential cell  
The clock pin CPU/fd/dff_loop[1].dff/q_reg/C is not reached by a timing clock
Related violations: <none>

TIMING-17#104 Critical Warning
Non-clocked sequential cell  
The clock pin CPU/fd/dff_loop[20].dff/q_reg/C is not reached by a timing clock
Related violations: <none>

TIMING-17#105 Critical Warning
Non-clocked sequential cell  
The clock pin CPU/fd/dff_loop[21].dff/q_reg/C is not reached by a timing clock
Related violations: <none>

TIMING-17#106 Critical Warning
Non-clocked sequential cell  
The clock pin CPU/fd/dff_loop[22].dff/q_reg/C is not reached by a timing clock
Related violations: <none>

TIMING-17#107 Critical Warning
Non-clocked sequential cell  
The clock pin CPU/fd/dff_loop[23].dff/q_reg/C is not reached by a timing clock
Related violations: <none>

TIMING-17#108 Critical Warning
Non-clocked sequential cell  
The clock pin CPU/fd/dff_loop[24].dff/q_reg/C is not reached by a timing clock
Related violations: <none>

TIMING-17#109 Critical Warning
Non-clocked sequential cell  
The clock pin CPU/fd/dff_loop[25].dff/q_reg/C is not reached by a timing clock
Related violations: <none>

TIMING-17#110 Critical Warning
Non-clocked sequential cell  
The clock pin CPU/fd/dff_loop[26].dff/q_reg/C is not reached by a timing clock
Related violations: <none>

TIMING-17#111 Critical Warning
Non-clocked sequential cell  
The clock pin CPU/fd/dff_loop[27].dff/q_reg/C is not reached by a timing clock
Related violations: <none>

TIMING-17#112 Critical Warning
Non-clocked sequential cell  
The clock pin CPU/fd/dff_loop[28].dff/q_reg/C is not reached by a timing clock
Related violations: <none>

TIMING-17#113 Critical Warning
Non-clocked sequential cell  
The clock pin CPU/fd/dff_loop[2].dff/q_reg/C is not reached by a timing clock
Related violations: <none>

TIMING-17#114 Critical Warning
Non-clocked sequential cell  
The clock pin CPU/fd/dff_loop[30].dff/q_reg/C is not reached by a timing clock
Related violations: <none>

TIMING-17#115 Critical Warning
Non-clocked sequential cell  
The clock pin CPU/fd/dff_loop[31].dff/q_reg/C is not reached by a timing clock
Related violations: <none>

TIMING-17#116 Critical Warning
Non-clocked sequential cell  
The clock pin CPU/fd/dff_loop[32].dff/q_reg/C is not reached by a timing clock
Related violations: <none>

TIMING-17#117 Critical Warning
Non-clocked sequential cell  
The clock pin CPU/fd/dff_loop[33].dff/q_reg/C is not reached by a timing clock
Related violations: <none>

TIMING-17#118 Critical Warning
Non-clocked sequential cell  
The clock pin CPU/fd/dff_loop[34].dff/q_reg/C is not reached by a timing clock
Related violations: <none>

TIMING-17#119 Critical Warning
Non-clocked sequential cell  
The clock pin CPU/fd/dff_loop[35].dff/q_reg/C is not reached by a timing clock
Related violations: <none>

TIMING-17#120 Critical Warning
Non-clocked sequential cell  
The clock pin CPU/fd/dff_loop[36].dff/q_reg/C is not reached by a timing clock
Related violations: <none>

TIMING-17#121 Critical Warning
Non-clocked sequential cell  
The clock pin CPU/fd/dff_loop[37].dff/q_reg/C is not reached by a timing clock
Related violations: <none>

TIMING-17#122 Critical Warning
Non-clocked sequential cell  
The clock pin CPU/fd/dff_loop[38].dff/q_reg/C is not reached by a timing clock
Related violations: <none>

TIMING-17#123 Critical Warning
Non-clocked sequential cell  
The clock pin CPU/fd/dff_loop[39].dff/q_reg/C is not reached by a timing clock
Related violations: <none>

TIMING-17#124 Critical Warning
Non-clocked sequential cell  
The clock pin CPU/fd/dff_loop[3].dff/q_reg/C is not reached by a timing clock
Related violations: <none>

TIMING-17#125 Critical Warning
Non-clocked sequential cell  
The clock pin CPU/fd/dff_loop[40].dff/q_reg/C is not reached by a timing clock
Related violations: <none>

TIMING-17#126 Critical Warning
Non-clocked sequential cell  
The clock pin CPU/fd/dff_loop[41].dff/q_reg/C is not reached by a timing clock
Related violations: <none>

TIMING-17#127 Critical Warning
Non-clocked sequential cell  
The clock pin CPU/fd/dff_loop[42].dff/q_reg/C is not reached by a timing clock
Related violations: <none>

TIMING-17#128 Critical Warning
Non-clocked sequential cell  
The clock pin CPU/fd/dff_loop[43].dff/q_reg/C is not reached by a timing clock
Related violations: <none>

TIMING-17#129 Critical Warning
Non-clocked sequential cell  
The clock pin CPU/fd/dff_loop[4].dff/q_reg/C is not reached by a timing clock
Related violations: <none>

TIMING-17#130 Critical Warning
Non-clocked sequential cell  
The clock pin CPU/md/dff_loop[0].dff/q_reg/C is not reached by a timing clock
Related violations: <none>

TIMING-17#131 Critical Warning
Non-clocked sequential cell  
The clock pin CPU/md/dff_loop[10].dff/q_reg/C is not reached by a timing clock
Related violations: <none>

TIMING-17#132 Critical Warning
Non-clocked sequential cell  
The clock pin CPU/md/dff_loop[11].dff/q_reg/C is not reached by a timing clock
Related violations: <none>

TIMING-17#133 Critical Warning
Non-clocked sequential cell  
The clock pin CPU/md/dff_loop[12].dff/q_reg/C is not reached by a timing clock
Related violations: <none>

TIMING-17#134 Critical Warning
Non-clocked sequential cell  
The clock pin CPU/md/dff_loop[13].dff/q_reg/C is not reached by a timing clock
Related violations: <none>

TIMING-17#135 Critical Warning
Non-clocked sequential cell  
The clock pin CPU/md/dff_loop[14].dff/q_reg/C is not reached by a timing clock
Related violations: <none>

TIMING-17#136 Critical Warning
Non-clocked sequential cell  
The clock pin CPU/md/dff_loop[15].dff/q_reg/C is not reached by a timing clock
Related violations: <none>

TIMING-17#137 Critical Warning
Non-clocked sequential cell  
The clock pin CPU/md/dff_loop[16].dff/q_reg/C is not reached by a timing clock
Related violations: <none>

TIMING-17#138 Critical Warning
Non-clocked sequential cell  
The clock pin CPU/md/dff_loop[17].dff/q_reg/C is not reached by a timing clock
Related violations: <none>

TIMING-17#139 Critical Warning
Non-clocked sequential cell  
The clock pin CPU/md/dff_loop[18].dff/q_reg/C is not reached by a timing clock
Related violations: <none>

TIMING-17#140 Critical Warning
Non-clocked sequential cell  
The clock pin CPU/md/dff_loop[19].dff/q_reg/C is not reached by a timing clock
Related violations: <none>

TIMING-17#141 Critical Warning
Non-clocked sequential cell  
The clock pin CPU/md/dff_loop[1].dff/q_reg/C is not reached by a timing clock
Related violations: <none>

TIMING-17#142 Critical Warning
Non-clocked sequential cell  
The clock pin CPU/md/dff_loop[20].dff/q_reg/C is not reached by a timing clock
Related violations: <none>

TIMING-17#143 Critical Warning
Non-clocked sequential cell  
The clock pin CPU/md/dff_loop[21].dff/q_reg/C is not reached by a timing clock
Related violations: <none>

TIMING-17#144 Critical Warning
Non-clocked sequential cell  
The clock pin CPU/md/dff_loop[22].dff/q_reg/C is not reached by a timing clock
Related violations: <none>

TIMING-17#145 Critical Warning
Non-clocked sequential cell  
The clock pin CPU/md/dff_loop[23].dff/q_reg/C is not reached by a timing clock
Related violations: <none>

TIMING-17#146 Critical Warning
Non-clocked sequential cell  
The clock pin CPU/md/dff_loop[24].dff/q_reg/C is not reached by a timing clock
Related violations: <none>

TIMING-17#147 Critical Warning
Non-clocked sequential cell  
The clock pin CPU/md/dff_loop[25].dff/q_reg/C is not reached by a timing clock
Related violations: <none>

TIMING-17#148 Critical Warning
Non-clocked sequential cell  
The clock pin CPU/md/dff_loop[26].dff/q_reg/C is not reached by a timing clock
Related violations: <none>

TIMING-17#149 Critical Warning
Non-clocked sequential cell  
The clock pin CPU/md/dff_loop[27].dff/q_reg/C is not reached by a timing clock
Related violations: <none>

TIMING-17#150 Critical Warning
Non-clocked sequential cell  
The clock pin CPU/md/dff_loop[28].dff/q_reg/C is not reached by a timing clock
Related violations: <none>

TIMING-17#151 Critical Warning
Non-clocked sequential cell  
The clock pin CPU/md/dff_loop[29].dff/q_reg/C is not reached by a timing clock
Related violations: <none>

TIMING-17#152 Critical Warning
Non-clocked sequential cell  
The clock pin CPU/md/dff_loop[2].dff/q_reg/C is not reached by a timing clock
Related violations: <none>

TIMING-17#153 Critical Warning
Non-clocked sequential cell  
The clock pin CPU/md/dff_loop[30].dff/q_reg/C is not reached by a timing clock
Related violations: <none>

TIMING-17#154 Critical Warning
Non-clocked sequential cell  
The clock pin CPU/md/dff_loop[31].dff/q_reg/C is not reached by a timing clock
Related violations: <none>

TIMING-17#155 Critical Warning
Non-clocked sequential cell  
The clock pin CPU/md/dff_loop[32].dff/q_reg/C is not reached by a timing clock
Related violations: <none>

TIMING-17#156 Critical Warning
Non-clocked sequential cell  
The clock pin CPU/md/dff_loop[33].dff/q_reg/C is not reached by a timing clock
Related violations: <none>

TIMING-17#157 Critical Warning
Non-clocked sequential cell  
The clock pin CPU/md/dff_loop[34].dff/q_reg/C is not reached by a timing clock
Related violations: <none>

TIMING-17#158 Critical Warning
Non-clocked sequential cell  
The clock pin CPU/md/dff_loop[35].dff/q_reg/C is not reached by a timing clock
Related violations: <none>

TIMING-17#159 Critical Warning
Non-clocked sequential cell  
The clock pin CPU/md/dff_loop[36].dff/q_reg/C is not reached by a timing clock
Related violations: <none>

TIMING-17#160 Critical Warning
Non-clocked sequential cell  
The clock pin CPU/md/dff_loop[37].dff/q_reg/C is not reached by a timing clock
Related violations: <none>

TIMING-17#161 Critical Warning
Non-clocked sequential cell  
The clock pin CPU/md/dff_loop[38].dff/q_reg/C is not reached by a timing clock
Related violations: <none>

TIMING-17#162 Critical Warning
Non-clocked sequential cell  
The clock pin CPU/md/dff_loop[39].dff/q_reg/C is not reached by a timing clock
Related violations: <none>

TIMING-17#163 Critical Warning
Non-clocked sequential cell  
The clock pin CPU/md/dff_loop[3].dff/q_reg/C is not reached by a timing clock
Related violations: <none>

TIMING-17#164 Critical Warning
Non-clocked sequential cell  
The clock pin CPU/md/dff_loop[40].dff/q_reg/C is not reached by a timing clock
Related violations: <none>

TIMING-17#165 Critical Warning
Non-clocked sequential cell  
The clock pin CPU/md/dff_loop[41].dff/q_reg/C is not reached by a timing clock
Related violations: <none>

TIMING-17#166 Critical Warning
Non-clocked sequential cell  
The clock pin CPU/md/dff_loop[42].dff/q_reg/C is not reached by a timing clock
Related violations: <none>

TIMING-17#167 Critical Warning
Non-clocked sequential cell  
The clock pin CPU/md/dff_loop[43].dff/q_reg/C is not reached by a timing clock
Related violations: <none>

TIMING-17#168 Critical Warning
Non-clocked sequential cell  
The clock pin CPU/md/dff_loop[44].dff/q_reg/C is not reached by a timing clock
Related violations: <none>

TIMING-17#169 Critical Warning
Non-clocked sequential cell  
The clock pin CPU/md/dff_loop[45].dff/q_reg/C is not reached by a timing clock
Related violations: <none>

TIMING-17#170 Critical Warning
Non-clocked sequential cell  
The clock pin CPU/md/dff_loop[46].dff/q_reg/C is not reached by a timing clock
Related violations: <none>

TIMING-17#171 Critical Warning
Non-clocked sequential cell  
The clock pin CPU/md/dff_loop[47].dff/q_reg/C is not reached by a timing clock
Related violations: <none>

TIMING-17#172 Critical Warning
Non-clocked sequential cell  
The clock pin CPU/md/dff_loop[48].dff/q_reg/C is not reached by a timing clock
Related violations: <none>

TIMING-17#173 Critical Warning
Non-clocked sequential cell  
The clock pin CPU/md/dff_loop[49].dff/q_reg/C is not reached by a timing clock
Related violations: <none>

TIMING-17#174 Critical Warning
Non-clocked sequential cell  
The clock pin CPU/md/dff_loop[4].dff/q_reg/C is not reached by a timing clock
Related violations: <none>

TIMING-17#175 Critical Warning
Non-clocked sequential cell  
The clock pin CPU/md/dff_loop[50].dff/q_reg/C is not reached by a timing clock
Related violations: <none>

TIMING-17#176 Critical Warning
Non-clocked sequential cell  
The clock pin CPU/md/dff_loop[51].dff/q_reg/C is not reached by a timing clock
Related violations: <none>

TIMING-17#177 Critical Warning
Non-clocked sequential cell  
The clock pin CPU/md/dff_loop[52].dff/q_reg/C is not reached by a timing clock
Related violations: <none>

TIMING-17#178 Critical Warning
Non-clocked sequential cell  
The clock pin CPU/md/dff_loop[53].dff/q_reg/C is not reached by a timing clock
Related violations: <none>

TIMING-17#179 Critical Warning
Non-clocked sequential cell  
The clock pin CPU/md/dff_loop[54].dff/q_reg/C is not reached by a timing clock
Related violations: <none>

TIMING-17#180 Critical Warning
Non-clocked sequential cell  
The clock pin CPU/md/dff_loop[55].dff/q_reg/C is not reached by a timing clock
Related violations: <none>

TIMING-17#181 Critical Warning
Non-clocked sequential cell  
The clock pin CPU/md/dff_loop[56].dff/q_reg/C is not reached by a timing clock
Related violations: <none>

TIMING-17#182 Critical Warning
Non-clocked sequential cell  
The clock pin CPU/md/dff_loop[57].dff/q_reg/C is not reached by a timing clock
Related violations: <none>

TIMING-17#183 Critical Warning
Non-clocked sequential cell  
The clock pin CPU/md/dff_loop[58].dff/q_reg/C is not reached by a timing clock
Related violations: <none>

TIMING-17#184 Critical Warning
Non-clocked sequential cell  
The clock pin CPU/md/dff_loop[59].dff/q_reg/C is not reached by a timing clock
Related violations: <none>

TIMING-17#185 Critical Warning
Non-clocked sequential cell  
The clock pin CPU/md/dff_loop[5].dff/q_reg/C is not reached by a timing clock
Related violations: <none>

TIMING-17#186 Critical Warning
Non-clocked sequential cell  
The clock pin CPU/md/dff_loop[60].dff/q_reg/C is not reached by a timing clock
Related violations: <none>

TIMING-17#187 Critical Warning
Non-clocked sequential cell  
The clock pin CPU/md/dff_loop[61].dff/q_reg/C is not reached by a timing clock
Related violations: <none>

TIMING-17#188 Critical Warning
Non-clocked sequential cell  
The clock pin CPU/md/dff_loop[62].dff/q_reg/C is not reached by a timing clock
Related violations: <none>

TIMING-17#189 Critical Warning
Non-clocked sequential cell  
The clock pin CPU/md/dff_loop[63].dff/q_reg/C is not reached by a timing clock
Related violations: <none>

TIMING-17#190 Critical Warning
Non-clocked sequential cell  
The clock pin CPU/md/dff_loop[64].dff/q_reg/C is not reached by a timing clock
Related violations: <none>

TIMING-17#191 Critical Warning
Non-clocked sequential cell  
The clock pin CPU/md/dff_loop[65].dff/q_reg/C is not reached by a timing clock
Related violations: <none>

TIMING-17#192 Critical Warning
Non-clocked sequential cell  
The clock pin CPU/md/dff_loop[66].dff/q_reg/C is not reached by a timing clock
Related violations: <none>

TIMING-17#193 Critical Warning
Non-clocked sequential cell  
The clock pin CPU/md/dff_loop[67].dff/q_reg/C is not reached by a timing clock
Related violations: <none>

TIMING-17#194 Critical Warning
Non-clocked sequential cell  
The clock pin CPU/md/dff_loop[68].dff/q_reg/C is not reached by a timing clock
Related violations: <none>

TIMING-17#195 Critical Warning
Non-clocked sequential cell  
The clock pin CPU/md/dff_loop[69].dff/q_reg/C is not reached by a timing clock
Related violations: <none>

TIMING-17#196 Critical Warning
Non-clocked sequential cell  
The clock pin CPU/md/dff_loop[6].dff/q_reg/C is not reached by a timing clock
Related violations: <none>

TIMING-17#197 Critical Warning
Non-clocked sequential cell  
The clock pin CPU/md/dff_loop[7].dff/q_reg/C is not reached by a timing clock
Related violations: <none>

TIMING-17#198 Critical Warning
Non-clocked sequential cell  
The clock pin CPU/md/dff_loop[8].dff/q_reg/C is not reached by a timing clock
Related violations: <none>

TIMING-17#199 Critical Warning
Non-clocked sequential cell  
The clock pin CPU/md/dff_loop[9].dff/q_reg/C is not reached by a timing clock
Related violations: <none>

TIMING-17#200 Critical Warning
Non-clocked sequential cell  
The clock pin CPU/mdunit/dff/q_reg/C is not reached by a timing clock
Related violations: <none>

TIMING-17#201 Critical Warning
Non-clocked sequential cell  
The clock pin CPU/mdunit/divider/HILO/dff_loop[0].dff/q_reg/C is not reached by a timing clock
Related violations: <none>

TIMING-17#202 Critical Warning
Non-clocked sequential cell  
The clock pin CPU/mdunit/divider/HILO/dff_loop[10].dff/q_reg/C is not reached by a timing clock
Related violations: <none>

TIMING-17#203 Critical Warning
Non-clocked sequential cell  
The clock pin CPU/mdunit/divider/HILO/dff_loop[11].dff/q_reg/C is not reached by a timing clock
Related violations: <none>

TIMING-17#204 Critical Warning
Non-clocked sequential cell  
The clock pin CPU/mdunit/divider/HILO/dff_loop[12].dff/q_reg/C is not reached by a timing clock
Related violations: <none>

TIMING-17#205 Critical Warning
Non-clocked sequential cell  
The clock pin CPU/mdunit/divider/HILO/dff_loop[13].dff/q_reg/C is not reached by a timing clock
Related violations: <none>

TIMING-17#206 Critical Warning
Non-clocked sequential cell  
The clock pin CPU/mdunit/divider/HILO/dff_loop[14].dff/q_reg/C is not reached by a timing clock
Related violations: <none>

TIMING-17#207 Critical Warning
Non-clocked sequential cell  
The clock pin CPU/mdunit/divider/HILO/dff_loop[15].dff/q_reg/C is not reached by a timing clock
Related violations: <none>

TIMING-17#208 Critical Warning
Non-clocked sequential cell  
The clock pin CPU/mdunit/divider/HILO/dff_loop[16].dff/q_reg/C is not reached by a timing clock
Related violations: <none>

TIMING-17#209 Critical Warning
Non-clocked sequential cell  
The clock pin CPU/mdunit/divider/HILO/dff_loop[17].dff/q_reg/C is not reached by a timing clock
Related violations: <none>

TIMING-17#210 Critical Warning
Non-clocked sequential cell  
The clock pin CPU/mdunit/divider/HILO/dff_loop[18].dff/q_reg/C is not reached by a timing clock
Related violations: <none>

TIMING-17#211 Critical Warning
Non-clocked sequential cell  
The clock pin CPU/mdunit/divider/HILO/dff_loop[19].dff/q_reg/C is not reached by a timing clock
Related violations: <none>

TIMING-17#212 Critical Warning
Non-clocked sequential cell  
The clock pin CPU/mdunit/divider/HILO/dff_loop[1].dff/q_reg/C is not reached by a timing clock
Related violations: <none>

TIMING-17#213 Critical Warning
Non-clocked sequential cell  
The clock pin CPU/mdunit/divider/HILO/dff_loop[20].dff/q_reg/C is not reached by a timing clock
Related violations: <none>

TIMING-17#214 Critical Warning
Non-clocked sequential cell  
The clock pin CPU/mdunit/divider/HILO/dff_loop[21].dff/q_reg/C is not reached by a timing clock
Related violations: <none>

TIMING-17#215 Critical Warning
Non-clocked sequential cell  
The clock pin CPU/mdunit/divider/HILO/dff_loop[22].dff/q_reg/C is not reached by a timing clock
Related violations: <none>

TIMING-17#216 Critical Warning
Non-clocked sequential cell  
The clock pin CPU/mdunit/divider/HILO/dff_loop[23].dff/q_reg/C is not reached by a timing clock
Related violations: <none>

TIMING-17#217 Critical Warning
Non-clocked sequential cell  
The clock pin CPU/mdunit/divider/HILO/dff_loop[24].dff/q_reg/C is not reached by a timing clock
Related violations: <none>

TIMING-17#218 Critical Warning
Non-clocked sequential cell  
The clock pin CPU/mdunit/divider/HILO/dff_loop[25].dff/q_reg/C is not reached by a timing clock
Related violations: <none>

TIMING-17#219 Critical Warning
Non-clocked sequential cell  
The clock pin CPU/mdunit/divider/HILO/dff_loop[26].dff/q_reg/C is not reached by a timing clock
Related violations: <none>

TIMING-17#220 Critical Warning
Non-clocked sequential cell  
The clock pin CPU/mdunit/divider/HILO/dff_loop[27].dff/q_reg/C is not reached by a timing clock
Related violations: <none>

TIMING-17#221 Critical Warning
Non-clocked sequential cell  
The clock pin CPU/mdunit/divider/HILO/dff_loop[28].dff/q_reg/C is not reached by a timing clock
Related violations: <none>

TIMING-17#222 Critical Warning
Non-clocked sequential cell  
The clock pin CPU/mdunit/divider/HILO/dff_loop[29].dff/q_reg/C is not reached by a timing clock
Related violations: <none>

TIMING-17#223 Critical Warning
Non-clocked sequential cell  
The clock pin CPU/mdunit/divider/HILO/dff_loop[2].dff/q_reg/C is not reached by a timing clock
Related violations: <none>

TIMING-17#224 Critical Warning
Non-clocked sequential cell  
The clock pin CPU/mdunit/divider/HILO/dff_loop[30].dff/q_reg/C is not reached by a timing clock
Related violations: <none>

TIMING-17#225 Critical Warning
Non-clocked sequential cell  
The clock pin CPU/mdunit/divider/HILO/dff_loop[31].dff/q_reg/C is not reached by a timing clock
Related violations: <none>

TIMING-17#226 Critical Warning
Non-clocked sequential cell  
The clock pin CPU/mdunit/divider/HILO/dff_loop[32].dff/q_reg/C is not reached by a timing clock
Related violations: <none>

TIMING-17#227 Critical Warning
Non-clocked sequential cell  
The clock pin CPU/mdunit/divider/HILO/dff_loop[33].dff/q_reg/C is not reached by a timing clock
Related violations: <none>

TIMING-17#228 Critical Warning
Non-clocked sequential cell  
The clock pin CPU/mdunit/divider/HILO/dff_loop[34].dff/q_reg/C is not reached by a timing clock
Related violations: <none>

TIMING-17#229 Critical Warning
Non-clocked sequential cell  
The clock pin CPU/mdunit/divider/HILO/dff_loop[35].dff/q_reg/C is not reached by a timing clock
Related violations: <none>

TIMING-17#230 Critical Warning
Non-clocked sequential cell  
The clock pin CPU/mdunit/divider/HILO/dff_loop[36].dff/q_reg/C is not reached by a timing clock
Related violations: <none>

TIMING-17#231 Critical Warning
Non-clocked sequential cell  
The clock pin CPU/mdunit/divider/HILO/dff_loop[37].dff/q_reg/C is not reached by a timing clock
Related violations: <none>

TIMING-17#232 Critical Warning
Non-clocked sequential cell  
The clock pin CPU/mdunit/divider/HILO/dff_loop[38].dff/q_reg/C is not reached by a timing clock
Related violations: <none>

TIMING-17#233 Critical Warning
Non-clocked sequential cell  
The clock pin CPU/mdunit/divider/HILO/dff_loop[39].dff/q_reg/C is not reached by a timing clock
Related violations: <none>

TIMING-17#234 Critical Warning
Non-clocked sequential cell  
The clock pin CPU/mdunit/divider/HILO/dff_loop[3].dff/q_reg/C is not reached by a timing clock
Related violations: <none>

TIMING-17#235 Critical Warning
Non-clocked sequential cell  
The clock pin CPU/mdunit/divider/HILO/dff_loop[40].dff/q_reg/C is not reached by a timing clock
Related violations: <none>

TIMING-17#236 Critical Warning
Non-clocked sequential cell  
The clock pin CPU/mdunit/divider/HILO/dff_loop[41].dff/q_reg/C is not reached by a timing clock
Related violations: <none>

TIMING-17#237 Critical Warning
Non-clocked sequential cell  
The clock pin CPU/mdunit/divider/HILO/dff_loop[42].dff/q_reg/C is not reached by a timing clock
Related violations: <none>

TIMING-17#238 Critical Warning
Non-clocked sequential cell  
The clock pin CPU/mdunit/divider/HILO/dff_loop[43].dff/q_reg/C is not reached by a timing clock
Related violations: <none>

TIMING-17#239 Critical Warning
Non-clocked sequential cell  
The clock pin CPU/mdunit/divider/HILO/dff_loop[44].dff/q_reg/C is not reached by a timing clock
Related violations: <none>

TIMING-17#240 Critical Warning
Non-clocked sequential cell  
The clock pin CPU/mdunit/divider/HILO/dff_loop[45].dff/q_reg/C is not reached by a timing clock
Related violations: <none>

TIMING-17#241 Critical Warning
Non-clocked sequential cell  
The clock pin CPU/mdunit/divider/HILO/dff_loop[46].dff/q_reg/C is not reached by a timing clock
Related violations: <none>

TIMING-17#242 Critical Warning
Non-clocked sequential cell  
The clock pin CPU/mdunit/divider/HILO/dff_loop[47].dff/q_reg/C is not reached by a timing clock
Related violations: <none>

TIMING-17#243 Critical Warning
Non-clocked sequential cell  
The clock pin CPU/mdunit/divider/HILO/dff_loop[48].dff/q_reg/C is not reached by a timing clock
Related violations: <none>

TIMING-17#244 Critical Warning
Non-clocked sequential cell  
The clock pin CPU/mdunit/divider/HILO/dff_loop[49].dff/q_reg/C is not reached by a timing clock
Related violations: <none>

TIMING-17#245 Critical Warning
Non-clocked sequential cell  
The clock pin CPU/mdunit/divider/HILO/dff_loop[4].dff/q_reg/C is not reached by a timing clock
Related violations: <none>

TIMING-17#246 Critical Warning
Non-clocked sequential cell  
The clock pin CPU/mdunit/divider/HILO/dff_loop[50].dff/q_reg/C is not reached by a timing clock
Related violations: <none>

TIMING-17#247 Critical Warning
Non-clocked sequential cell  
The clock pin CPU/mdunit/divider/HILO/dff_loop[51].dff/q_reg/C is not reached by a timing clock
Related violations: <none>

TIMING-17#248 Critical Warning
Non-clocked sequential cell  
The clock pin CPU/mdunit/divider/HILO/dff_loop[52].dff/q_reg/C is not reached by a timing clock
Related violations: <none>

TIMING-17#249 Critical Warning
Non-clocked sequential cell  
The clock pin CPU/mdunit/divider/HILO/dff_loop[53].dff/q_reg/C is not reached by a timing clock
Related violations: <none>

TIMING-17#250 Critical Warning
Non-clocked sequential cell  
The clock pin CPU/mdunit/divider/HILO/dff_loop[54].dff/q_reg/C is not reached by a timing clock
Related violations: <none>

TIMING-17#251 Critical Warning
Non-clocked sequential cell  
The clock pin CPU/mdunit/divider/HILO/dff_loop[55].dff/q_reg/C is not reached by a timing clock
Related violations: <none>

TIMING-17#252 Critical Warning
Non-clocked sequential cell  
The clock pin CPU/mdunit/divider/HILO/dff_loop[56].dff/q_reg/C is not reached by a timing clock
Related violations: <none>

TIMING-17#253 Critical Warning
Non-clocked sequential cell  
The clock pin CPU/mdunit/divider/HILO/dff_loop[57].dff/q_reg/C is not reached by a timing clock
Related violations: <none>

TIMING-17#254 Critical Warning
Non-clocked sequential cell  
The clock pin CPU/mdunit/divider/HILO/dff_loop[58].dff/q_reg/C is not reached by a timing clock
Related violations: <none>

TIMING-17#255 Critical Warning
Non-clocked sequential cell  
The clock pin CPU/mdunit/divider/HILO/dff_loop[59].dff/q_reg/C is not reached by a timing clock
Related violations: <none>

TIMING-17#256 Critical Warning
Non-clocked sequential cell  
The clock pin CPU/mdunit/divider/HILO/dff_loop[5].dff/q_reg/C is not reached by a timing clock
Related violations: <none>

TIMING-17#257 Critical Warning
Non-clocked sequential cell  
The clock pin CPU/mdunit/divider/HILO/dff_loop[60].dff/q_reg/C is not reached by a timing clock
Related violations: <none>

TIMING-17#258 Critical Warning
Non-clocked sequential cell  
The clock pin CPU/mdunit/divider/HILO/dff_loop[61].dff/q_reg/C is not reached by a timing clock
Related violations: <none>

TIMING-17#259 Critical Warning
Non-clocked sequential cell  
The clock pin CPU/mdunit/divider/HILO/dff_loop[62].dff/q_reg/C is not reached by a timing clock
Related violations: <none>

TIMING-17#260 Critical Warning
Non-clocked sequential cell  
The clock pin CPU/mdunit/divider/HILO/dff_loop[63].dff/q_reg/C is not reached by a timing clock
Related violations: <none>

TIMING-17#261 Critical Warning
Non-clocked sequential cell  
The clock pin CPU/mdunit/divider/HILO/dff_loop[6].dff/q_reg/C is not reached by a timing clock
Related violations: <none>

TIMING-17#262 Critical Warning
Non-clocked sequential cell  
The clock pin CPU/mdunit/divider/HILO/dff_loop[7].dff/q_reg/C is not reached by a timing clock
Related violations: <none>

TIMING-17#263 Critical Warning
Non-clocked sequential cell  
The clock pin CPU/mdunit/divider/HILO/dff_loop[8].dff/q_reg/C is not reached by a timing clock
Related violations: <none>

TIMING-17#264 Critical Warning
Non-clocked sequential cell  
The clock pin CPU/mdunit/divider/HILO/dff_loop[9].dff/q_reg/C is not reached by a timing clock
Related violations: <none>

TIMING-17#265 Critical Warning
Non-clocked sequential cell  
The clock pin CPU/mdunit/divider/c/tff1/dff/q_reg/C is not reached by a timing clock
Related violations: <none>

TIMING-17#266 Critical Warning
Non-clocked sequential cell  
The clock pin CPU/mdunit/divider/c/tff16/dff/q_reg/C is not reached by a timing clock
Related violations: <none>

TIMING-17#267 Critical Warning
Non-clocked sequential cell  
The clock pin CPU/mdunit/divider/c/tff2/dff/q_reg/C is not reached by a timing clock
Related violations: <none>

TIMING-17#268 Critical Warning
Non-clocked sequential cell  
The clock pin CPU/mdunit/divider/c/tff32/dff/q_reg/C is not reached by a timing clock
Related violations: <none>

TIMING-17#269 Critical Warning
Non-clocked sequential cell  
The clock pin CPU/mdunit/divider/c/tff4/dff/q_reg/C is not reached by a timing clock
Related violations: <none>

TIMING-17#270 Critical Warning
Non-clocked sequential cell  
The clock pin CPU/mdunit/divider/c/tff8/dff/q_reg/C is not reached by a timing clock
Related violations: <none>

TIMING-17#271 Critical Warning
Non-clocked sequential cell  
The clock pin CPU/mdunit/multiplier/HILO/dff_loop[0].dff/q_reg/C is not reached by a timing clock
Related violations: <none>

TIMING-17#272 Critical Warning
Non-clocked sequential cell  
The clock pin CPU/mdunit/multiplier/HILO/dff_loop[10].dff/q_reg/C is not reached by a timing clock
Related violations: <none>

TIMING-17#273 Critical Warning
Non-clocked sequential cell  
The clock pin CPU/mdunit/multiplier/HILO/dff_loop[11].dff/q_reg/C is not reached by a timing clock
Related violations: <none>

TIMING-17#274 Critical Warning
Non-clocked sequential cell  
The clock pin CPU/mdunit/multiplier/HILO/dff_loop[12].dff/q_reg/C is not reached by a timing clock
Related violations: <none>

TIMING-17#275 Critical Warning
Non-clocked sequential cell  
The clock pin CPU/mdunit/multiplier/HILO/dff_loop[13].dff/q_reg/C is not reached by a timing clock
Related violations: <none>

TIMING-17#276 Critical Warning
Non-clocked sequential cell  
The clock pin CPU/mdunit/multiplier/HILO/dff_loop[14].dff/q_reg/C is not reached by a timing clock
Related violations: <none>

TIMING-17#277 Critical Warning
Non-clocked sequential cell  
The clock pin CPU/mdunit/multiplier/HILO/dff_loop[15].dff/q_reg/C is not reached by a timing clock
Related violations: <none>

TIMING-17#278 Critical Warning
Non-clocked sequential cell  
The clock pin CPU/mdunit/multiplier/HILO/dff_loop[16].dff/q_reg/C is not reached by a timing clock
Related violations: <none>

TIMING-17#279 Critical Warning
Non-clocked sequential cell  
The clock pin CPU/mdunit/multiplier/HILO/dff_loop[17].dff/q_reg/C is not reached by a timing clock
Related violations: <none>

TIMING-17#280 Critical Warning
Non-clocked sequential cell  
The clock pin CPU/mdunit/multiplier/HILO/dff_loop[18].dff/q_reg/C is not reached by a timing clock
Related violations: <none>

TIMING-17#281 Critical Warning
Non-clocked sequential cell  
The clock pin CPU/mdunit/multiplier/HILO/dff_loop[19].dff/q_reg/C is not reached by a timing clock
Related violations: <none>

TIMING-17#282 Critical Warning
Non-clocked sequential cell  
The clock pin CPU/mdunit/multiplier/HILO/dff_loop[1].dff/q_reg/C is not reached by a timing clock
Related violations: <none>

TIMING-17#283 Critical Warning
Non-clocked sequential cell  
The clock pin CPU/mdunit/multiplier/HILO/dff_loop[20].dff/q_reg/C is not reached by a timing clock
Related violations: <none>

TIMING-17#284 Critical Warning
Non-clocked sequential cell  
The clock pin CPU/mdunit/multiplier/HILO/dff_loop[21].dff/q_reg/C is not reached by a timing clock
Related violations: <none>

TIMING-17#285 Critical Warning
Non-clocked sequential cell  
The clock pin CPU/mdunit/multiplier/HILO/dff_loop[22].dff/q_reg/C is not reached by a timing clock
Related violations: <none>

TIMING-17#286 Critical Warning
Non-clocked sequential cell  
The clock pin CPU/mdunit/multiplier/HILO/dff_loop[23].dff/q_reg/C is not reached by a timing clock
Related violations: <none>

TIMING-17#287 Critical Warning
Non-clocked sequential cell  
The clock pin CPU/mdunit/multiplier/HILO/dff_loop[24].dff/q_reg/C is not reached by a timing clock
Related violations: <none>

TIMING-17#288 Critical Warning
Non-clocked sequential cell  
The clock pin CPU/mdunit/multiplier/HILO/dff_loop[25].dff/q_reg/C is not reached by a timing clock
Related violations: <none>

TIMING-17#289 Critical Warning
Non-clocked sequential cell  
The clock pin CPU/mdunit/multiplier/HILO/dff_loop[26].dff/q_reg/C is not reached by a timing clock
Related violations: <none>

TIMING-17#290 Critical Warning
Non-clocked sequential cell  
The clock pin CPU/mdunit/multiplier/HILO/dff_loop[27].dff/q_reg/C is not reached by a timing clock
Related violations: <none>

TIMING-17#291 Critical Warning
Non-clocked sequential cell  
The clock pin CPU/mdunit/multiplier/HILO/dff_loop[28].dff/q_reg/C is not reached by a timing clock
Related violations: <none>

TIMING-17#292 Critical Warning
Non-clocked sequential cell  
The clock pin CPU/mdunit/multiplier/HILO/dff_loop[29].dff/q_reg/C is not reached by a timing clock
Related violations: <none>

TIMING-17#293 Critical Warning
Non-clocked sequential cell  
The clock pin CPU/mdunit/multiplier/HILO/dff_loop[2].dff/q_reg/C is not reached by a timing clock
Related violations: <none>

TIMING-17#294 Critical Warning
Non-clocked sequential cell  
The clock pin CPU/mdunit/multiplier/HILO/dff_loop[30].dff/q_reg/C is not reached by a timing clock
Related violations: <none>

TIMING-17#295 Critical Warning
Non-clocked sequential cell  
The clock pin CPU/mdunit/multiplier/HILO/dff_loop[31].dff/q_reg/C is not reached by a timing clock
Related violations: <none>

TIMING-17#296 Critical Warning
Non-clocked sequential cell  
The clock pin CPU/mdunit/multiplier/HILO/dff_loop[32].dff/q_reg/C is not reached by a timing clock
Related violations: <none>

TIMING-17#297 Critical Warning
Non-clocked sequential cell  
The clock pin CPU/mdunit/multiplier/HILO/dff_loop[33].dff/q_reg/C is not reached by a timing clock
Related violations: <none>

TIMING-17#298 Critical Warning
Non-clocked sequential cell  
The clock pin CPU/mdunit/multiplier/HILO/dff_loop[34].dff/q_reg/C is not reached by a timing clock
Related violations: <none>

TIMING-17#299 Critical Warning
Non-clocked sequential cell  
The clock pin CPU/mdunit/multiplier/HILO/dff_loop[35].dff/q_reg/C is not reached by a timing clock
Related violations: <none>

TIMING-17#300 Critical Warning
Non-clocked sequential cell  
The clock pin CPU/mdunit/multiplier/HILO/dff_loop[36].dff/q_reg/C is not reached by a timing clock
Related violations: <none>

TIMING-17#301 Critical Warning
Non-clocked sequential cell  
The clock pin CPU/mdunit/multiplier/HILO/dff_loop[37].dff/q_reg/C is not reached by a timing clock
Related violations: <none>

TIMING-17#302 Critical Warning
Non-clocked sequential cell  
The clock pin CPU/mdunit/multiplier/HILO/dff_loop[38].dff/q_reg/C is not reached by a timing clock
Related violations: <none>

TIMING-17#303 Critical Warning
Non-clocked sequential cell  
The clock pin CPU/mdunit/multiplier/HILO/dff_loop[39].dff/q_reg/C is not reached by a timing clock
Related violations: <none>

TIMING-17#304 Critical Warning
Non-clocked sequential cell  
The clock pin CPU/mdunit/multiplier/HILO/dff_loop[3].dff/q_reg/C is not reached by a timing clock
Related violations: <none>

TIMING-17#305 Critical Warning
Non-clocked sequential cell  
The clock pin CPU/mdunit/multiplier/HILO/dff_loop[40].dff/q_reg/C is not reached by a timing clock
Related violations: <none>

TIMING-17#306 Critical Warning
Non-clocked sequential cell  
The clock pin CPU/mdunit/multiplier/HILO/dff_loop[41].dff/q_reg/C is not reached by a timing clock
Related violations: <none>

TIMING-17#307 Critical Warning
Non-clocked sequential cell  
The clock pin CPU/mdunit/multiplier/HILO/dff_loop[42].dff/q_reg/C is not reached by a timing clock
Related violations: <none>

TIMING-17#308 Critical Warning
Non-clocked sequential cell  
The clock pin CPU/mdunit/multiplier/HILO/dff_loop[43].dff/q_reg/C is not reached by a timing clock
Related violations: <none>

TIMING-17#309 Critical Warning
Non-clocked sequential cell  
The clock pin CPU/mdunit/multiplier/HILO/dff_loop[44].dff/q_reg/C is not reached by a timing clock
Related violations: <none>

TIMING-17#310 Critical Warning
Non-clocked sequential cell  
The clock pin CPU/mdunit/multiplier/HILO/dff_loop[45].dff/q_reg/C is not reached by a timing clock
Related violations: <none>

TIMING-17#311 Critical Warning
Non-clocked sequential cell  
The clock pin CPU/mdunit/multiplier/HILO/dff_loop[46].dff/q_reg/C is not reached by a timing clock
Related violations: <none>

TIMING-17#312 Critical Warning
Non-clocked sequential cell  
The clock pin CPU/mdunit/multiplier/HILO/dff_loop[47].dff/q_reg/C is not reached by a timing clock
Related violations: <none>

TIMING-17#313 Critical Warning
Non-clocked sequential cell  
The clock pin CPU/mdunit/multiplier/HILO/dff_loop[48].dff/q_reg/C is not reached by a timing clock
Related violations: <none>

TIMING-17#314 Critical Warning
Non-clocked sequential cell  
The clock pin CPU/mdunit/multiplier/HILO/dff_loop[49].dff/q_reg/C is not reached by a timing clock
Related violations: <none>

TIMING-17#315 Critical Warning
Non-clocked sequential cell  
The clock pin CPU/mdunit/multiplier/HILO/dff_loop[4].dff/q_reg/C is not reached by a timing clock
Related violations: <none>

TIMING-17#316 Critical Warning
Non-clocked sequential cell  
The clock pin CPU/mdunit/multiplier/HILO/dff_loop[50].dff/q_reg/C is not reached by a timing clock
Related violations: <none>

TIMING-17#317 Critical Warning
Non-clocked sequential cell  
The clock pin CPU/mdunit/multiplier/HILO/dff_loop[51].dff/q_reg/C is not reached by a timing clock
Related violations: <none>

TIMING-17#318 Critical Warning
Non-clocked sequential cell  
The clock pin CPU/mdunit/multiplier/HILO/dff_loop[52].dff/q_reg/C is not reached by a timing clock
Related violations: <none>

TIMING-17#319 Critical Warning
Non-clocked sequential cell  
The clock pin CPU/mdunit/multiplier/HILO/dff_loop[53].dff/q_reg/C is not reached by a timing clock
Related violations: <none>

TIMING-17#320 Critical Warning
Non-clocked sequential cell  
The clock pin CPU/mdunit/multiplier/HILO/dff_loop[54].dff/q_reg/C is not reached by a timing clock
Related violations: <none>

TIMING-17#321 Critical Warning
Non-clocked sequential cell  
The clock pin CPU/mdunit/multiplier/HILO/dff_loop[55].dff/q_reg/C is not reached by a timing clock
Related violations: <none>

TIMING-17#322 Critical Warning
Non-clocked sequential cell  
The clock pin CPU/mdunit/multiplier/HILO/dff_loop[56].dff/q_reg/C is not reached by a timing clock
Related violations: <none>

TIMING-17#323 Critical Warning
Non-clocked sequential cell  
The clock pin CPU/mdunit/multiplier/HILO/dff_loop[57].dff/q_reg/C is not reached by a timing clock
Related violations: <none>

TIMING-17#324 Critical Warning
Non-clocked sequential cell  
The clock pin CPU/mdunit/multiplier/HILO/dff_loop[58].dff/q_reg/C is not reached by a timing clock
Related violations: <none>

TIMING-17#325 Critical Warning
Non-clocked sequential cell  
The clock pin CPU/mdunit/multiplier/HILO/dff_loop[59].dff/q_reg/C is not reached by a timing clock
Related violations: <none>

TIMING-17#326 Critical Warning
Non-clocked sequential cell  
The clock pin CPU/mdunit/multiplier/HILO/dff_loop[5].dff/q_reg/C is not reached by a timing clock
Related violations: <none>

TIMING-17#327 Critical Warning
Non-clocked sequential cell  
The clock pin CPU/mdunit/multiplier/HILO/dff_loop[60].dff/q_reg/C is not reached by a timing clock
Related violations: <none>

TIMING-17#328 Critical Warning
Non-clocked sequential cell  
The clock pin CPU/mdunit/multiplier/HILO/dff_loop[61].dff/q_reg/C is not reached by a timing clock
Related violations: <none>

TIMING-17#329 Critical Warning
Non-clocked sequential cell  
The clock pin CPU/mdunit/multiplier/HILO/dff_loop[62].dff/q_reg/C is not reached by a timing clock
Related violations: <none>

TIMING-17#330 Critical Warning
Non-clocked sequential cell  
The clock pin CPU/mdunit/multiplier/HILO/dff_loop[6].dff/q_reg/C is not reached by a timing clock
Related violations: <none>

TIMING-17#331 Critical Warning
Non-clocked sequential cell  
The clock pin CPU/mdunit/multiplier/HILO/dff_loop[7].dff/q_reg/C is not reached by a timing clock
Related violations: <none>

TIMING-17#332 Critical Warning
Non-clocked sequential cell  
The clock pin CPU/mdunit/multiplier/HILO/dff_loop[8].dff/q_reg/C is not reached by a timing clock
Related violations: <none>

TIMING-17#333 Critical Warning
Non-clocked sequential cell  
The clock pin CPU/mdunit/multiplier/HILO/dff_loop[9].dff/q_reg/C is not reached by a timing clock
Related violations: <none>

TIMING-17#334 Critical Warning
Non-clocked sequential cell  
The clock pin CPU/mdunit/multiplier/c/tff1/dff/q_reg/C is not reached by a timing clock
Related violations: <none>

TIMING-17#335 Critical Warning
Non-clocked sequential cell  
The clock pin CPU/mdunit/multiplier/c/tff16/dff/q_reg/C is not reached by a timing clock
Related violations: <none>

TIMING-17#336 Critical Warning
Non-clocked sequential cell  
The clock pin CPU/mdunit/multiplier/c/tff2/dff/q_reg/C is not reached by a timing clock
Related violations: <none>

TIMING-17#337 Critical Warning
Non-clocked sequential cell  
The clock pin CPU/mdunit/multiplier/c/tff4/dff/q_reg/C is not reached by a timing clock
Related violations: <none>

TIMING-17#338 Critical Warning
Non-clocked sequential cell  
The clock pin CPU/mdunit/multiplier/c/tff8/dff/q_reg/C is not reached by a timing clock
Related violations: <none>

TIMING-17#339 Critical Warning
Non-clocked sequential cell  
The clock pin CPU/mdunit/multiplier/overflow_tracker/dff_loop[0].dff/q_reg/C is not reached by a timing clock
Related violations: <none>

TIMING-17#340 Critical Warning
Non-clocked sequential cell  
The clock pin CPU/mw/dff_loop[0].dff/q_reg/C is not reached by a timing clock
Related violations: <none>

TIMING-17#341 Critical Warning
Non-clocked sequential cell  
The clock pin CPU/mw/dff_loop[128].dff/q_reg/C is not reached by a timing clock
Related violations: <none>

TIMING-17#342 Critical Warning
Non-clocked sequential cell  
The clock pin CPU/mw/dff_loop[12].dff/q_reg/C is not reached by a timing clock
Related violations: <none>

TIMING-17#343 Critical Warning
Non-clocked sequential cell  
The clock pin CPU/mw/dff_loop[14].dff/q_reg/C is not reached by a timing clock
Related violations: <none>

TIMING-17#344 Critical Warning
Non-clocked sequential cell  
The clock pin CPU/mw/dff_loop[15].dff/q_reg/C is not reached by a timing clock
Related violations: <none>

TIMING-17#345 Critical Warning
Non-clocked sequential cell  
The clock pin CPU/mw/dff_loop[17].dff/q_reg/C is not reached by a timing clock
Related violations: <none>

TIMING-17#346 Critical Warning
Non-clocked sequential cell  
The clock pin CPU/mw/dff_loop[19].dff/q_reg/C is not reached by a timing clock
Related violations: <none>

TIMING-17#347 Critical Warning
Non-clocked sequential cell  
The clock pin CPU/mw/dff_loop[1].dff/q_reg/C is not reached by a timing clock
Related violations: <none>

TIMING-17#348 Critical Warning
Non-clocked sequential cell  
The clock pin CPU/mw/dff_loop[20].dff/q_reg/C is not reached by a timing clock
Related violations: <none>

TIMING-17#349 Critical Warning
Non-clocked sequential cell  
The clock pin CPU/mw/dff_loop[21].dff/q_reg/C is not reached by a timing clock
Related violations: <none>

TIMING-17#350 Critical Warning
Non-clocked sequential cell  
The clock pin CPU/mw/dff_loop[22].dff/q_reg/C is not reached by a timing clock
Related violations: <none>

TIMING-17#351 Critical Warning
Non-clocked sequential cell  
The clock pin CPU/mw/dff_loop[23].dff/q_reg/C is not reached by a timing clock
Related violations: <none>

TIMING-17#352 Critical Warning
Non-clocked sequential cell  
The clock pin CPU/mw/dff_loop[24].dff/q_reg/C is not reached by a timing clock
Related violations: <none>

TIMING-17#353 Critical Warning
Non-clocked sequential cell  
The clock pin CPU/mw/dff_loop[25].dff/q_reg/C is not reached by a timing clock
Related violations: <none>

TIMING-17#354 Critical Warning
Non-clocked sequential cell  
The clock pin CPU/mw/dff_loop[26].dff/q_reg/C is not reached by a timing clock
Related violations: <none>

TIMING-17#355 Critical Warning
Non-clocked sequential cell  
The clock pin CPU/mw/dff_loop[27].dff/q_reg/C is not reached by a timing clock
Related violations: <none>

TIMING-17#356 Critical Warning
Non-clocked sequential cell  
The clock pin CPU/mw/dff_loop[28].dff/q_reg/C is not reached by a timing clock
Related violations: <none>

TIMING-17#357 Critical Warning
Non-clocked sequential cell  
The clock pin CPU/mw/dff_loop[2].dff/q_reg/C is not reached by a timing clock
Related violations: <none>

TIMING-17#358 Critical Warning
Non-clocked sequential cell  
The clock pin CPU/mw/dff_loop[30].dff/q_reg/C is not reached by a timing clock
Related violations: <none>

TIMING-17#359 Critical Warning
Non-clocked sequential cell  
The clock pin CPU/mw/dff_loop[32].dff/q_reg/C is not reached by a timing clock
Related violations: <none>

TIMING-17#360 Critical Warning
Non-clocked sequential cell  
The clock pin CPU/mw/dff_loop[33].dff/q_reg/C is not reached by a timing clock
Related violations: <none>

TIMING-17#361 Critical Warning
Non-clocked sequential cell  
The clock pin CPU/mw/dff_loop[34].dff/q_reg/C is not reached by a timing clock
Related violations: <none>

TIMING-17#362 Critical Warning
Non-clocked sequential cell  
The clock pin CPU/mw/dff_loop[35].dff/q_reg/C is not reached by a timing clock
Related violations: <none>

TIMING-17#363 Critical Warning
Non-clocked sequential cell  
The clock pin CPU/mw/dff_loop[36].dff/q_reg/C is not reached by a timing clock
Related violations: <none>

TIMING-17#364 Critical Warning
Non-clocked sequential cell  
The clock pin CPU/mw/dff_loop[37].dff/q_reg/C is not reached by a timing clock
Related violations: <none>

TIMING-17#365 Critical Warning
Non-clocked sequential cell  
The clock pin CPU/mw/dff_loop[38].dff/q_reg/C is not reached by a timing clock
Related violations: <none>

TIMING-17#366 Critical Warning
Non-clocked sequential cell  
The clock pin CPU/mw/dff_loop[39].dff/q_reg/C is not reached by a timing clock
Related violations: <none>

TIMING-17#367 Critical Warning
Non-clocked sequential cell  
The clock pin CPU/mw/dff_loop[3].dff/q_reg/C is not reached by a timing clock
Related violations: <none>

TIMING-17#368 Critical Warning
Non-clocked sequential cell  
The clock pin CPU/mw/dff_loop[40].dff/q_reg/C is not reached by a timing clock
Related violations: <none>

TIMING-17#369 Critical Warning
Non-clocked sequential cell  
The clock pin CPU/mw/dff_loop[41].dff/q_reg/C is not reached by a timing clock
Related violations: <none>

TIMING-17#370 Critical Warning
Non-clocked sequential cell  
The clock pin CPU/mw/dff_loop[42].dff/q_reg/C is not reached by a timing clock
Related violations: <none>

TIMING-17#371 Critical Warning
Non-clocked sequential cell  
The clock pin CPU/mw/dff_loop[43].dff/q_reg/C is not reached by a timing clock
Related violations: <none>

TIMING-17#372 Critical Warning
Non-clocked sequential cell  
The clock pin CPU/mw/dff_loop[44].dff/q_reg/C is not reached by a timing clock
Related violations: <none>

TIMING-17#373 Critical Warning
Non-clocked sequential cell  
The clock pin CPU/mw/dff_loop[45].dff/q_reg/C is not reached by a timing clock
Related violations: <none>

TIMING-17#374 Critical Warning
Non-clocked sequential cell  
The clock pin CPU/mw/dff_loop[46].dff/q_reg/C is not reached by a timing clock
Related violations: <none>

TIMING-17#375 Critical Warning
Non-clocked sequential cell  
The clock pin CPU/mw/dff_loop[47].dff/q_reg/C is not reached by a timing clock
Related violations: <none>

TIMING-17#376 Critical Warning
Non-clocked sequential cell  
The clock pin CPU/mw/dff_loop[4].dff/q_reg/C is not reached by a timing clock
Related violations: <none>

TIMING-17#377 Critical Warning
Non-clocked sequential cell  
The clock pin CPU/mw/dff_loop[64].dff/q_reg/C is not reached by a timing clock
Related violations: <none>

TIMING-17#378 Critical Warning
Non-clocked sequential cell  
The clock pin CPU/mw/dff_loop[65].dff/q_reg/C is not reached by a timing clock
Related violations: <none>

TIMING-17#379 Critical Warning
Non-clocked sequential cell  
The clock pin CPU/mw/dff_loop[66].dff/q_reg/C is not reached by a timing clock
Related violations: <none>

TIMING-17#380 Critical Warning
Non-clocked sequential cell  
The clock pin CPU/mw/dff_loop[67].dff/q_reg/C is not reached by a timing clock
Related violations: <none>

TIMING-17#381 Critical Warning
Non-clocked sequential cell  
The clock pin CPU/mw/dff_loop[68].dff/q_reg/C is not reached by a timing clock
Related violations: <none>

TIMING-17#382 Critical Warning
Non-clocked sequential cell  
The clock pin CPU/mw/dff_loop[69].dff/q_reg/C is not reached by a timing clock
Related violations: <none>

TIMING-17#383 Critical Warning
Non-clocked sequential cell  
The clock pin CPU/mw/dff_loop[70].dff/q_reg/C is not reached by a timing clock
Related violations: <none>

TIMING-17#384 Critical Warning
Non-clocked sequential cell  
The clock pin CPU/mw/dff_loop[71].dff/q_reg/C is not reached by a timing clock
Related violations: <none>

TIMING-17#385 Critical Warning
Non-clocked sequential cell  
The clock pin CPU/mw/dff_loop[72].dff/q_reg/C is not reached by a timing clock
Related violations: <none>

TIMING-17#386 Critical Warning
Non-clocked sequential cell  
The clock pin CPU/mw/dff_loop[73].dff/q_reg/C is not reached by a timing clock
Related violations: <none>

TIMING-17#387 Critical Warning
Non-clocked sequential cell  
The clock pin CPU/mw/dff_loop[74].dff/q_reg/C is not reached by a timing clock
Related violations: <none>

TIMING-17#388 Critical Warning
Non-clocked sequential cell  
The clock pin CPU/mw/dff_loop[75].dff/q_reg/C is not reached by a timing clock
Related violations: <none>

TIMING-17#389 Critical Warning
Non-clocked sequential cell  
The clock pin CPU/mw/dff_loop[76].dff/q_reg/C is not reached by a timing clock
Related violations: <none>

TIMING-17#390 Critical Warning
Non-clocked sequential cell  
The clock pin CPU/mw/dff_loop[77].dff/q_reg/C is not reached by a timing clock
Related violations: <none>

TIMING-17#391 Critical Warning
Non-clocked sequential cell  
The clock pin CPU/mw/dff_loop[78].dff/q_reg/C is not reached by a timing clock
Related violations: <none>

TIMING-17#392 Critical Warning
Non-clocked sequential cell  
The clock pin CPU/mw/dff_loop[79].dff/q_reg/C is not reached by a timing clock
Related violations: <none>

TIMING-17#393 Critical Warning
Non-clocked sequential cell  
The clock pin CPU/mw/dff_loop[80].dff/q_reg/C is not reached by a timing clock
Related violations: <none>

TIMING-17#394 Critical Warning
Non-clocked sequential cell  
The clock pin CPU/mw/dff_loop[81].dff/q_reg/C is not reached by a timing clock
Related violations: <none>

TIMING-17#395 Critical Warning
Non-clocked sequential cell  
The clock pin CPU/mw/dff_loop[82].dff/q_reg/C is not reached by a timing clock
Related violations: <none>

TIMING-17#396 Critical Warning
Non-clocked sequential cell  
The clock pin CPU/mw/dff_loop[83].dff/q_reg/C is not reached by a timing clock
Related violations: <none>

TIMING-17#397 Critical Warning
Non-clocked sequential cell  
The clock pin CPU/mw/dff_loop[84].dff/q_reg/C is not reached by a timing clock
Related violations: <none>

TIMING-17#398 Critical Warning
Non-clocked sequential cell  
The clock pin CPU/mw/dff_loop[85].dff/q_reg/C is not reached by a timing clock
Related violations: <none>

TIMING-17#399 Critical Warning
Non-clocked sequential cell  
The clock pin CPU/mw/dff_loop[86].dff/q_reg/C is not reached by a timing clock
Related violations: <none>

TIMING-17#400 Critical Warning
Non-clocked sequential cell  
The clock pin CPU/mw/dff_loop[87].dff/q_reg/C is not reached by a timing clock
Related violations: <none>

TIMING-17#401 Critical Warning
Non-clocked sequential cell  
The clock pin CPU/mw/dff_loop[88].dff/q_reg/C is not reached by a timing clock
Related violations: <none>

TIMING-17#402 Critical Warning
Non-clocked sequential cell  
The clock pin CPU/mw/dff_loop[89].dff/q_reg/C is not reached by a timing clock
Related violations: <none>

TIMING-17#403 Critical Warning
Non-clocked sequential cell  
The clock pin CPU/mw/dff_loop[90].dff/q_reg/C is not reached by a timing clock
Related violations: <none>

TIMING-17#404 Critical Warning
Non-clocked sequential cell  
The clock pin CPU/mw/dff_loop[91].dff/q_reg/C is not reached by a timing clock
Related violations: <none>

TIMING-17#405 Critical Warning
Non-clocked sequential cell  
The clock pin CPU/mw/dff_loop[92].dff/q_reg/C is not reached by a timing clock
Related violations: <none>

TIMING-17#406 Critical Warning
Non-clocked sequential cell  
The clock pin CPU/mw/dff_loop[93].dff/q_reg/C is not reached by a timing clock
Related violations: <none>

TIMING-17#407 Critical Warning
Non-clocked sequential cell  
The clock pin CPU/mw/dff_loop[94].dff/q_reg/C is not reached by a timing clock
Related violations: <none>

TIMING-17#408 Critical Warning
Non-clocked sequential cell  
The clock pin CPU/mw/dff_loop[95].dff/q_reg/C is not reached by a timing clock
Related violations: <none>

TIMING-17#409 Critical Warning
Non-clocked sequential cell  
The clock pin CPU/pc/dff_loop[0].dff/q_reg/C is not reached by a timing clock
Related violations: <none>

TIMING-17#410 Critical Warning
Non-clocked sequential cell  
The clock pin CPU/pc/dff_loop[10].dff/q_reg/C is not reached by a timing clock
Related violations: <none>

TIMING-17#411 Critical Warning
Non-clocked sequential cell  
The clock pin CPU/pc/dff_loop[11].dff/q_reg/C is not reached by a timing clock
Related violations: <none>

TIMING-17#412 Critical Warning
Non-clocked sequential cell  
The clock pin CPU/pc/dff_loop[1].dff/q_reg/C is not reached by a timing clock
Related violations: <none>

TIMING-17#413 Critical Warning
Non-clocked sequential cell  
The clock pin CPU/pc/dff_loop[2].dff/q_reg/C is not reached by a timing clock
Related violations: <none>

TIMING-17#414 Critical Warning
Non-clocked sequential cell  
The clock pin CPU/pc/dff_loop[3].dff/q_reg/C is not reached by a timing clock
Related violations: <none>

TIMING-17#415 Critical Warning
Non-clocked sequential cell  
The clock pin CPU/pc/dff_loop[4].dff/q_reg/C is not reached by a timing clock
Related violations: <none>

TIMING-17#416 Critical Warning
Non-clocked sequential cell  
The clock pin CPU/pc/dff_loop[5].dff/q_reg/C is not reached by a timing clock
Related violations: <none>

TIMING-17#417 Critical Warning
Non-clocked sequential cell  
The clock pin CPU/pc/dff_loop[6].dff/q_reg/C is not reached by a timing clock
Related violations: <none>

TIMING-17#418 Critical Warning
Non-clocked sequential cell  
The clock pin CPU/pc/dff_loop[7].dff/q_reg/C is not reached by a timing clock
Related violations: <none>

TIMING-17#419 Critical Warning
Non-clocked sequential cell  
The clock pin CPU/pc/dff_loop[8].dff/q_reg/C is not reached by a timing clock
Related violations: <none>

TIMING-17#420 Critical Warning
Non-clocked sequential cell  
The clock pin CPU/pc/dff_loop[9].dff/q_reg/C is not reached by a timing clock
Related violations: <none>

TIMING-17#421 Critical Warning
Non-clocked sequential cell  
The clock pin CPU/pw/dff_loop[0].dff/q_reg/C is not reached by a timing clock
Related violations: <none>

TIMING-17#422 Critical Warning
Non-clocked sequential cell  
The clock pin CPU/pw/dff_loop[10].dff/q_reg/C is not reached by a timing clock
Related violations: <none>

TIMING-17#423 Critical Warning
Non-clocked sequential cell  
The clock pin CPU/pw/dff_loop[11].dff/q_reg/C is not reached by a timing clock
Related violations: <none>

TIMING-17#424 Critical Warning
Non-clocked sequential cell  
The clock pin CPU/pw/dff_loop[12].dff/q_reg/C is not reached by a timing clock
Related violations: <none>

TIMING-17#425 Critical Warning
Non-clocked sequential cell  
The clock pin CPU/pw/dff_loop[13].dff/q_reg/C is not reached by a timing clock
Related violations: <none>

TIMING-17#426 Critical Warning
Non-clocked sequential cell  
The clock pin CPU/pw/dff_loop[14].dff/q_reg/C is not reached by a timing clock
Related violations: <none>

TIMING-17#427 Critical Warning
Non-clocked sequential cell  
The clock pin CPU/pw/dff_loop[15].dff/q_reg/C is not reached by a timing clock
Related violations: <none>

TIMING-17#428 Critical Warning
Non-clocked sequential cell  
The clock pin CPU/pw/dff_loop[16].dff/q_reg/C is not reached by a timing clock
Related violations: <none>

TIMING-17#429 Critical Warning
Non-clocked sequential cell  
The clock pin CPU/pw/dff_loop[17].dff/q_reg/C is not reached by a timing clock
Related violations: <none>

TIMING-17#430 Critical Warning
Non-clocked sequential cell  
The clock pin CPU/pw/dff_loop[18].dff/q_reg/C is not reached by a timing clock
Related violations: <none>

TIMING-17#431 Critical Warning
Non-clocked sequential cell  
The clock pin CPU/pw/dff_loop[19].dff/q_reg/C is not reached by a timing clock
Related violations: <none>

TIMING-17#432 Critical Warning
Non-clocked sequential cell  
The clock pin CPU/pw/dff_loop[1].dff/q_reg/C is not reached by a timing clock
Related violations: <none>

TIMING-17#433 Critical Warning
Non-clocked sequential cell  
The clock pin CPU/pw/dff_loop[20].dff/q_reg/C is not reached by a timing clock
Related violations: <none>

TIMING-17#434 Critical Warning
Non-clocked sequential cell  
The clock pin CPU/pw/dff_loop[21].dff/q_reg/C is not reached by a timing clock
Related violations: <none>

TIMING-17#435 Critical Warning
Non-clocked sequential cell  
The clock pin CPU/pw/dff_loop[22].dff/q_reg/C is not reached by a timing clock
Related violations: <none>

TIMING-17#436 Critical Warning
Non-clocked sequential cell  
The clock pin CPU/pw/dff_loop[23].dff/q_reg/C is not reached by a timing clock
Related violations: <none>

TIMING-17#437 Critical Warning
Non-clocked sequential cell  
The clock pin CPU/pw/dff_loop[24].dff/q_reg/C is not reached by a timing clock
Related violations: <none>

TIMING-17#438 Critical Warning
Non-clocked sequential cell  
The clock pin CPU/pw/dff_loop[25].dff/q_reg/C is not reached by a timing clock
Related violations: <none>

TIMING-17#439 Critical Warning
Non-clocked sequential cell  
The clock pin CPU/pw/dff_loop[26].dff/q_reg/C is not reached by a timing clock
Related violations: <none>

TIMING-17#440 Critical Warning
Non-clocked sequential cell  
The clock pin CPU/pw/dff_loop[27].dff/q_reg/C is not reached by a timing clock
Related violations: <none>

TIMING-17#441 Critical Warning
Non-clocked sequential cell  
The clock pin CPU/pw/dff_loop[28].dff/q_reg/C is not reached by a timing clock
Related violations: <none>

TIMING-17#442 Critical Warning
Non-clocked sequential cell  
The clock pin CPU/pw/dff_loop[29].dff/q_reg/C is not reached by a timing clock
Related violations: <none>

TIMING-17#443 Critical Warning
Non-clocked sequential cell  
The clock pin CPU/pw/dff_loop[2].dff/q_reg/C is not reached by a timing clock
Related violations: <none>

TIMING-17#444 Critical Warning
Non-clocked sequential cell  
The clock pin CPU/pw/dff_loop[30].dff/q_reg/C is not reached by a timing clock
Related violations: <none>

TIMING-17#445 Critical Warning
Non-clocked sequential cell  
The clock pin CPU/pw/dff_loop[31].dff/q_reg/C is not reached by a timing clock
Related violations: <none>

TIMING-17#446 Critical Warning
Non-clocked sequential cell  
The clock pin CPU/pw/dff_loop[32].dff/q_reg/C is not reached by a timing clock
Related violations: <none>

TIMING-17#447 Critical Warning
Non-clocked sequential cell  
The clock pin CPU/pw/dff_loop[33].dff/q_reg/C is not reached by a timing clock
Related violations: <none>

TIMING-17#448 Critical Warning
Non-clocked sequential cell  
The clock pin CPU/pw/dff_loop[34].dff/q_reg/C is not reached by a timing clock
Related violations: <none>

TIMING-17#449 Critical Warning
Non-clocked sequential cell  
The clock pin CPU/pw/dff_loop[35].dff/q_reg/C is not reached by a timing clock
Related violations: <none>

TIMING-17#450 Critical Warning
Non-clocked sequential cell  
The clock pin CPU/pw/dff_loop[36].dff/q_reg/C is not reached by a timing clock
Related violations: <none>

TIMING-17#451 Critical Warning
Non-clocked sequential cell  
The clock pin CPU/pw/dff_loop[37].dff/q_reg/C is not reached by a timing clock
Related violations: <none>

TIMING-17#452 Critical Warning
Non-clocked sequential cell  
The clock pin CPU/pw/dff_loop[38].dff/q_reg/C is not reached by a timing clock
Related violations: <none>

TIMING-17#453 Critical Warning
Non-clocked sequential cell  
The clock pin CPU/pw/dff_loop[3].dff/q_reg/C is not reached by a timing clock
Related violations: <none>

TIMING-17#454 Critical Warning
Non-clocked sequential cell  
The clock pin CPU/pw/dff_loop[4].dff/q_reg/C is not reached by a timing clock
Related violations: <none>

TIMING-17#455 Critical Warning
Non-clocked sequential cell  
The clock pin CPU/pw/dff_loop[5].dff/q_reg/C is not reached by a timing clock
Related violations: <none>

TIMING-17#456 Critical Warning
Non-clocked sequential cell  
The clock pin CPU/pw/dff_loop[6].dff/q_reg/C is not reached by a timing clock
Related violations: <none>

TIMING-17#457 Critical Warning
Non-clocked sequential cell  
The clock pin CPU/pw/dff_loop[7].dff/q_reg/C is not reached by a timing clock
Related violations: <none>

TIMING-17#458 Critical Warning
Non-clocked sequential cell  
The clock pin CPU/pw/dff_loop[8].dff/q_reg/C is not reached by a timing clock
Related violations: <none>

TIMING-17#459 Critical Warning
Non-clocked sequential cell  
The clock pin CPU/pw/dff_loop[9].dff/q_reg/C is not reached by a timing clock
Related violations: <none>

TIMING-17#460 Critical Warning
Non-clocked sequential cell  
The clock pin CPU/xm/dff_loop[0].dff/q_reg/C is not reached by a timing clock
Related violations: <none>

TIMING-17#461 Critical Warning
Non-clocked sequential cell  
The clock pin CPU/xm/dff_loop[128].dff/q_reg/C is not reached by a timing clock
Related violations: <none>

TIMING-17#462 Critical Warning
Non-clocked sequential cell  
The clock pin CPU/xm/dff_loop[13].dff/q_reg/C is not reached by a timing clock
Related violations: <none>

TIMING-17#463 Critical Warning
Non-clocked sequential cell  
The clock pin CPU/xm/dff_loop[14].dff/q_reg/C is not reached by a timing clock
Related violations: <none>

TIMING-17#464 Critical Warning
Non-clocked sequential cell  
The clock pin CPU/xm/dff_loop[16].dff/q_reg/C is not reached by a timing clock
Related violations: <none>

TIMING-17#465 Critical Warning
Non-clocked sequential cell  
The clock pin CPU/xm/dff_loop[17].dff/q_reg/C is not reached by a timing clock
Related violations: <none>

TIMING-17#466 Critical Warning
Non-clocked sequential cell  
The clock pin CPU/xm/dff_loop[19].dff/q_reg/C is not reached by a timing clock
Related violations: <none>

TIMING-17#467 Critical Warning
Non-clocked sequential cell  
The clock pin CPU/xm/dff_loop[1].dff/q_reg/C is not reached by a timing clock
Related violations: <none>

TIMING-17#468 Critical Warning
Non-clocked sequential cell  
The clock pin CPU/xm/dff_loop[20].dff/q_reg/C is not reached by a timing clock
Related violations: <none>

TIMING-17#469 Critical Warning
Non-clocked sequential cell  
The clock pin CPU/xm/dff_loop[21].dff/q_reg/C is not reached by a timing clock
Related violations: <none>

TIMING-17#470 Critical Warning
Non-clocked sequential cell  
The clock pin CPU/xm/dff_loop[22].dff/q_reg/C is not reached by a timing clock
Related violations: <none>

TIMING-17#471 Critical Warning
Non-clocked sequential cell  
The clock pin CPU/xm/dff_loop[23].dff/q_reg/C is not reached by a timing clock
Related violations: <none>

TIMING-17#472 Critical Warning
Non-clocked sequential cell  
The clock pin CPU/xm/dff_loop[24].dff/q_reg/C is not reached by a timing clock
Related violations: <none>

TIMING-17#473 Critical Warning
Non-clocked sequential cell  
The clock pin CPU/xm/dff_loop[25].dff/q_reg/C is not reached by a timing clock
Related violations: <none>

TIMING-17#474 Critical Warning
Non-clocked sequential cell  
The clock pin CPU/xm/dff_loop[26].dff/q_reg/C is not reached by a timing clock
Related violations: <none>

TIMING-17#475 Critical Warning
Non-clocked sequential cell  
The clock pin CPU/xm/dff_loop[27].dff/q_reg/C is not reached by a timing clock
Related violations: <none>

TIMING-17#476 Critical Warning
Non-clocked sequential cell  
The clock pin CPU/xm/dff_loop[28].dff/q_reg/C is not reached by a timing clock
Related violations: <none>

TIMING-17#477 Critical Warning
Non-clocked sequential cell  
The clock pin CPU/xm/dff_loop[2].dff/q_reg/C is not reached by a timing clock
Related violations: <none>

TIMING-17#478 Critical Warning
Non-clocked sequential cell  
The clock pin CPU/xm/dff_loop[30].dff/q_reg/C is not reached by a timing clock
Related violations: <none>

TIMING-17#479 Critical Warning
Non-clocked sequential cell  
The clock pin CPU/xm/dff_loop[32].dff/q_reg/C is not reached by a timing clock
Related violations: <none>

TIMING-17#480 Critical Warning
Non-clocked sequential cell  
The clock pin CPU/xm/dff_loop[33].dff/q_reg/C is not reached by a timing clock
Related violations: <none>

TIMING-17#481 Critical Warning
Non-clocked sequential cell  
The clock pin CPU/xm/dff_loop[34].dff/q_reg/C is not reached by a timing clock
Related violations: <none>

TIMING-17#482 Critical Warning
Non-clocked sequential cell  
The clock pin CPU/xm/dff_loop[35].dff/q_reg/C is not reached by a timing clock
Related violations: <none>

TIMING-17#483 Critical Warning
Non-clocked sequential cell  
The clock pin CPU/xm/dff_loop[36].dff/q_reg/C is not reached by a timing clock
Related violations: <none>

TIMING-17#484 Critical Warning
Non-clocked sequential cell  
The clock pin CPU/xm/dff_loop[37].dff/q_reg/C is not reached by a timing clock
Related violations: <none>

TIMING-17#485 Critical Warning
Non-clocked sequential cell  
The clock pin CPU/xm/dff_loop[38].dff/q_reg/C is not reached by a timing clock
Related violations: <none>

TIMING-17#486 Critical Warning
Non-clocked sequential cell  
The clock pin CPU/xm/dff_loop[39].dff/q_reg/C is not reached by a timing clock
Related violations: <none>

TIMING-17#487 Critical Warning
Non-clocked sequential cell  
The clock pin CPU/xm/dff_loop[3].dff/q_reg/C is not reached by a timing clock
Related violations: <none>

TIMING-17#488 Critical Warning
Non-clocked sequential cell  
The clock pin CPU/xm/dff_loop[40].dff/q_reg/C is not reached by a timing clock
Related violations: <none>

TIMING-17#489 Critical Warning
Non-clocked sequential cell  
The clock pin CPU/xm/dff_loop[41].dff/q_reg/C is not reached by a timing clock
Related violations: <none>

TIMING-17#490 Critical Warning
Non-clocked sequential cell  
The clock pin CPU/xm/dff_loop[42].dff/q_reg/C is not reached by a timing clock
Related violations: <none>

TIMING-17#491 Critical Warning
Non-clocked sequential cell  
The clock pin CPU/xm/dff_loop[43].dff/q_reg/C is not reached by a timing clock
Related violations: <none>

TIMING-17#492 Critical Warning
Non-clocked sequential cell  
The clock pin CPU/xm/dff_loop[44].dff/q_reg/C is not reached by a timing clock
Related violations: <none>

TIMING-17#493 Critical Warning
Non-clocked sequential cell  
The clock pin CPU/xm/dff_loop[45].dff/q_reg/C is not reached by a timing clock
Related violations: <none>

TIMING-17#494 Critical Warning
Non-clocked sequential cell  
The clock pin CPU/xm/dff_loop[46].dff/q_reg/C is not reached by a timing clock
Related violations: <none>

TIMING-17#495 Critical Warning
Non-clocked sequential cell  
The clock pin CPU/xm/dff_loop[47].dff/q_reg/C is not reached by a timing clock
Related violations: <none>

TIMING-17#496 Critical Warning
Non-clocked sequential cell  
The clock pin CPU/xm/dff_loop[4].dff/q_reg/C is not reached by a timing clock
Related violations: <none>

TIMING-17#497 Critical Warning
Non-clocked sequential cell  
The clock pin CPU/xm/dff_loop[64].dff/q_reg/C is not reached by a timing clock
Related violations: <none>

TIMING-17#498 Critical Warning
Non-clocked sequential cell  
The clock pin CPU/xm/dff_loop[65].dff/q_reg/C is not reached by a timing clock
Related violations: <none>

TIMING-17#499 Critical Warning
Non-clocked sequential cell  
The clock pin CPU/xm/dff_loop[66].dff/q_reg/C is not reached by a timing clock
Related violations: <none>

TIMING-17#500 Critical Warning
Non-clocked sequential cell  
The clock pin CPU/xm/dff_loop[67].dff/q_reg/C is not reached by a timing clock
Related violations: <none>

TIMING-17#501 Critical Warning
Non-clocked sequential cell  
The clock pin CPU/xm/dff_loop[68].dff/q_reg/C is not reached by a timing clock
Related violations: <none>

TIMING-17#502 Critical Warning
Non-clocked sequential cell  
The clock pin CPU/xm/dff_loop[69].dff/q_reg/C is not reached by a timing clock
Related violations: <none>

TIMING-17#503 Critical Warning
Non-clocked sequential cell  
The clock pin CPU/xm/dff_loop[70].dff/q_reg/C is not reached by a timing clock
Related violations: <none>

TIMING-17#504 Critical Warning
Non-clocked sequential cell  
The clock pin CPU/xm/dff_loop[71].dff/q_reg/C is not reached by a timing clock
Related violations: <none>

TIMING-17#505 Critical Warning
Non-clocked sequential cell  
The clock pin CPU/xm/dff_loop[72].dff/q_reg/C is not reached by a timing clock
Related violations: <none>

TIMING-17#506 Critical Warning
Non-clocked sequential cell  
The clock pin CPU/xm/dff_loop[73].dff/q_reg/C is not reached by a timing clock
Related violations: <none>

TIMING-17#507 Critical Warning
Non-clocked sequential cell  
The clock pin CPU/xm/dff_loop[74].dff/q_reg/C is not reached by a timing clock
Related violations: <none>

TIMING-17#508 Critical Warning
Non-clocked sequential cell  
The clock pin CPU/xm/dff_loop[75].dff/q_reg/C is not reached by a timing clock
Related violations: <none>

TIMING-17#509 Critical Warning
Non-clocked sequential cell  
The clock pin CPU/xm/dff_loop[76].dff/q_reg/C is not reached by a timing clock
Related violations: <none>

TIMING-17#510 Critical Warning
Non-clocked sequential cell  
The clock pin CPU/xm/dff_loop[77].dff/q_reg/C is not reached by a timing clock
Related violations: <none>

TIMING-17#511 Critical Warning
Non-clocked sequential cell  
The clock pin CPU/xm/dff_loop[78].dff/q_reg/C is not reached by a timing clock
Related violations: <none>

TIMING-17#512 Critical Warning
Non-clocked sequential cell  
The clock pin CPU/xm/dff_loop[79].dff/q_reg/C is not reached by a timing clock
Related violations: <none>

TIMING-17#513 Critical Warning
Non-clocked sequential cell  
The clock pin CPU/xm/dff_loop[80].dff/q_reg/C is not reached by a timing clock
Related violations: <none>

TIMING-17#514 Critical Warning
Non-clocked sequential cell  
The clock pin CPU/xm/dff_loop[81].dff/q_reg/C is not reached by a timing clock
Related violations: <none>

TIMING-17#515 Critical Warning
Non-clocked sequential cell  
The clock pin CPU/xm/dff_loop[82].dff/q_reg/C is not reached by a timing clock
Related violations: <none>

TIMING-17#516 Critical Warning
Non-clocked sequential cell  
The clock pin CPU/xm/dff_loop[83].dff/q_reg/C is not reached by a timing clock
Related violations: <none>

TIMING-17#517 Critical Warning
Non-clocked sequential cell  
The clock pin CPU/xm/dff_loop[84].dff/q_reg/C is not reached by a timing clock
Related violations: <none>

TIMING-17#518 Critical Warning
Non-clocked sequential cell  
The clock pin CPU/xm/dff_loop[85].dff/q_reg/C is not reached by a timing clock
Related violations: <none>

TIMING-17#519 Critical Warning
Non-clocked sequential cell  
The clock pin CPU/xm/dff_loop[86].dff/q_reg/C is not reached by a timing clock
Related violations: <none>

TIMING-17#520 Critical Warning
Non-clocked sequential cell  
The clock pin CPU/xm/dff_loop[87].dff/q_reg/C is not reached by a timing clock
Related violations: <none>

TIMING-17#521 Critical Warning
Non-clocked sequential cell  
The clock pin CPU/xm/dff_loop[88].dff/q_reg/C is not reached by a timing clock
Related violations: <none>

TIMING-17#522 Critical Warning
Non-clocked sequential cell  
The clock pin CPU/xm/dff_loop[89].dff/q_reg/C is not reached by a timing clock
Related violations: <none>

TIMING-17#523 Critical Warning
Non-clocked sequential cell  
The clock pin CPU/xm/dff_loop[90].dff/q_reg/C is not reached by a timing clock
Related violations: <none>

TIMING-17#524 Critical Warning
Non-clocked sequential cell  
The clock pin CPU/xm/dff_loop[91].dff/q_reg/C is not reached by a timing clock
Related violations: <none>

TIMING-17#525 Critical Warning
Non-clocked sequential cell  
The clock pin CPU/xm/dff_loop[92].dff/q_reg/C is not reached by a timing clock
Related violations: <none>

TIMING-17#526 Critical Warning
Non-clocked sequential cell  
The clock pin CPU/xm/dff_loop[93].dff/q_reg/C is not reached by a timing clock
Related violations: <none>

TIMING-17#527 Critical Warning
Non-clocked sequential cell  
The clock pin CPU/xm/dff_loop[94].dff/q_reg/C is not reached by a timing clock
Related violations: <none>

TIMING-17#528 Critical Warning
Non-clocked sequential cell  
The clock pin CPU/xm/dff_loop[95].dff/q_reg/C is not reached by a timing clock
Related violations: <none>

LUTAR-1#1 Warning
LUT drives async reset alert  
LUT cell CPU/dx/dff_loop[16].dff/q_i_2__96, with 2 or more inputs, drives asynchronous preset/clear pin(s) CPU/mdunit/divider/HILO/dff_loop[0].dff/q_reg/CLR,
CPU/mdunit/divider/HILO/dff_loop[10].dff/q_reg/CLR,
CPU/mdunit/divider/HILO/dff_loop[11].dff/q_reg/CLR,
CPU/mdunit/divider/HILO/dff_loop[12].dff/q_reg/CLR,
CPU/mdunit/divider/HILO/dff_loop[13].dff/q_reg/CLR,
CPU/mdunit/divider/HILO/dff_loop[14].dff/q_reg/CLR,
CPU/mdunit/divider/HILO/dff_loop[15].dff/q_reg/CLR,
CPU/mdunit/divider/HILO/dff_loop[16].dff/q_reg/CLR,
CPU/mdunit/divider/HILO/dff_loop[17].dff/q_reg/CLR,
CPU/mdunit/divider/HILO/dff_loop[18].dff/q_reg/CLR,
CPU/mdunit/divider/HILO/dff_loop[19].dff/q_reg/CLR,
CPU/mdunit/divider/HILO/dff_loop[1].dff/q_reg/CLR,
CPU/mdunit/divider/HILO/dff_loop[20].dff/q_reg/CLR,
CPU/mdunit/divider/HILO/dff_loop[21].dff/q_reg/CLR,
CPU/mdunit/divider/HILO/dff_loop[22].dff/q_reg/CLR
 (the first 15 of 139 listed). The LUT may glitch and trigger an unexpected reset, even if it is a properly timed path.
Related violations: <none>

TIMING-18#1 Warning
Missing input or output delay  
An input delay is missing on BTNU relative to clock(s) sys_clk_pin
Related violations: <none>

TIMING-18#2 Warning
Missing input or output delay  
An input delay is missing on SW[0] relative to clock(s) sys_clk_pin
Related violations: <none>

TIMING-18#3 Warning
Missing input or output delay  
An input delay is missing on SW[10] relative to clock(s) sys_clk_pin
Related violations: <none>

TIMING-18#4 Warning
Missing input or output delay  
An input delay is missing on SW[11] relative to clock(s) sys_clk_pin
Related violations: <none>

TIMING-18#5 Warning
Missing input or output delay  
An input delay is missing on SW[12] relative to clock(s) sys_clk_pin
Related violations: <none>

TIMING-18#6 Warning
Missing input or output delay  
An input delay is missing on SW[13] relative to clock(s) sys_clk_pin
Related violations: <none>

TIMING-18#7 Warning
Missing input or output delay  
An input delay is missing on SW[14] relative to clock(s) sys_clk_pin
Related violations: <none>

TIMING-18#8 Warning
Missing input or output delay  
An input delay is missing on SW[15] relative to clock(s) sys_clk_pin
Related violations: <none>

TIMING-18#9 Warning
Missing input or output delay  
An input delay is missing on SW[1] relative to clock(s) sys_clk_pin
Related violations: <none>

TIMING-18#10 Warning
Missing input or output delay  
An input delay is missing on SW[2] relative to clock(s) sys_clk_pin
Related violations: <none>

TIMING-18#11 Warning
Missing input or output delay  
An input delay is missing on SW[3] relative to clock(s) sys_clk_pin
Related violations: <none>

TIMING-18#12 Warning
Missing input or output delay  
An input delay is missing on SW[4] relative to clock(s) sys_clk_pin
Related violations: <none>

TIMING-18#13 Warning
Missing input or output delay  
An input delay is missing on SW[5] relative to clock(s) sys_clk_pin
Related violations: <none>

TIMING-18#14 Warning
Missing input or output delay  
An input delay is missing on SW[6] relative to clock(s) sys_clk_pin
Related violations: <none>

TIMING-18#15 Warning
Missing input or output delay  
An input delay is missing on SW[7] relative to clock(s) sys_clk_pin
Related violations: <none>

TIMING-18#16 Warning
Missing input or output delay  
An input delay is missing on SW[8] relative to clock(s) sys_clk_pin
Related violations: <none>

TIMING-18#17 Warning
Missing input or output delay  
An input delay is missing on SW[9] relative to clock(s) sys_clk_pin
Related violations: <none>

TIMING-18#18 Warning
Missing input or output delay  
An output delay is missing on LED[0] relative to clock(s) sys_clk_pin
Related violations: <none>

TIMING-18#19 Warning
Missing input or output delay  
An output delay is missing on LED[10] relative to clock(s) sys_clk_pin
Related violations: <none>

TIMING-18#20 Warning
Missing input or output delay  
An output delay is missing on LED[11] relative to clock(s) sys_clk_pin
Related violations: <none>

TIMING-18#21 Warning
Missing input or output delay  
An output delay is missing on LED[12] relative to clock(s) sys_clk_pin
Related violations: <none>

TIMING-18#22 Warning
Missing input or output delay  
An output delay is missing on LED[13] relative to clock(s) sys_clk_pin
Related violations: <none>

TIMING-18#23 Warning
Missing input or output delay  
An output delay is missing on LED[14] relative to clock(s) sys_clk_pin
Related violations: <none>

TIMING-18#24 Warning
Missing input or output delay  
An output delay is missing on LED[15] relative to clock(s) sys_clk_pin
Related violations: <none>

TIMING-18#25 Warning
Missing input or output delay  
An output delay is missing on LED[1] relative to clock(s) sys_clk_pin
Related violations: <none>

TIMING-18#26 Warning
Missing input or output delay  
An output delay is missing on LED[2] relative to clock(s) sys_clk_pin
Related violations: <none>

TIMING-18#27 Warning
Missing input or output delay  
An output delay is missing on LED[3] relative to clock(s) sys_clk_pin
Related violations: <none>

TIMING-18#28 Warning
Missing input or output delay  
An output delay is missing on LED[4] relative to clock(s) sys_clk_pin
Related violations: <none>

TIMING-18#29 Warning
Missing input or output delay  
An output delay is missing on LED[5] relative to clock(s) sys_clk_pin
Related violations: <none>

TIMING-18#30 Warning
Missing input or output delay  
An output delay is missing on LED[6] relative to clock(s) sys_clk_pin
Related violations: <none>

TIMING-18#31 Warning
Missing input or output delay  
An output delay is missing on LED[7] relative to clock(s) sys_clk_pin
Related violations: <none>

TIMING-18#32 Warning
Missing input or output delay  
An output delay is missing on LED[8] relative to clock(s) sys_clk_pin
Related violations: <none>

TIMING-18#33 Warning
Missing input or output delay  
An output delay is missing on LED[9] relative to clock(s) sys_clk_pin
Related violations: <none>


