Vivado Simulator v2021.1
Copyright 1986-1999, 2001-2021 Xilinx, Inc. All Rights Reserved.
Running: C:/Xilinx/Vivado/2021.1/bin/unwrapped/win64.o/xelab.exe -wto 69628c6bba664eb9a1d99b5cfb75aa9b --incr --debug typical --relax --mt 2 --maxdelay -L xil_defaultlib -L simprims_ver -L secureip --snapshot Wrapper_time_impl -transport_int_delays -pulse_r 0 -pulse_int_r 0 -pulse_e 0 -pulse_int_e 0 xil_defaultlib.Wrapper xil_defaultlib.glbl -log elaborate.log 
Using 2 slave threads.
Starting static elaboration
Pass Through NonSizing Optimizer
Completed static elaboration
Starting simulation data flow analysis
Completed simulation data flow analysis
INFO: [XSIM 43-3451] SDF backannotation process started with SDF file "Wrapper_time_impl.sdf", for root module "Wrapper".
INFO: [XSIM 43-3452] SDF backannotation was successful for SDF file "Wrapper_time_impl.sdf", for root module "Wrapper".
Time Resolution for simulation is 1ps
Compiling module simprims_ver.IBUF
Compiling module simprims_ver.FDRE_default
Compiling module simprims_ver.x_lut2_mux4
Compiling module simprims_ver.LUT2
Compiling module simprims_ver.FDCE(IS_C_INVERTED=1'b1)
Compiling module xil_defaultlib.dffe_ref_1315
Compiling module xil_defaultlib.register__parameterized2
Compiling module simprims_ver.LUT6
Compiling module simprims_ver.x_lut3_mux8
Compiling module simprims_ver.LUT3
Compiling module simprims_ver.FDRE(IS_C_INVERTED=1'b1)
Compiling module simprims_ver.LUT4
Compiling module simprims_ver.LUT5
Compiling module xil_defaultlib.dffe_ref_1277
Compiling module xil_defaultlib.dffe_ref_1278
Compiling module xil_defaultlib.dffe_ref_1279
Compiling module xil_defaultlib.dffe_ref_1280
Compiling module xil_defaultlib.dffe_ref_1281
Compiling module xil_defaultlib.dffe_ref_1282
Compiling module xil_defaultlib.dffe_ref_1283
Compiling module xil_defaultlib.dffe_ref_1284
Compiling module xil_defaultlib.dffe_ref_1285
Compiling module xil_defaultlib.dffe_ref_1286
Compiling module xil_defaultlib.dffe_ref_1287
Compiling module xil_defaultlib.dffe_ref_1288
Compiling module xil_defaultlib.dffe_ref_1289
Compiling module xil_defaultlib.dffe_ref_1290
Compiling module xil_defaultlib.dffe_ref_1291
Compiling module xil_defaultlib.dffe_ref_1292
Compiling module xil_defaultlib.dffe_ref_1293
Compiling module xil_defaultlib.dffe_ref_1294
Compiling module xil_defaultlib.dffe_ref_1295
Compiling module xil_defaultlib.dffe_ref_1296
Compiling module xil_defaultlib.dffe_ref_1297
Compiling module xil_defaultlib.dffe_ref_1298
Compiling module xil_defaultlib.dffe_ref_1299
Compiling module xil_defaultlib.dffe_ref_1300
Compiling module xil_defaultlib.dffe_ref_1301
Compiling module xil_defaultlib.dffe_ref_1302
Compiling module xil_defaultlib.dffe_ref_1303
Compiling module xil_defaultlib.dffe_ref_1304
Compiling module xil_defaultlib.dffe_ref_1305
Compiling module xil_defaultlib.dffe_ref_1306
Compiling module xil_defaultlib.dffe_ref_1307
Compiling module xil_defaultlib.dffe_ref_1308
Compiling module xil_defaultlib.dffe_ref_1309
Compiling module xil_defaultlib.dffe_ref_1310
Compiling module xil_defaultlib.dffe_ref_1311
Compiling module xil_defaultlib.dffe_ref_1312
Compiling module xil_defaultlib.dffe_ref_1313
Compiling module xil_defaultlib.dffe_ref_1314
Compiling module xil_defaultlib.register__parameterized1
Compiling module xil_defaultlib.dffe_ref_1265
Compiling module xil_defaultlib.dffe_ref_1266
Compiling module xil_defaultlib.dffe_ref_1267
Compiling module xil_defaultlib.dffe_ref_1268
Compiling module simprims_ver.x_lut1_mux2
Compiling module simprims_ver.LUT1
Compiling module xil_defaultlib.dffe_ref_1269
Compiling module xil_defaultlib.dffe_ref_1270
Compiling module xil_defaultlib.dffe_ref_1271
Compiling module xil_defaultlib.dffe_ref_1272
Compiling module xil_defaultlib.dffe_ref_1273
Compiling module xil_defaultlib.dffe_ref_1274
Compiling module xil_defaultlib.dffe_ref_1275
Compiling module xil_defaultlib.dffe_ref_1276
Compiling module xil_defaultlib.register__parameterized0
Compiling module simprims_ver.CARRY4
Compiling module xil_defaultlib.dffe_ref_1228
Compiling module xil_defaultlib.dffe_ref_1229
Compiling module xil_defaultlib.dffe_ref_1230
Compiling module xil_defaultlib.dffe_ref_1231
Compiling module xil_defaultlib.dffe_ref_1232
Compiling module xil_defaultlib.dffe_ref_1233
Compiling module xil_defaultlib.dffe_ref_1234
Compiling module xil_defaultlib.dffe_ref_1235
Compiling module xil_defaultlib.dffe_ref_1236
Compiling module xil_defaultlib.dffe_ref_1237
Compiling module xil_defaultlib.dffe_ref_1238
Compiling module xil_defaultlib.dffe_ref_1239
Compiling module xil_defaultlib.dffe_ref_1240
Compiling module xil_defaultlib.dffe_ref_1241
Compiling module xil_defaultlib.dffe_ref_1242
Compiling module xil_defaultlib.dffe_ref_1243
Compiling module xil_defaultlib.dffe_ref_1244
Compiling module xil_defaultlib.dffe_ref_1245
Compiling module xil_defaultlib.dffe_ref_1246
Compiling module xil_defaultlib.dffe_ref_1247
Compiling module xil_defaultlib.dffe_ref_1248
Compiling module xil_defaultlib.dffe_ref_1249
Compiling module xil_defaultlib.dffe_ref_1250
Compiling module xil_defaultlib.dffe_ref_1251
Compiling module xil_defaultlib.dffe_ref_1252
Compiling module xil_defaultlib.dffe_ref_1253
Compiling module xil_defaultlib.dffe_ref_1254
Compiling module xil_defaultlib.dffe_ref_1255
Compiling module xil_defaultlib.dffe_ref_1256
Compiling module xil_defaultlib.dffe_ref_1257
Compiling module xil_defaultlib.dffe_ref_1258
Compiling module xil_defaultlib.dffe_ref_1259
Compiling module xil_defaultlib.dffe_ref_1260
Compiling module xil_defaultlib.dffe_ref_1261
Compiling module xil_defaultlib.dffe_ref_1262
Compiling module xil_defaultlib.dffe_ref_1263
Compiling module xil_defaultlib.dffe_ref_1264
Compiling module xil_defaultlib.register__parameterized3
Compiling module xil_defaultlib.dffe_ref_1141
Compiling module simprims_ver.FDCE_default
Compiling module xil_defaultlib.dffe_ref_1165
Compiling module xil_defaultlib.dffe_ref_1166
Compiling module xil_defaultlib.dffe_ref_1167
Compiling module xil_defaultlib.dffe_ref_1168
Compiling module xil_defaultlib.dffe_ref_1169
Compiling module xil_defaultlib.dffe_ref_1170
Compiling module xil_defaultlib.dffe_ref_1171
Compiling module xil_defaultlib.dffe_ref_1172
Compiling module xil_defaultlib.dffe_ref_1173
Compiling module xil_defaultlib.dffe_ref_1174
Compiling module xil_defaultlib.dffe_ref_1175
Compiling module xil_defaultlib.dffe_ref_1176
Compiling module xil_defaultlib.dffe_ref_1177
Compiling module xil_defaultlib.dffe_ref_1178
Compiling module xil_defaultlib.dffe_ref_1179
Compiling module xil_defaultlib.dffe_ref_1180
Compiling module xil_defaultlib.dffe_ref_1181
Compiling module xil_defaultlib.dffe_ref_1182
Compiling module xil_defaultlib.dffe_ref_1183
Compiling module xil_defaultlib.dffe_ref_1184
Compiling module xil_defaultlib.dffe_ref_1185
Compiling module xil_defaultlib.dffe_ref_1186
Compiling module xil_defaultlib.dffe_ref_1187
Compiling module xil_defaultlib.dffe_ref_1188
Compiling module xil_defaultlib.dffe_ref_1189
Compiling module xil_defaultlib.dffe_ref_1190
Compiling module xil_defaultlib.dffe_ref_1191
Compiling module xil_defaultlib.dffe_ref_1192
Compiling module xil_defaultlib.dffe_ref_1193
Compiling module xil_defaultlib.dffe_ref_1194
Compiling module xil_defaultlib.dffe_ref_1195
Compiling module xil_defaultlib.dffe_ref_1196
Compiling module xil_defaultlib.dffe_ref_1197
Compiling module xil_defaultlib.dffe_ref_1198
Compiling module xil_defaultlib.dffe_ref_1199
Compiling module xil_defaultlib.dffe_ref_1200
Compiling module xil_defaultlib.dffe_ref_1201
Compiling module xil_defaultlib.dffe_ref_1202
Compiling module xil_defaultlib.dffe_ref_1203
Compiling module xil_defaultlib.dffe_ref_1204
Compiling module xil_defaultlib.dffe_ref_1205
Compiling module xil_defaultlib.dffe_ref_1206
Compiling module xil_defaultlib.dffe_ref_1207
Compiling module xil_defaultlib.dffe_ref_1208
Compiling module xil_defaultlib.dffe_ref_1209
Compiling module xil_defaultlib.dffe_ref_1210
Compiling module xil_defaultlib.dffe_ref_1211
Compiling module xil_defaultlib.dffe_ref_1212
Compiling module xil_defaultlib.dffe_ref_1213
Compiling module xil_defaultlib.dffe_ref_1214
Compiling module xil_defaultlib.dffe_ref_1215
Compiling module xil_defaultlib.dffe_ref_1216
Compiling module xil_defaultlib.dffe_ref_1217
Compiling module xil_defaultlib.dffe_ref_1218
Compiling module xil_defaultlib.dffe_ref_1219
Compiling module xil_defaultlib.dffe_ref_1220
Compiling module xil_defaultlib.dffe_ref_1221
Compiling module xil_defaultlib.dffe_ref_1222
Compiling module xil_defaultlib.dffe_ref_1223
Compiling module xil_defaultlib.dffe_ref_1224
Compiling module xil_defaultlib.dffe_ref_1225
Compiling module xil_defaultlib.dffe_ref_1226
Compiling module xil_defaultlib.dffe_ref_1227
Compiling module xil_defaultlib.register__parameterized0_1151
Compiling module xil_defaultlib.dffe_ref_1164
Compiling module xil_defaultlib.tff_1153
Compiling module xil_defaultlib.dffe_ref_1163
Compiling module xil_defaultlib.tff_1154
Compiling module xil_defaultlib.dffe_ref_1162
Compiling module xil_defaultlib.tff_1155
Compiling module xil_defaultlib.dffe_ref_1161
Compiling module xil_defaultlib.tff_1156
Compiling module xil_defaultlib.dffe_ref_1160
Compiling module xil_defaultlib.tff_1157
Compiling module xil_defaultlib.dffe_ref_1159
Compiling module xil_defaultlib.tff_1158
Compiling module xil_defaultlib.counter_32
Compiling module xil_defaultlib.alu
Compiling module xil_defaultlib.alu_1152
Compiling module xil_defaultlib.div
Compiling module xil_defaultlib.dffe_ref_1150
Compiling module xil_defaultlib.tff
Compiling module xil_defaultlib.dffe_ref_1149
Compiling module xil_defaultlib.tff_1142
Compiling module xil_defaultlib.dffe_ref_1148
Compiling module xil_defaultlib.tff_1143
Compiling module xil_defaultlib.dffe_ref_1147
Compiling module xil_defaultlib.tff_1144
Compiling module xil_defaultlib.dffe_ref_1146
Compiling module xil_defaultlib.tff_1145
Compiling module xil_defaultlib.counter
Compiling module xil_defaultlib.mult
Compiling module xil_defaultlib.multdiv
Compiling module xil_defaultlib.dffe_ref_1102
Compiling module xil_defaultlib.dffe_ref_1103
Compiling module xil_defaultlib.dffe_ref_1104
Compiling module xil_defaultlib.dffe_ref_1105
Compiling module xil_defaultlib.dffe_ref_1106
Compiling module xil_defaultlib.dffe_ref_1107
Compiling module xil_defaultlib.dffe_ref_1108
Compiling module xil_defaultlib.dffe_ref_1109
Compiling module xil_defaultlib.dffe_ref_1110
Compiling module xil_defaultlib.dffe_ref_1111
Compiling module xil_defaultlib.dffe_ref_1112
Compiling module xil_defaultlib.dffe_ref_1113
Compiling module xil_defaultlib.dffe_ref_1114
Compiling module xil_defaultlib.dffe_ref_1115
Compiling module xil_defaultlib.dffe_ref_1116
Compiling module xil_defaultlib.dffe_ref_1117
Compiling module xil_defaultlib.dffe_ref_1118
Compiling module xil_defaultlib.dffe_ref_1119
Compiling module xil_defaultlib.dffe_ref_1120
Compiling module xil_defaultlib.dffe_ref_1121
Compiling module xil_defaultlib.dffe_ref_1122
Compiling module xil_defaultlib.dffe_ref_1123
Compiling module xil_defaultlib.dffe_ref_1124
Compiling module xil_defaultlib.dffe_ref_1125
Compiling module xil_defaultlib.dffe_ref_1126
Compiling module xil_defaultlib.dffe_ref_1127
Compiling module xil_defaultlib.dffe_ref_1128
Compiling module xil_defaultlib.dffe_ref_1129
Compiling module xil_defaultlib.dffe_ref_1130
Compiling module xil_defaultlib.dffe_ref_1131
Compiling module xil_defaultlib.dffe_ref_1132
Compiling module xil_defaultlib.dffe_ref_1133
Compiling module xil_defaultlib.dffe_ref_1134
Compiling module xil_defaultlib.dffe_ref_1135
Compiling module xil_defaultlib.dffe_ref_1136
Compiling module xil_defaultlib.dffe_ref_1137
Compiling module xil_defaultlib.dffe_ref_1138
Compiling module xil_defaultlib.dffe_ref_1139
Compiling module xil_defaultlib.dffe_ref_1140
Compiling module xil_defaultlib.register__parameterized6
Compiling module xil_defaultlib.dffe_ref_1063
Compiling module xil_defaultlib.dffe_ref_1064
Compiling module xil_defaultlib.dffe_ref_1065
Compiling module xil_defaultlib.dffe_ref_1066
Compiling module xil_defaultlib.dffe_ref_1067
Compiling module xil_defaultlib.dffe_ref_1068
Compiling module xil_defaultlib.dffe_ref_1069
Compiling module xil_defaultlib.dffe_ref_1070
Compiling module xil_defaultlib.dffe_ref_1071
Compiling module xil_defaultlib.dffe_ref_1072
Compiling module xil_defaultlib.dffe_ref_1073
Compiling module xil_defaultlib.dffe_ref_1074
Compiling module xil_defaultlib.dffe_ref_1075
Compiling module xil_defaultlib.dffe_ref_1076
Compiling module xil_defaultlib.dffe_ref_1077
Compiling module xil_defaultlib.dffe_ref_1078
Compiling module xil_defaultlib.dffe_ref_1079
Compiling module xil_defaultlib.dffe_ref_1080
Compiling module xil_defaultlib.dffe_ref_1081
Compiling module xil_defaultlib.dffe_ref_1082
Compiling module xil_defaultlib.dffe_ref_1083
Compiling module xil_defaultlib.dffe_ref_1084
Compiling module xil_defaultlib.dffe_ref_1085
Compiling module xil_defaultlib.dffe_ref_1086
Compiling module xil_defaultlib.dffe_ref_1087
Compiling module xil_defaultlib.dffe_ref_1088
Compiling module xil_defaultlib.dffe_ref_1089
Compiling module xil_defaultlib.dffe_ref_1090
Compiling module xil_defaultlib.dffe_ref_1091
Compiling module xil_defaultlib.dffe_ref_1092
Compiling module xil_defaultlib.dffe_ref_1093
Compiling module xil_defaultlib.dffe_ref_1094
Compiling module xil_defaultlib.dffe_ref_1095
Compiling module xil_defaultlib.dffe_ref_1096
Compiling module xil_defaultlib.dffe_ref_1097
Compiling module xil_defaultlib.dffe_ref_1098
Compiling module xil_defaultlib.dffe_ref_1099
Compiling module xil_defaultlib.dffe_ref_1100
Compiling module xil_defaultlib.dffe_ref_1101
Compiling module xil_defaultlib.register__parameterized4
Compiling module simprims_ver.FDSE_default
Compiling module simprims_ver.RB18_INTERNAL_VLOG(RDADDR_COLLIS...
Compiling module simprims_ver.RAMB18E1(INIT_00=256'b0111100000...
Compiling module xil_defaultlib.RAM
Compiling module simprims_ver.GND
Compiling module xil_defaultlib.Ps2Interface_1062
Compiling module xil_defaultlib.stepper
Compiling module xil_defaultlib.Ps2Interface
Compiling module xil_defaultlib.stepper_1021
Compiling module xil_defaultlib.dffe_ref_1023
Compiling module xil_defaultlib.dffe_ref_1024
Compiling module xil_defaultlib.dffe_ref_1025
Compiling module xil_defaultlib.dffe_ref_1026
Compiling module xil_defaultlib.dffe_ref_1027
Compiling module xil_defaultlib.dffe_ref_1028
Compiling module xil_defaultlib.dffe_ref_1029
Compiling module xil_defaultlib.dffe_ref_1030
Compiling module xil_defaultlib.dffe_ref_1031
Compiling module xil_defaultlib.dffe_ref_1032
Compiling module xil_defaultlib.dffe_ref_1033
Compiling module xil_defaultlib.dffe_ref_1034
Compiling module xil_defaultlib.dffe_ref_1035
Compiling module xil_defaultlib.dffe_ref_1036
Compiling module xil_defaultlib.dffe_ref_1037
Compiling module xil_defaultlib.dffe_ref_1038
Compiling module xil_defaultlib.dffe_ref_1039
Compiling module xil_defaultlib.dffe_ref_1040
Compiling module xil_defaultlib.dffe_ref_1041
Compiling module xil_defaultlib.dffe_ref_1042
Compiling module xil_defaultlib.dffe_ref_1043
Compiling module xil_defaultlib.dffe_ref_1044
Compiling module xil_defaultlib.dffe_ref_1045
Compiling module xil_defaultlib.dffe_ref_1046
Compiling module xil_defaultlib.dffe_ref_1047
Compiling module xil_defaultlib.dffe_ref_1048
Compiling module xil_defaultlib.dffe_ref_1049
Compiling module xil_defaultlib.dffe_ref_1050
Compiling module xil_defaultlib.dffe_ref_1051
Compiling module xil_defaultlib.dffe_ref_1052
Compiling module xil_defaultlib.dffe_ref_1053
Compiling module xil_defaultlib.dffe_ref_1054
Compiling module xil_defaultlib.dffe_ref_1055
Compiling module xil_defaultlib.dffe_ref_1056
Compiling module xil_defaultlib.dffe_ref_1057
Compiling module xil_defaultlib.dffe_ref_1058
Compiling module xil_defaultlib.dffe_ref_1059
Compiling module xil_defaultlib.dffe_ref_1060
Compiling module xil_defaultlib.dffe_ref_1061
Compiling module xil_defaultlib.register__parameterized6_1022
Compiling module xil_defaultlib.processor
Compiling module xil_defaultlib.ROM
Compiling module simprims_ver.OBUF
Compiling module simprims_ver.MUXF8
Compiling module simprims_ver.MUXF7
Compiling module xil_defaultlib.dffe_ref_989
Compiling module xil_defaultlib.dffe_ref_990
Compiling module xil_defaultlib.dffe_ref_991
Compiling module xil_defaultlib.dffe_ref_992
Compiling module xil_defaultlib.dffe_ref_993
Compiling module xil_defaultlib.dffe_ref_994
Compiling module xil_defaultlib.dffe_ref_995
Compiling module xil_defaultlib.dffe_ref_996
Compiling module xil_defaultlib.dffe_ref_997
Compiling module xil_defaultlib.dffe_ref_998
Compiling module xil_defaultlib.dffe_ref_999
Compiling module xil_defaultlib.dffe_ref_1000
Compiling module xil_defaultlib.dffe_ref_1001
Compiling module xil_defaultlib.dffe_ref_1002
Compiling module xil_defaultlib.dffe_ref_1003
Compiling module xil_defaultlib.dffe_ref_1004
Compiling module xil_defaultlib.dffe_ref_1005
Compiling module xil_defaultlib.dffe_ref_1006
Compiling module xil_defaultlib.dffe_ref_1007
Compiling module xil_defaultlib.dffe_ref_1008
Compiling module xil_defaultlib.dffe_ref_1009
Compiling module xil_defaultlib.dffe_ref_1010
Compiling module xil_defaultlib.dffe_ref_1011
Compiling module xil_defaultlib.dffe_ref_1012
Compiling module xil_defaultlib.dffe_ref_1013
Compiling module xil_defaultlib.dffe_ref_1014
Compiling module xil_defaultlib.dffe_ref_1015
Compiling module xil_defaultlib.dffe_ref_1016
Compiling module xil_defaultlib.dffe_ref_1017
Compiling module xil_defaultlib.dffe_ref_1018
Compiling module xil_defaultlib.dffe_ref_1019
Compiling module xil_defaultlib.dffe_ref_1020
Compiling module xil_defaultlib.register
Compiling module xil_defaultlib.dffe_ref_957
Compiling module xil_defaultlib.dffe_ref_958
Compiling module xil_defaultlib.dffe_ref_959
Compiling module xil_defaultlib.dffe_ref_960
Compiling module xil_defaultlib.dffe_ref_961
Compiling module xil_defaultlib.dffe_ref_962
Compiling module xil_defaultlib.dffe_ref_963
Compiling module xil_defaultlib.dffe_ref_964
Compiling module xil_defaultlib.dffe_ref_965
Compiling module xil_defaultlib.dffe_ref_966
Compiling module xil_defaultlib.dffe_ref_967
Compiling module xil_defaultlib.dffe_ref_968
Compiling module xil_defaultlib.dffe_ref_969
Compiling module xil_defaultlib.dffe_ref_970
Compiling module xil_defaultlib.dffe_ref_971
Compiling module xil_defaultlib.dffe_ref_972
Compiling module xil_defaultlib.dffe_ref_973
Compiling module xil_defaultlib.dffe_ref_974
Compiling module xil_defaultlib.dffe_ref_975
Compiling module xil_defaultlib.dffe_ref_976
Compiling module xil_defaultlib.dffe_ref_977
Compiling module xil_defaultlib.dffe_ref_978
Compiling module xil_defaultlib.dffe_ref_979
Compiling module xil_defaultlib.dffe_ref_980
Compiling module xil_defaultlib.dffe_ref_981
Compiling module xil_defaultlib.dffe_ref_982
Compiling module xil_defaultlib.dffe_ref_983
Compiling module xil_defaultlib.dffe_ref_984
Compiling module xil_defaultlib.dffe_ref_985
Compiling module xil_defaultlib.dffe_ref_986
Compiling module xil_defaultlib.dffe_ref_987
Compiling module xil_defaultlib.dffe_ref_988
Compiling module xil_defaultlib.register_0
Compiling module xil_defaultlib.dffe_ref_925
Compiling module xil_defaultlib.dffe_ref_926
Compiling module xil_defaultlib.dffe_ref_927
Compiling module xil_defaultlib.dffe_ref_928
Compiling module xil_defaultlib.dffe_ref_929
Compiling module xil_defaultlib.dffe_ref_930
Compiling module xil_defaultlib.dffe_ref_931
Compiling module xil_defaultlib.dffe_ref_932
Compiling module xil_defaultlib.dffe_ref_933
Compiling module xil_defaultlib.dffe_ref_934
Compiling module xil_defaultlib.dffe_ref_935
Compiling module xil_defaultlib.dffe_ref_936
Compiling module xil_defaultlib.dffe_ref_937
Compiling module xil_defaultlib.dffe_ref_938
Compiling module xil_defaultlib.dffe_ref_939
Compiling module xil_defaultlib.dffe_ref_940
Compiling module xil_defaultlib.dffe_ref_941
Compiling module xil_defaultlib.dffe_ref_942
Compiling module xil_defaultlib.dffe_ref_943
Compiling module xil_defaultlib.dffe_ref_944
Compiling module xil_defaultlib.dffe_ref_945
Compiling module xil_defaultlib.dffe_ref_946
Compiling module xil_defaultlib.dffe_ref_947
Compiling module xil_defaultlib.dffe_ref_948
Compiling module xil_defaultlib.dffe_ref_949
Compiling module xil_defaultlib.dffe_ref_950
Compiling module xil_defaultlib.dffe_ref_951
Compiling module xil_defaultlib.dffe_ref_952
Compiling module xil_defaultlib.dffe_ref_953
Compiling module xil_defaultlib.dffe_ref_954
Compiling module xil_defaultlib.dffe_ref_955
Compiling module xil_defaultlib.dffe_ref_956
Compiling module xil_defaultlib.register_1
Compiling module xil_defaultlib.dffe_ref_893
Compiling module xil_defaultlib.dffe_ref_894
Compiling module xil_defaultlib.dffe_ref_895
Compiling module xil_defaultlib.dffe_ref_896
Compiling module xil_defaultlib.dffe_ref_897
Compiling module xil_defaultlib.dffe_ref_898
Compiling module xil_defaultlib.dffe_ref_899
Compiling module xil_defaultlib.dffe_ref_900
Compiling module xil_defaultlib.dffe_ref_901
Compiling module xil_defaultlib.dffe_ref_902
Compiling module xil_defaultlib.dffe_ref_903
Compiling module xil_defaultlib.dffe_ref_904
Compiling module xil_defaultlib.dffe_ref_905
Compiling module xil_defaultlib.dffe_ref_906
Compiling module xil_defaultlib.dffe_ref_907
Compiling module xil_defaultlib.dffe_ref_908
Compiling module xil_defaultlib.dffe_ref_909
Compiling module xil_defaultlib.dffe_ref_910
Compiling module xil_defaultlib.dffe_ref_911
Compiling module xil_defaultlib.dffe_ref_912
Compiling module xil_defaultlib.dffe_ref_913
Compiling module xil_defaultlib.dffe_ref_914
Compiling module xil_defaultlib.dffe_ref_915
Compiling module xil_defaultlib.dffe_ref_916
Compiling module xil_defaultlib.dffe_ref_917
Compiling module xil_defaultlib.dffe_ref_918
Compiling module xil_defaultlib.dffe_ref_919
Compiling module xil_defaultlib.dffe_ref_920
Compiling module xil_defaultlib.dffe_ref_921
Compiling module xil_defaultlib.dffe_ref_922
Compiling module xil_defaultlib.dffe_ref_923
Compiling module xil_defaultlib.dffe_ref_924
Compiling module xil_defaultlib.register_2
Compiling module xil_defaultlib.dffe_ref_861
Compiling module xil_defaultlib.dffe_ref_862
Compiling module xil_defaultlib.dffe_ref_863
Compiling module xil_defaultlib.dffe_ref_864
Compiling module xil_defaultlib.dffe_ref_865
Compiling module xil_defaultlib.dffe_ref_866
Compiling module xil_defaultlib.dffe_ref_867
Compiling module xil_defaultlib.dffe_ref_868
Compiling module xil_defaultlib.dffe_ref_869
Compiling module xil_defaultlib.dffe_ref_870
Compiling module xil_defaultlib.dffe_ref_871
Compiling module xil_defaultlib.dffe_ref_872
Compiling module xil_defaultlib.dffe_ref_873
Compiling module xil_defaultlib.dffe_ref_874
Compiling module xil_defaultlib.dffe_ref_875
Compiling module xil_defaultlib.dffe_ref_876
Compiling module xil_defaultlib.dffe_ref_877
Compiling module xil_defaultlib.dffe_ref_878
Compiling module xil_defaultlib.dffe_ref_879
Compiling module xil_defaultlib.dffe_ref_880
Compiling module xil_defaultlib.dffe_ref_881
Compiling module xil_defaultlib.dffe_ref_882
Compiling module xil_defaultlib.dffe_ref_883
Compiling module xil_defaultlib.dffe_ref_884
Compiling module xil_defaultlib.dffe_ref_885
Compiling module xil_defaultlib.dffe_ref_886
Compiling module xil_defaultlib.dffe_ref_887
Compiling module xil_defaultlib.dffe_ref_888
Compiling module xil_defaultlib.dffe_ref_889
Compiling module xil_defaultlib.dffe_ref_890
Compiling module xil_defaultlib.dffe_ref_891
Compiling module xil_defaultlib.dffe_ref_892
Compiling module xil_defaultlib.register_3
Compiling module xil_defaultlib.dffe_ref_829
Compiling module xil_defaultlib.dffe_ref_830
Compiling module xil_defaultlib.dffe_ref_831
Compiling module xil_defaultlib.dffe_ref_832
Compiling module xil_defaultlib.dffe_ref_833
Compiling module xil_defaultlib.dffe_ref_834
Compiling module xil_defaultlib.dffe_ref_835
Compiling module xil_defaultlib.dffe_ref_836
Compiling module xil_defaultlib.dffe_ref_837
Compiling module xil_defaultlib.dffe_ref_838
Compiling module xil_defaultlib.dffe_ref_839
Compiling module xil_defaultlib.dffe_ref_840
Compiling module xil_defaultlib.dffe_ref_841
Compiling module xil_defaultlib.dffe_ref_842
Compiling module xil_defaultlib.dffe_ref_843
Compiling module xil_defaultlib.dffe_ref_844
Compiling module xil_defaultlib.dffe_ref_845
Compiling module xil_defaultlib.dffe_ref_846
Compiling module xil_defaultlib.dffe_ref_847
Compiling module xil_defaultlib.dffe_ref_848
Compiling module xil_defaultlib.dffe_ref_849
Compiling module xil_defaultlib.dffe_ref_850
Compiling module xil_defaultlib.dffe_ref_851
Compiling module xil_defaultlib.dffe_ref_852
Compiling module xil_defaultlib.dffe_ref_853
Compiling module xil_defaultlib.dffe_ref_854
Compiling module xil_defaultlib.dffe_ref_855
Compiling module xil_defaultlib.dffe_ref_856
Compiling module xil_defaultlib.dffe_ref_857
Compiling module xil_defaultlib.dffe_ref_858
Compiling module xil_defaultlib.dffe_ref_859
Compiling module xil_defaultlib.dffe_ref_860
Compiling module xil_defaultlib.register_4
Compiling module xil_defaultlib.dffe_ref_797
Compiling module xil_defaultlib.dffe_ref_798
Compiling module xil_defaultlib.dffe_ref_799
Compiling module xil_defaultlib.dffe_ref_800
Compiling module xil_defaultlib.dffe_ref_801
Compiling module xil_defaultlib.dffe_ref_802
Compiling module xil_defaultlib.dffe_ref_803
Compiling module xil_defaultlib.dffe_ref_804
Compiling module xil_defaultlib.dffe_ref_805
Compiling module xil_defaultlib.dffe_ref_806
Compiling module xil_defaultlib.dffe_ref_807
Compiling module xil_defaultlib.dffe_ref_808
Compiling module xil_defaultlib.dffe_ref_809
Compiling module xil_defaultlib.dffe_ref_810
Compiling module xil_defaultlib.dffe_ref_811
Compiling module xil_defaultlib.dffe_ref_812
Compiling module xil_defaultlib.dffe_ref_813
Compiling module xil_defaultlib.dffe_ref_814
Compiling module xil_defaultlib.dffe_ref_815
Compiling module xil_defaultlib.dffe_ref_816
Compiling module xil_defaultlib.dffe_ref_817
Compiling module xil_defaultlib.dffe_ref_818
Compiling module xil_defaultlib.dffe_ref_819
Compiling module xil_defaultlib.dffe_ref_820
Compiling module xil_defaultlib.dffe_ref_821
Compiling module xil_defaultlib.dffe_ref_822
Compiling module xil_defaultlib.dffe_ref_823
Compiling module xil_defaultlib.dffe_ref_824
Compiling module xil_defaultlib.dffe_ref_825
Compiling module xil_defaultlib.dffe_ref_826
Compiling module xil_defaultlib.dffe_ref_827
Compiling module xil_defaultlib.dffe_ref_828
Compiling module xil_defaultlib.register_5
Compiling module xil_defaultlib.dffe_ref_765
Compiling module xil_defaultlib.dffe_ref_766
Compiling module xil_defaultlib.dffe_ref_767
Compiling module xil_defaultlib.dffe_ref_768
Compiling module xil_defaultlib.dffe_ref_769
Compiling module xil_defaultlib.dffe_ref_770
Compiling module xil_defaultlib.dffe_ref_771
Compiling module xil_defaultlib.dffe_ref_772
Compiling module xil_defaultlib.dffe_ref_773
Compiling module xil_defaultlib.dffe_ref_774
Compiling module xil_defaultlib.dffe_ref_775
Compiling module xil_defaultlib.dffe_ref_776
Compiling module xil_defaultlib.dffe_ref_777
Compiling module xil_defaultlib.dffe_ref_778
Compiling module xil_defaultlib.dffe_ref_779
Compiling module xil_defaultlib.dffe_ref_780
Compiling module xil_defaultlib.dffe_ref_781
Compiling module xil_defaultlib.dffe_ref_782
Compiling module xil_defaultlib.dffe_ref_783
Compiling module xil_defaultlib.dffe_ref_784
Compiling module xil_defaultlib.dffe_ref_785
Compiling module xil_defaultlib.dffe_ref_786
Compiling module xil_defaultlib.dffe_ref_787
Compiling module xil_defaultlib.dffe_ref_788
Compiling module xil_defaultlib.dffe_ref_789
Compiling module xil_defaultlib.dffe_ref_790
Compiling module xil_defaultlib.dffe_ref_791
Compiling module xil_defaultlib.dffe_ref_792
Compiling module xil_defaultlib.dffe_ref_793
Compiling module xil_defaultlib.dffe_ref_794
Compiling module xil_defaultlib.dffe_ref_795
Compiling module xil_defaultlib.dffe_ref_796
Compiling module xil_defaultlib.register_6
Compiling module xil_defaultlib.dffe_ref_733
Compiling module xil_defaultlib.dffe_ref_734
Compiling module xil_defaultlib.dffe_ref_735
Compiling module xil_defaultlib.dffe_ref_736
Compiling module xil_defaultlib.dffe_ref_737
Compiling module xil_defaultlib.dffe_ref_738
Compiling module xil_defaultlib.dffe_ref_739
Compiling module xil_defaultlib.dffe_ref_740
Compiling module xil_defaultlib.dffe_ref_741
Compiling module xil_defaultlib.dffe_ref_742
Compiling module xil_defaultlib.dffe_ref_743
Compiling module xil_defaultlib.dffe_ref_744
Compiling module xil_defaultlib.dffe_ref_745
Compiling module xil_defaultlib.dffe_ref_746
Compiling module xil_defaultlib.dffe_ref_747
Compiling module xil_defaultlib.dffe_ref_748
Compiling module xil_defaultlib.dffe_ref_749
Compiling module xil_defaultlib.dffe_ref_750
Compiling module xil_defaultlib.dffe_ref_751
Compiling module xil_defaultlib.dffe_ref_752
Compiling module xil_defaultlib.dffe_ref_753
Compiling module xil_defaultlib.dffe_ref_754
Compiling module xil_defaultlib.dffe_ref_755
Compiling module xil_defaultlib.dffe_ref_756
Compiling module xil_defaultlib.dffe_ref_757
Compiling module xil_defaultlib.dffe_ref_758
Compiling module xil_defaultlib.dffe_ref_759
Compiling module xil_defaultlib.dffe_ref_760
Compiling module xil_defaultlib.dffe_ref_761
Compiling module xil_defaultlib.dffe_ref_762
Compiling module xil_defaultlib.dffe_ref_763
Compiling module xil_defaultlib.dffe_ref_764
Compiling module xil_defaultlib.register_7
Compiling module xil_defaultlib.dffe_ref_701
Compiling module xil_defaultlib.dffe_ref_702
Compiling module xil_defaultlib.dffe_ref_703
Compiling module xil_defaultlib.dffe_ref_704
Compiling module xil_defaultlib.dffe_ref_705
Compiling module xil_defaultlib.dffe_ref_706
Compiling module xil_defaultlib.dffe_ref_707
Compiling module xil_defaultlib.dffe_ref_708
Compiling module xil_defaultlib.dffe_ref_709
Compiling module xil_defaultlib.dffe_ref_710
Compiling module xil_defaultlib.dffe_ref_711
Compiling module xil_defaultlib.dffe_ref_712
Compiling module xil_defaultlib.dffe_ref_713
Compiling module xil_defaultlib.dffe_ref_714
Compiling module xil_defaultlib.dffe_ref_715
Compiling module xil_defaultlib.dffe_ref_716
Compiling module xil_defaultlib.dffe_ref_717
Compiling module xil_defaultlib.dffe_ref_718
Compiling module xil_defaultlib.dffe_ref_719
Compiling module xil_defaultlib.dffe_ref_720
Compiling module xil_defaultlib.dffe_ref_721
Compiling module xil_defaultlib.dffe_ref_722
Compiling module xil_defaultlib.dffe_ref_723
Compiling module xil_defaultlib.dffe_ref_724
Compiling module xil_defaultlib.dffe_ref_725
Compiling module xil_defaultlib.dffe_ref_726
Compiling module xil_defaultlib.dffe_ref_727
Compiling module xil_defaultlib.dffe_ref_728
Compiling module xil_defaultlib.dffe_ref_729
Compiling module xil_defaultlib.dffe_ref_730
Compiling module xil_defaultlib.dffe_ref_731
Compiling module xil_defaultlib.dffe_ref_732
Compiling module xil_defaultlib.register_8
Compiling module xil_defaultlib.dffe_ref_669
Compiling module xil_defaultlib.dffe_ref_670
Compiling module xil_defaultlib.dffe_ref_671
Compiling module xil_defaultlib.dffe_ref_672
Compiling module xil_defaultlib.dffe_ref_673
Compiling module xil_defaultlib.dffe_ref_674
Compiling module xil_defaultlib.dffe_ref_675
Compiling module xil_defaultlib.dffe_ref_676
Compiling module xil_defaultlib.dffe_ref_677
Compiling module xil_defaultlib.dffe_ref_678
Compiling module xil_defaultlib.dffe_ref_679
Compiling module xil_defaultlib.dffe_ref_680
Compiling module xil_defaultlib.dffe_ref_681
Compiling module xil_defaultlib.dffe_ref_682
Compiling module xil_defaultlib.dffe_ref_683
Compiling module xil_defaultlib.dffe_ref_684
Compiling module xil_defaultlib.dffe_ref_685
Compiling module xil_defaultlib.dffe_ref_686
Compiling module xil_defaultlib.dffe_ref_687
Compiling module xil_defaultlib.dffe_ref_688
Compiling module xil_defaultlib.dffe_ref_689
Compiling module xil_defaultlib.dffe_ref_690
Compiling module xil_defaultlib.dffe_ref_691
Compiling module xil_defaultlib.dffe_ref_692
Compiling module xil_defaultlib.dffe_ref_693
Compiling module xil_defaultlib.dffe_ref_694
Compiling module xil_defaultlib.dffe_ref_695
Compiling module xil_defaultlib.dffe_ref_696
Compiling module xil_defaultlib.dffe_ref_697
Compiling module xil_defaultlib.dffe_ref_698
Compiling module xil_defaultlib.dffe_ref_699
Compiling module xil_defaultlib.dffe_ref_700
Compiling module xil_defaultlib.register_9
Compiling module xil_defaultlib.dffe_ref_637
Compiling module xil_defaultlib.dffe_ref_638
Compiling module xil_defaultlib.dffe_ref_639
Compiling module xil_defaultlib.dffe_ref_640
Compiling module xil_defaultlib.dffe_ref_641
Compiling module xil_defaultlib.dffe_ref_642
Compiling module xil_defaultlib.dffe_ref_643
Compiling module xil_defaultlib.dffe_ref_644
Compiling module xil_defaultlib.dffe_ref_645
Compiling module xil_defaultlib.dffe_ref_646
Compiling module xil_defaultlib.dffe_ref_647
Compiling module xil_defaultlib.dffe_ref_648
Compiling module xil_defaultlib.dffe_ref_649
Compiling module xil_defaultlib.dffe_ref_650
Compiling module xil_defaultlib.dffe_ref_651
Compiling module xil_defaultlib.dffe_ref_652
Compiling module xil_defaultlib.dffe_ref_653
Compiling module xil_defaultlib.dffe_ref_654
Compiling module xil_defaultlib.dffe_ref_655
Compiling module xil_defaultlib.dffe_ref_656
Compiling module xil_defaultlib.dffe_ref_657
Compiling module xil_defaultlib.dffe_ref_658
Compiling module xil_defaultlib.dffe_ref_659
Compiling module xil_defaultlib.dffe_ref_660
Compiling module xil_defaultlib.dffe_ref_661
Compiling module xil_defaultlib.dffe_ref_662
Compiling module xil_defaultlib.dffe_ref_663
Compiling module xil_defaultlib.dffe_ref_664
Compiling module xil_defaultlib.dffe_ref_665
Compiling module xil_defaultlib.dffe_ref_666
Compiling module xil_defaultlib.dffe_ref_667
Compiling module xil_defaultlib.dffe_ref_668
Compiling module xil_defaultlib.register_10
Compiling module xil_defaultlib.dffe_ref_605
Compiling module xil_defaultlib.dffe_ref_606
Compiling module xil_defaultlib.dffe_ref_607
Compiling module xil_defaultlib.dffe_ref_608
Compiling module xil_defaultlib.dffe_ref_609
Compiling module xil_defaultlib.dffe_ref_610
Compiling module xil_defaultlib.dffe_ref_611
Compiling module xil_defaultlib.dffe_ref_612
Compiling module xil_defaultlib.dffe_ref_613
Compiling module xil_defaultlib.dffe_ref_614
Compiling module xil_defaultlib.dffe_ref_615
Compiling module xil_defaultlib.dffe_ref_616
Compiling module xil_defaultlib.dffe_ref_617
Compiling module xil_defaultlib.dffe_ref_618
Compiling module xil_defaultlib.dffe_ref_619
Compiling module xil_defaultlib.dffe_ref_620
Compiling module xil_defaultlib.dffe_ref_621
Compiling module xil_defaultlib.dffe_ref_622
Compiling module xil_defaultlib.dffe_ref_623
Compiling module xil_defaultlib.dffe_ref_624
Compiling module xil_defaultlib.dffe_ref_625
Compiling module xil_defaultlib.dffe_ref_626
Compiling module xil_defaultlib.dffe_ref_627
Compiling module xil_defaultlib.dffe_ref_628
Compiling module xil_defaultlib.dffe_ref_629
Compiling module xil_defaultlib.dffe_ref_630
Compiling module xil_defaultlib.dffe_ref_631
Compiling module xil_defaultlib.dffe_ref_632
Compiling module xil_defaultlib.dffe_ref_633
Compiling module xil_defaultlib.dffe_ref_634
Compiling module xil_defaultlib.dffe_ref_635
Compiling module xil_defaultlib.dffe_ref_636
Compiling module xil_defaultlib.register_11
Compiling module xil_defaultlib.dffe_ref_573
Compiling module xil_defaultlib.dffe_ref_574
Compiling module xil_defaultlib.dffe_ref_575
Compiling module xil_defaultlib.dffe_ref_576
Compiling module xil_defaultlib.dffe_ref_577
Compiling module xil_defaultlib.dffe_ref_578
Compiling module xil_defaultlib.dffe_ref_579
Compiling module xil_defaultlib.dffe_ref_580
Compiling module xil_defaultlib.dffe_ref_581
Compiling module xil_defaultlib.dffe_ref_582
Compiling module xil_defaultlib.dffe_ref_583
Compiling module xil_defaultlib.dffe_ref_584
Compiling module xil_defaultlib.dffe_ref_585
Compiling module xil_defaultlib.dffe_ref_586
Compiling module xil_defaultlib.dffe_ref_587
Compiling module xil_defaultlib.dffe_ref_588
Compiling module xil_defaultlib.dffe_ref_589
Compiling module xil_defaultlib.dffe_ref_590
Compiling module xil_defaultlib.dffe_ref_591
Compiling module xil_defaultlib.dffe_ref_592
Compiling module xil_defaultlib.dffe_ref_593
Compiling module xil_defaultlib.dffe_ref_594
Compiling module xil_defaultlib.dffe_ref_595
Compiling module xil_defaultlib.dffe_ref_596
Compiling module xil_defaultlib.dffe_ref_597
Compiling module xil_defaultlib.dffe_ref_598
Compiling module xil_defaultlib.dffe_ref_599
Compiling module xil_defaultlib.dffe_ref_600
Compiling module xil_defaultlib.dffe_ref_601
Compiling module xil_defaultlib.dffe_ref_602
Compiling module xil_defaultlib.dffe_ref_603
Compiling module xil_defaultlib.dffe_ref_604
Compiling module xil_defaultlib.register_12
Compiling module xil_defaultlib.dffe_ref_541
Compiling module xil_defaultlib.dffe_ref_542
Compiling module xil_defaultlib.dffe_ref_543
Compiling module xil_defaultlib.dffe_ref_544
Compiling module xil_defaultlib.dffe_ref_545
Compiling module xil_defaultlib.dffe_ref_546
Compiling module xil_defaultlib.dffe_ref_547
Compiling module xil_defaultlib.dffe_ref_548
Compiling module xil_defaultlib.dffe_ref_549
Compiling module xil_defaultlib.dffe_ref_550
Compiling module xil_defaultlib.dffe_ref_551
Compiling module xil_defaultlib.dffe_ref_552
Compiling module xil_defaultlib.dffe_ref_553
Compiling module xil_defaultlib.dffe_ref_554
Compiling module xil_defaultlib.dffe_ref_555
Compiling module xil_defaultlib.dffe_ref_556
Compiling module xil_defaultlib.dffe_ref_557
Compiling module xil_defaultlib.dffe_ref_558
Compiling module xil_defaultlib.dffe_ref_559
Compiling module xil_defaultlib.dffe_ref_560
Compiling module xil_defaultlib.dffe_ref_561
Compiling module xil_defaultlib.dffe_ref_562
Compiling module xil_defaultlib.dffe_ref_563
Compiling module xil_defaultlib.dffe_ref_564
Compiling module xil_defaultlib.dffe_ref_565
Compiling module xil_defaultlib.dffe_ref_566
Compiling module xil_defaultlib.dffe_ref_567
Compiling module xil_defaultlib.dffe_ref_568
Compiling module xil_defaultlib.dffe_ref_569
Compiling module xil_defaultlib.dffe_ref_570
Compiling module xil_defaultlib.dffe_ref_571
Compiling module xil_defaultlib.dffe_ref_572
Compiling module xil_defaultlib.register_13
Compiling module xil_defaultlib.dffe_ref_509
Compiling module xil_defaultlib.dffe_ref_510
Compiling module xil_defaultlib.dffe_ref_511
Compiling module xil_defaultlib.dffe_ref_512
Compiling module xil_defaultlib.dffe_ref_513
Compiling module xil_defaultlib.dffe_ref_514
Compiling module xil_defaultlib.dffe_ref_515
Compiling module xil_defaultlib.dffe_ref_516
Compiling module xil_defaultlib.dffe_ref_517
Compiling module xil_defaultlib.dffe_ref_518
Compiling module xil_defaultlib.dffe_ref_519
Compiling module xil_defaultlib.dffe_ref_520
Compiling module xil_defaultlib.dffe_ref_521
Compiling module xil_defaultlib.dffe_ref_522
Compiling module xil_defaultlib.dffe_ref_523
Compiling module xil_defaultlib.dffe_ref_524
Compiling module xil_defaultlib.dffe_ref_525
Compiling module xil_defaultlib.dffe_ref_526
Compiling module xil_defaultlib.dffe_ref_527
Compiling module xil_defaultlib.dffe_ref_528
Compiling module xil_defaultlib.dffe_ref_529
Compiling module xil_defaultlib.dffe_ref_530
Compiling module xil_defaultlib.dffe_ref_531
Compiling module xil_defaultlib.dffe_ref_532
Compiling module xil_defaultlib.dffe_ref_533
Compiling module xil_defaultlib.dffe_ref_534
Compiling module xil_defaultlib.dffe_ref_535
Compiling module xil_defaultlib.dffe_ref_536
Compiling module xil_defaultlib.dffe_ref_537
Compiling module xil_defaultlib.dffe_ref_538
Compiling module xil_defaultlib.dffe_ref_539
Compiling module xil_defaultlib.dffe_ref_540
Compiling module xil_defaultlib.register_14
Compiling module xil_defaultlib.dffe_ref_477
Compiling module xil_defaultlib.dffe_ref_478
Compiling module xil_defaultlib.dffe_ref_479
Compiling module xil_defaultlib.dffe_ref_480
Compiling module xil_defaultlib.dffe_ref_481
Compiling module xil_defaultlib.dffe_ref_482
Compiling module xil_defaultlib.dffe_ref_483
Compiling module xil_defaultlib.dffe_ref_484
Compiling module xil_defaultlib.dffe_ref_485
Compiling module xil_defaultlib.dffe_ref_486
Compiling module xil_defaultlib.dffe_ref_487
Compiling module xil_defaultlib.dffe_ref_488
Compiling module xil_defaultlib.dffe_ref_489
Compiling module xil_defaultlib.dffe_ref_490
Compiling module xil_defaultlib.dffe_ref_491
Compiling module xil_defaultlib.dffe_ref_492
Compiling module xil_defaultlib.dffe_ref_493
Compiling module xil_defaultlib.dffe_ref_494
Compiling module xil_defaultlib.dffe_ref_495
Compiling module xil_defaultlib.dffe_ref_496
Compiling module xil_defaultlib.dffe_ref_497
Compiling module xil_defaultlib.dffe_ref_498
Compiling module xil_defaultlib.dffe_ref_499
Compiling module xil_defaultlib.dffe_ref_500
Compiling module xil_defaultlib.dffe_ref_501
Compiling module xil_defaultlib.dffe_ref_502
Compiling module xil_defaultlib.dffe_ref_503
Compiling module xil_defaultlib.dffe_ref_504
Compiling module xil_defaultlib.dffe_ref_505
Compiling module xil_defaultlib.dffe_ref_506
Compiling module xil_defaultlib.dffe_ref_507
Compiling module xil_defaultlib.dffe_ref_508
Compiling module xil_defaultlib.register_15
Compiling module xil_defaultlib.dffe_ref_445
Compiling module xil_defaultlib.dffe_ref_446
Compiling module xil_defaultlib.dffe_ref_447
Compiling module xil_defaultlib.dffe_ref_448
Compiling module xil_defaultlib.dffe_ref_449
Compiling module xil_defaultlib.dffe_ref_450
Compiling module xil_defaultlib.dffe_ref_451
Compiling module xil_defaultlib.dffe_ref_452
Compiling module xil_defaultlib.dffe_ref_453
Compiling module xil_defaultlib.dffe_ref_454
Compiling module xil_defaultlib.dffe_ref_455
Compiling module xil_defaultlib.dffe_ref_456
Compiling module xil_defaultlib.dffe_ref_457
Compiling module xil_defaultlib.dffe_ref_458
Compiling module xil_defaultlib.dffe_ref_459
Compiling module xil_defaultlib.dffe_ref_460
Compiling module xil_defaultlib.dffe_ref_461
Compiling module xil_defaultlib.dffe_ref_462
Compiling module xil_defaultlib.dffe_ref_463
Compiling module xil_defaultlib.dffe_ref_464
Compiling module xil_defaultlib.dffe_ref_465
Compiling module xil_defaultlib.dffe_ref_466
Compiling module xil_defaultlib.dffe_ref_467
Compiling module xil_defaultlib.dffe_ref_468
Compiling module xil_defaultlib.dffe_ref_469
Compiling module xil_defaultlib.dffe_ref_470
Compiling module xil_defaultlib.dffe_ref_471
Compiling module xil_defaultlib.dffe_ref_472
Compiling module xil_defaultlib.dffe_ref_473
Compiling module xil_defaultlib.dffe_ref_474
Compiling module xil_defaultlib.dffe_ref_475
Compiling module xil_defaultlib.dffe_ref_476
Compiling module xil_defaultlib.register_16
Compiling module xil_defaultlib.dffe_ref_413
Compiling module xil_defaultlib.dffe_ref_414
Compiling module xil_defaultlib.dffe_ref_415
Compiling module xil_defaultlib.dffe_ref_416
Compiling module xil_defaultlib.dffe_ref_417
Compiling module xil_defaultlib.dffe_ref_418
Compiling module xil_defaultlib.dffe_ref_419
Compiling module xil_defaultlib.dffe_ref_420
Compiling module xil_defaultlib.dffe_ref_421
Compiling module xil_defaultlib.dffe_ref_422
Compiling module xil_defaultlib.dffe_ref_423
Compiling module xil_defaultlib.dffe_ref_424
Compiling module xil_defaultlib.dffe_ref_425
Compiling module xil_defaultlib.dffe_ref_426
Compiling module xil_defaultlib.dffe_ref_427
Compiling module xil_defaultlib.dffe_ref_428
Compiling module xil_defaultlib.dffe_ref_429
Compiling module xil_defaultlib.dffe_ref_430
Compiling module xil_defaultlib.dffe_ref_431
Compiling module xil_defaultlib.dffe_ref_432
Compiling module xil_defaultlib.dffe_ref_433
Compiling module xil_defaultlib.dffe_ref_434
Compiling module xil_defaultlib.dffe_ref_435
Compiling module xil_defaultlib.dffe_ref_436
Compiling module xil_defaultlib.dffe_ref_437
Compiling module xil_defaultlib.dffe_ref_438
Compiling module xil_defaultlib.dffe_ref_439
Compiling module xil_defaultlib.dffe_ref_440
Compiling module xil_defaultlib.dffe_ref_441
Compiling module xil_defaultlib.dffe_ref_442
Compiling module xil_defaultlib.dffe_ref_443
Compiling module xil_defaultlib.dffe_ref_444
Compiling module xil_defaultlib.register_17
Compiling module xil_defaultlib.dffe_ref_381
Compiling module xil_defaultlib.dffe_ref_382
Compiling module xil_defaultlib.dffe_ref_383
Compiling module xil_defaultlib.dffe_ref_384
Compiling module xil_defaultlib.dffe_ref_385
Compiling module xil_defaultlib.dffe_ref_386
Compiling module xil_defaultlib.dffe_ref_387
Compiling module xil_defaultlib.dffe_ref_388
Compiling module xil_defaultlib.dffe_ref_389
Compiling module xil_defaultlib.dffe_ref_390
Compiling module xil_defaultlib.dffe_ref_391
Compiling module xil_defaultlib.dffe_ref_392
Compiling module xil_defaultlib.dffe_ref_393
Compiling module xil_defaultlib.dffe_ref_394
Compiling module xil_defaultlib.dffe_ref_395
Compiling module xil_defaultlib.dffe_ref_396
Compiling module xil_defaultlib.dffe_ref_397
Compiling module xil_defaultlib.dffe_ref_398
Compiling module xil_defaultlib.dffe_ref_399
Compiling module xil_defaultlib.dffe_ref_400
Compiling module xil_defaultlib.dffe_ref_401
Compiling module xil_defaultlib.dffe_ref_402
Compiling module xil_defaultlib.dffe_ref_403
Compiling module xil_defaultlib.dffe_ref_404
Compiling module xil_defaultlib.dffe_ref_405
Compiling module xil_defaultlib.dffe_ref_406
Compiling module xil_defaultlib.dffe_ref_407
Compiling module xil_defaultlib.dffe_ref_408
Compiling module xil_defaultlib.dffe_ref_409
Compiling module xil_defaultlib.dffe_ref_410
Compiling module xil_defaultlib.dffe_ref_411
Compiling module xil_defaultlib.dffe_ref_412
Compiling module xil_defaultlib.register_18
Compiling module xil_defaultlib.dffe_ref_349
Compiling module xil_defaultlib.dffe_ref_350
Compiling module xil_defaultlib.dffe_ref_351
Compiling module xil_defaultlib.dffe_ref_352
Compiling module xil_defaultlib.dffe_ref_353
Compiling module xil_defaultlib.dffe_ref_354
Compiling module xil_defaultlib.dffe_ref_355
Compiling module xil_defaultlib.dffe_ref_356
Compiling module xil_defaultlib.dffe_ref_357
Compiling module xil_defaultlib.dffe_ref_358
Compiling module xil_defaultlib.dffe_ref_359
Compiling module xil_defaultlib.dffe_ref_360
Compiling module xil_defaultlib.dffe_ref_361
Compiling module xil_defaultlib.dffe_ref_362
Compiling module xil_defaultlib.dffe_ref_363
Compiling module xil_defaultlib.dffe_ref_364
Compiling module xil_defaultlib.dffe_ref_365
Compiling module xil_defaultlib.dffe_ref_366
Compiling module xil_defaultlib.dffe_ref_367
Compiling module xil_defaultlib.dffe_ref_368
Compiling module xil_defaultlib.dffe_ref_369
Compiling module xil_defaultlib.dffe_ref_370
Compiling module xil_defaultlib.dffe_ref_371
Compiling module xil_defaultlib.dffe_ref_372
Compiling module xil_defaultlib.dffe_ref_373
Compiling module xil_defaultlib.dffe_ref_374
Compiling module xil_defaultlib.dffe_ref_375
Compiling module xil_defaultlib.dffe_ref_376
Compiling module xil_defaultlib.dffe_ref_377
Compiling module xil_defaultlib.dffe_ref_378
Compiling module xil_defaultlib.dffe_ref_379
Compiling module xil_defaultlib.dffe_ref_380
Compiling module xil_defaultlib.register_19
Compiling module xil_defaultlib.dffe_ref_317
Compiling module xil_defaultlib.dffe_ref_318
Compiling module xil_defaultlib.dffe_ref_319
Compiling module xil_defaultlib.dffe_ref_320
Compiling module xil_defaultlib.dffe_ref_321
Compiling module xil_defaultlib.dffe_ref_322
Compiling module xil_defaultlib.dffe_ref_323
Compiling module xil_defaultlib.dffe_ref_324
Compiling module xil_defaultlib.dffe_ref_325
Compiling module xil_defaultlib.dffe_ref_326
Compiling module xil_defaultlib.dffe_ref_327
Compiling module xil_defaultlib.dffe_ref_328
Compiling module xil_defaultlib.dffe_ref_329
Compiling module xil_defaultlib.dffe_ref_330
Compiling module xil_defaultlib.dffe_ref_331
Compiling module xil_defaultlib.dffe_ref_332
Compiling module xil_defaultlib.dffe_ref_333
Compiling module xil_defaultlib.dffe_ref_334
Compiling module xil_defaultlib.dffe_ref_335
Compiling module xil_defaultlib.dffe_ref_336
Compiling module xil_defaultlib.dffe_ref_337
Compiling module xil_defaultlib.dffe_ref_338
Compiling module xil_defaultlib.dffe_ref_339
Compiling module xil_defaultlib.dffe_ref_340
Compiling module xil_defaultlib.dffe_ref_341
Compiling module xil_defaultlib.dffe_ref_342
Compiling module xil_defaultlib.dffe_ref_343
Compiling module xil_defaultlib.dffe_ref_344
Compiling module xil_defaultlib.dffe_ref_345
Compiling module xil_defaultlib.dffe_ref_346
Compiling module xil_defaultlib.dffe_ref_347
Compiling module xil_defaultlib.dffe_ref_348
Compiling module xil_defaultlib.register_20
Compiling module xil_defaultlib.dffe_ref_285
Compiling module xil_defaultlib.dffe_ref_286
Compiling module xil_defaultlib.dffe_ref_287
Compiling module xil_defaultlib.dffe_ref_288
Compiling module xil_defaultlib.dffe_ref_289
Compiling module xil_defaultlib.dffe_ref_290
Compiling module xil_defaultlib.dffe_ref_291
Compiling module xil_defaultlib.dffe_ref_292
Compiling module xil_defaultlib.dffe_ref_293
Compiling module xil_defaultlib.dffe_ref_294
Compiling module xil_defaultlib.dffe_ref_295
Compiling module xil_defaultlib.dffe_ref_296
Compiling module xil_defaultlib.dffe_ref_297
Compiling module xil_defaultlib.dffe_ref_298
Compiling module xil_defaultlib.dffe_ref_299
Compiling module xil_defaultlib.dffe_ref_300
Compiling module xil_defaultlib.dffe_ref_301
Compiling module xil_defaultlib.dffe_ref_302
Compiling module xil_defaultlib.dffe_ref_303
Compiling module xil_defaultlib.dffe_ref_304
Compiling module xil_defaultlib.dffe_ref_305
Compiling module xil_defaultlib.dffe_ref_306
Compiling module xil_defaultlib.dffe_ref_307
Compiling module xil_defaultlib.dffe_ref_308
Compiling module xil_defaultlib.dffe_ref_309
Compiling module xil_defaultlib.dffe_ref_310
Compiling module xil_defaultlib.dffe_ref_311
Compiling module xil_defaultlib.dffe_ref_312
Compiling module xil_defaultlib.dffe_ref_313
Compiling module xil_defaultlib.dffe_ref_314
Compiling module xil_defaultlib.dffe_ref_315
Compiling module xil_defaultlib.dffe_ref_316
Compiling module xil_defaultlib.register_21
Compiling module xil_defaultlib.dffe_ref_253
Compiling module xil_defaultlib.dffe_ref_254
Compiling module xil_defaultlib.dffe_ref_255
Compiling module xil_defaultlib.dffe_ref_256
Compiling module xil_defaultlib.dffe_ref_257
Compiling module xil_defaultlib.dffe_ref_258
Compiling module xil_defaultlib.dffe_ref_259
Compiling module xil_defaultlib.dffe_ref_260
Compiling module xil_defaultlib.dffe_ref_261
Compiling module xil_defaultlib.dffe_ref_262
Compiling module xil_defaultlib.dffe_ref_263
Compiling module xil_defaultlib.dffe_ref_264
Compiling module xil_defaultlib.dffe_ref_265
Compiling module xil_defaultlib.dffe_ref_266
Compiling module xil_defaultlib.dffe_ref_267
Compiling module xil_defaultlib.dffe_ref_268
Compiling module xil_defaultlib.dffe_ref_269
Compiling module xil_defaultlib.dffe_ref_270
Compiling module xil_defaultlib.dffe_ref_271
Compiling module xil_defaultlib.dffe_ref_272
Compiling module xil_defaultlib.dffe_ref_273
Compiling module xil_defaultlib.dffe_ref_274
Compiling module xil_defaultlib.dffe_ref_275
Compiling module xil_defaultlib.dffe_ref_276
Compiling module xil_defaultlib.dffe_ref_277
Compiling module xil_defaultlib.dffe_ref_278
Compiling module xil_defaultlib.dffe_ref_279
Compiling module xil_defaultlib.dffe_ref_280
Compiling module xil_defaultlib.dffe_ref_281
Compiling module xil_defaultlib.dffe_ref_282
Compiling module xil_defaultlib.dffe_ref_283
Compiling module xil_defaultlib.dffe_ref_284
Compiling module xil_defaultlib.register_22
Compiling module xil_defaultlib.dffe_ref_221
Compiling module xil_defaultlib.dffe_ref_222
Compiling module xil_defaultlib.dffe_ref_223
Compiling module xil_defaultlib.dffe_ref_224
Compiling module xil_defaultlib.dffe_ref_225
Compiling module xil_defaultlib.dffe_ref_226
Compiling module xil_defaultlib.dffe_ref_227
Compiling module xil_defaultlib.dffe_ref_228
Compiling module xil_defaultlib.dffe_ref_229
Compiling module xil_defaultlib.dffe_ref_230
Compiling module xil_defaultlib.dffe_ref_231
Compiling module xil_defaultlib.dffe_ref_232
Compiling module xil_defaultlib.dffe_ref_233
Compiling module xil_defaultlib.dffe_ref_234
Compiling module xil_defaultlib.dffe_ref_235
Compiling module xil_defaultlib.dffe_ref_236
Compiling module xil_defaultlib.dffe_ref_237
Compiling module xil_defaultlib.dffe_ref_238
Compiling module xil_defaultlib.dffe_ref_239
Compiling module xil_defaultlib.dffe_ref_240
Compiling module xil_defaultlib.dffe_ref_241
Compiling module xil_defaultlib.dffe_ref_242
Compiling module xil_defaultlib.dffe_ref_243
Compiling module xil_defaultlib.dffe_ref_244
Compiling module xil_defaultlib.dffe_ref_245
Compiling module xil_defaultlib.dffe_ref_246
Compiling module xil_defaultlib.dffe_ref_247
Compiling module xil_defaultlib.dffe_ref_248
Compiling module xil_defaultlib.dffe_ref_249
Compiling module xil_defaultlib.dffe_ref_250
Compiling module xil_defaultlib.dffe_ref_251
Compiling module xil_defaultlib.dffe_ref_252
Compiling module xil_defaultlib.register_23
Compiling module xil_defaultlib.dffe_ref_189
Compiling module xil_defaultlib.dffe_ref_190
Compiling module xil_defaultlib.dffe_ref_191
Compiling module xil_defaultlib.dffe_ref_192
Compiling module xil_defaultlib.dffe_ref_193
Compiling module xil_defaultlib.dffe_ref_194
Compiling module xil_defaultlib.dffe_ref_195
Compiling module xil_defaultlib.dffe_ref_196
Compiling module xil_defaultlib.dffe_ref_197
Compiling module xil_defaultlib.dffe_ref_198
Compiling module xil_defaultlib.dffe_ref_199
Compiling module xil_defaultlib.dffe_ref_200
Compiling module xil_defaultlib.dffe_ref_201
Compiling module xil_defaultlib.dffe_ref_202
Compiling module xil_defaultlib.dffe_ref_203
Compiling module xil_defaultlib.dffe_ref_204
Compiling module xil_defaultlib.dffe_ref_205
Compiling module xil_defaultlib.dffe_ref_206
Compiling module xil_defaultlib.dffe_ref_207
Compiling module xil_defaultlib.dffe_ref_208
Compiling module xil_defaultlib.dffe_ref_209
Compiling module xil_defaultlib.dffe_ref_210
Compiling module xil_defaultlib.dffe_ref_211
Compiling module xil_defaultlib.dffe_ref_212
Compiling module xil_defaultlib.dffe_ref_213
Compiling module xil_defaultlib.dffe_ref_214
Compiling module xil_defaultlib.dffe_ref_215
Compiling module xil_defaultlib.dffe_ref_216
Compiling module xil_defaultlib.dffe_ref_217
Compiling module xil_defaultlib.dffe_ref_218
Compiling module xil_defaultlib.dffe_ref_219
Compiling module xil_defaultlib.dffe_ref_220
Compiling module xil_defaultlib.register_24
Compiling module xil_defaultlib.dffe_ref_157
Compiling module xil_defaultlib.dffe_ref_158
Compiling module xil_defaultlib.dffe_ref_159
Compiling module xil_defaultlib.dffe_ref_160
Compiling module xil_defaultlib.dffe_ref_161
Compiling module xil_defaultlib.dffe_ref_162
Compiling module xil_defaultlib.dffe_ref_163
Compiling module xil_defaultlib.dffe_ref_164
Compiling module xil_defaultlib.dffe_ref_165
Compiling module xil_defaultlib.dffe_ref_166
Compiling module xil_defaultlib.dffe_ref_167
Compiling module xil_defaultlib.dffe_ref_168
Compiling module xil_defaultlib.dffe_ref_169
Compiling module xil_defaultlib.dffe_ref_170
Compiling module xil_defaultlib.dffe_ref_171
Compiling module xil_defaultlib.dffe_ref_172
Compiling module xil_defaultlib.dffe_ref_173
Compiling module xil_defaultlib.dffe_ref_174
Compiling module xil_defaultlib.dffe_ref_175
Compiling module xil_defaultlib.dffe_ref_176
Compiling module xil_defaultlib.dffe_ref_177
Compiling module xil_defaultlib.dffe_ref_178
Compiling module xil_defaultlib.dffe_ref_179
Compiling module xil_defaultlib.dffe_ref_180
Compiling module xil_defaultlib.dffe_ref_181
Compiling module xil_defaultlib.dffe_ref_182
Compiling module xil_defaultlib.dffe_ref_183
Compiling module xil_defaultlib.dffe_ref_184
Compiling module xil_defaultlib.dffe_ref_185
Compiling module xil_defaultlib.dffe_ref_186
Compiling module xil_defaultlib.dffe_ref_187
Compiling module xil_defaultlib.dffe_ref_188
Compiling module xil_defaultlib.register_25
Compiling module xil_defaultlib.dffe_ref_125
Compiling module xil_defaultlib.dffe_ref_126
Compiling module xil_defaultlib.dffe_ref_127
Compiling module xil_defaultlib.dffe_ref_128
Compiling module xil_defaultlib.dffe_ref_129
Compiling module xil_defaultlib.dffe_ref_130
Compiling module xil_defaultlib.dffe_ref_131
Compiling module xil_defaultlib.dffe_ref_132
Compiling module xil_defaultlib.dffe_ref_133
Compiling module xil_defaultlib.dffe_ref_134
Compiling module xil_defaultlib.dffe_ref_135
Compiling module xil_defaultlib.dffe_ref_136
Compiling module xil_defaultlib.dffe_ref_137
Compiling module xil_defaultlib.dffe_ref_138
Compiling module xil_defaultlib.dffe_ref_139
Compiling module xil_defaultlib.dffe_ref_140
Compiling module xil_defaultlib.dffe_ref_141
Compiling module xil_defaultlib.dffe_ref_142
Compiling module xil_defaultlib.dffe_ref_143
Compiling module xil_defaultlib.dffe_ref_144
Compiling module xil_defaultlib.dffe_ref_145
Compiling module xil_defaultlib.dffe_ref_146
Compiling module xil_defaultlib.dffe_ref_147
Compiling module xil_defaultlib.dffe_ref_148
Compiling module xil_defaultlib.dffe_ref_149
Compiling module xil_defaultlib.dffe_ref_150
Compiling module xil_defaultlib.dffe_ref_151
Compiling module xil_defaultlib.dffe_ref_152
Compiling module xil_defaultlib.dffe_ref_153
Compiling module xil_defaultlib.dffe_ref_154
Compiling module xil_defaultlib.dffe_ref_155
Compiling module xil_defaultlib.dffe_ref_156
Compiling module xil_defaultlib.register_26
Compiling module xil_defaultlib.dffe_ref_93
Compiling module xil_defaultlib.dffe_ref_94
Compiling module xil_defaultlib.dffe_ref_95
Compiling module xil_defaultlib.dffe_ref_96
Compiling module xil_defaultlib.dffe_ref_97
Compiling module xil_defaultlib.dffe_ref_98
Compiling module xil_defaultlib.dffe_ref_99
Compiling module xil_defaultlib.dffe_ref_100
Compiling module xil_defaultlib.dffe_ref_101
Compiling module xil_defaultlib.dffe_ref_102
Compiling module xil_defaultlib.dffe_ref_103
Compiling module xil_defaultlib.dffe_ref_104
Compiling module xil_defaultlib.dffe_ref_105
Compiling module xil_defaultlib.dffe_ref_106
Compiling module xil_defaultlib.dffe_ref_107
Compiling module xil_defaultlib.dffe_ref_108
Compiling module xil_defaultlib.dffe_ref_109
Compiling module xil_defaultlib.dffe_ref_110
Compiling module xil_defaultlib.dffe_ref_111
Compiling module xil_defaultlib.dffe_ref_112
Compiling module xil_defaultlib.dffe_ref_113
Compiling module xil_defaultlib.dffe_ref_114
Compiling module xil_defaultlib.dffe_ref_115
Compiling module xil_defaultlib.dffe_ref_116
Compiling module xil_defaultlib.dffe_ref_117
Compiling module xil_defaultlib.dffe_ref_118
Compiling module xil_defaultlib.dffe_ref_119
Compiling module xil_defaultlib.dffe_ref_120
Compiling module xil_defaultlib.dffe_ref_121
Compiling module xil_defaultlib.dffe_ref_122
Compiling module xil_defaultlib.dffe_ref_123
Compiling module xil_defaultlib.dffe_ref_124
Compiling module xil_defaultlib.register_27
Compiling module xil_defaultlib.dffe_ref_61
Compiling module xil_defaultlib.dffe_ref_62
Compiling module xil_defaultlib.dffe_ref_63
Compiling module xil_defaultlib.dffe_ref_64
Compiling module xil_defaultlib.dffe_ref_65
Compiling module xil_defaultlib.dffe_ref_66
Compiling module xil_defaultlib.dffe_ref_67
Compiling module xil_defaultlib.dffe_ref_68
Compiling module xil_defaultlib.dffe_ref_69
Compiling module xil_defaultlib.dffe_ref_70
Compiling module xil_defaultlib.dffe_ref_71
Compiling module xil_defaultlib.dffe_ref_72
Compiling module xil_defaultlib.dffe_ref_73
Compiling module xil_defaultlib.dffe_ref_74
Compiling module xil_defaultlib.dffe_ref_75
Compiling module xil_defaultlib.dffe_ref_76
Compiling module xil_defaultlib.dffe_ref_77
Compiling module xil_defaultlib.dffe_ref_78
Compiling module xil_defaultlib.dffe_ref_79
Compiling module xil_defaultlib.dffe_ref_80
Compiling module xil_defaultlib.dffe_ref_81
Compiling module xil_defaultlib.dffe_ref_82
Compiling module xil_defaultlib.dffe_ref_83
Compiling module xil_defaultlib.dffe_ref_84
Compiling module xil_defaultlib.dffe_ref_85
Compiling module xil_defaultlib.dffe_ref_86
Compiling module xil_defaultlib.dffe_ref_87
Compiling module xil_defaultlib.dffe_ref_88
Compiling module xil_defaultlib.dffe_ref_89
Compiling module xil_defaultlib.dffe_ref_90
Compiling module xil_defaultlib.dffe_ref_91
Compiling module xil_defaultlib.dffe_ref_92
Compiling module xil_defaultlib.register_28
Compiling module xil_defaultlib.dffe_ref
Compiling module xil_defaultlib.dffe_ref_30
Compiling module xil_defaultlib.dffe_ref_31
Compiling module xil_defaultlib.dffe_ref_32
Compiling module xil_defaultlib.dffe_ref_33
Compiling module xil_defaultlib.dffe_ref_34
Compiling module xil_defaultlib.dffe_ref_35
Compiling module xil_defaultlib.dffe_ref_36
Compiling module xil_defaultlib.dffe_ref_37
Compiling module xil_defaultlib.dffe_ref_38
Compiling module xil_defaultlib.dffe_ref_39
Compiling module xil_defaultlib.dffe_ref_40
Compiling module xil_defaultlib.dffe_ref_41
Compiling module xil_defaultlib.dffe_ref_42
Compiling module xil_defaultlib.dffe_ref_43
Compiling module xil_defaultlib.dffe_ref_44
Compiling module xil_defaultlib.dffe_ref_45
Compiling module xil_defaultlib.dffe_ref_46
Compiling module xil_defaultlib.dffe_ref_47
Compiling module xil_defaultlib.dffe_ref_48
Compiling module xil_defaultlib.dffe_ref_49
Compiling module xil_defaultlib.dffe_ref_50
Compiling module xil_defaultlib.dffe_ref_51
Compiling module xil_defaultlib.dffe_ref_52
Compiling module xil_defaultlib.dffe_ref_53
Compiling module xil_defaultlib.dffe_ref_54
Compiling module xil_defaultlib.dffe_ref_55
Compiling module xil_defaultlib.dffe_ref_56
Compiling module xil_defaultlib.dffe_ref_57
Compiling module xil_defaultlib.dffe_ref_58
Compiling module xil_defaultlib.dffe_ref_59
Compiling module xil_defaultlib.dffe_ref_60
Compiling module xil_defaultlib.register_29
Compiling module xil_defaultlib.regfile
Compiling module simprims_ver.BUFG
Compiling module simprims_ver.OBUFT
Compiling module xil_defaultlib.IOBUF_UNIQ_BASE_
Compiling module xil_defaultlib.IOBUF_HD1
Compiling module xil_defaultlib.Wrapper
Compiling module xil_defaultlib.glbl
Built simulation snapshot Wrapper_time_impl
